

===== launch 15:56:25 =====
=== single_seed_mc_d8  device=cuda  hidden=256  done=0/30 ===
  hparams={'off_policy_frac': 0.3086042679879961, 'lr': 0.0001747048214326877, 'use_grad_decay': False, 'n_steps': 37, 'mc_samples': 2, 'k': 0.03933067365267692, 'smc_type': 'kt_r', 'random_t': False}
Seed set to 0
GPU available: True (cuda), used: True
TPU available: False, using: 0 TPU cores
рҹ’Ў Tip: For seamless cloud logging and experiment tracking, try installing [litlogger](https://pypi.org/project/litlogger/) to enable LitLogger, which logs metrics and artifacts automatically to the Lightning Experiments platform.
You are using a CUDA device ('NVIDIA GeForce RTX 3090 Ti') that has Tensor Cores. To properly utilize them, you should set `torch.set_float32_matmul_precision('medium' | 'high')` which will trade-off precision for performance. For more details, read https://pytorch.org/docs/stable/generated/torch.set_float32_matmul_precision.html#torch.set_float32_matmul_precision
LOCAL_RANK: 0 - CUDA_VISIBLE_DEVICES: [0]
в”Ҹв”Ғв”Ғв”Ғв”ів”Ғв”Ғв”Ғв”Ғв”Ғв”Ғв”Ғв”Ғв”Ғв”Ғв”Ғв”Ғв”Ғв”Ғв”ів”Ғв”Ғв”Ғв”Ғв”Ғв”Ғв”Ғв”Ғв”Ғв”Ғв”Ғв”Ғв”Ғв”Ғв”ів”Ғв”Ғв”Ғв”Ғв”Ғв”Ғв”Ғв”Ғв”ів”Ғв”Ғв”Ғв”Ғв”Ғв”Ғв”Ғв”ів”Ғв”Ғв”Ғв”Ғв”Ғв”Ғв”Ғв”“
в”ғ   в”ғ Name         в”ғ Type         в”ғ Params в”ғ Mode  в”ғ FLOPs в”ғ
в”Ўв”Ғв”Ғв”Ғв•Үв”Ғв”Ғв”Ғв”Ғв”Ғв”Ғв”Ғв”Ғв”Ғв”Ғв”Ғв”Ғв”Ғв”Ғв•Үв”Ғв”Ғв”Ғв”Ғв”Ғв”Ғв”Ғв”Ғв”Ғв”Ғв”Ғв”Ғв”Ғв”Ғв•Үв”Ғв”Ғв”Ғв”Ғв”Ғв”Ғв”Ғв”Ғв•Үв”Ғв”Ғв”Ғв”Ғв”Ғв”Ғв”Ғв•Үв”Ғв”Ғв”Ғв”Ғв”Ғв”Ғв”Ғв”©
в”Ӯ 0 в”Ӯ value_module в”Ӯ ValueNetwork в”Ӯ  2.9 M в”Ӯ train в”Ӯ     0 в”Ӯ
в””в”Җв”Җв”Җв”ҙв”Җв”Җв”Җв”Җв”Җв”Җв”Җв”Җв”Җв”Җв”Җв”Җв”Җв”Җв”ҙв”Җв”Җв”Җв”Җв”Җв”Җв”Җв”Җв”Җв”Җв”Җв”Җв”Җв”Җв”ҙв”Җв”Җв”Җв”Җв”Җв”Җв”Җв”Җв”ҙв”Җв”Җв”Җв”Җв”Җв”Җв”Җв”ҙв”Җв”Җв”Җв”Җв”Җв”Җв”Җв”ҳ
Trainable params: 2.9 M                                                         
Non-trainable params: 0                                                         
Total params: 2.9 M                                                             
Total estimated model params size (MB): 11.577                                  
Modules in train mode: 45                                                       
Modules in eval mode: 0                                                         
Total FLOPs: 0                                                                  
/home/dlibland/dev/diffusion_rl/.venv/lib/python3.12/site-packages/lightning/pytorch/utilities/_pytree.py:21: `isinstance(treespec, LeafSpec)` is deprecated, use `isinstance(treespec, TreeSpec) and treespec.is_leaf()` instead.
/home/dlibland/dev/diffusion_rl/.venv/lib/python3.12/site-packages/lightning/pytorch/trainer/connectors/data_connector.py:434: The 'train_dataloader' does not have many workers which may be a bottleneck. Consider increasing the value of the `num_workers` argument` to `num_workers=31` in the `DataLoader` to improve performance.
/home/dlibland/dev/diffusion_rl/.venv/lib/python3.12/site-packages/lightning/pytorch/trainer/connectors/data_connector.py:434: The 'val_dataloader' does not have many workers which may be a bottleneck. Consider increasing the value of the `num_workers` argument` to `num_workers=31` in the `DataLoader` to improve performance.
`Trainer.fit` stopped: `max_steps=15000` reached.
  seed  0: plateau=-6.521 regret=-3.101  (187s)
Seed set to 1
GPU available: True (cuda), used: True
TPU available: False, using: 0 TPU cores
рҹ’Ў Tip: For seamless cloud logging and experiment tracking, try installing [litlogger](https://pypi.org/project/litlogger/) to enable LitLogger, which logs metrics and artifacts automatically to the Lightning Experiments platform.
LOCAL_RANK: 0 - CUDA_VISIBLE_DEVICES: [0]
в”Ҹв”Ғв”Ғв”Ғв”ів”Ғв”Ғв”Ғв”Ғв”Ғв”Ғв”Ғв”Ғв”Ғв”Ғв”Ғв”Ғв”Ғв”Ғв”ів”Ғв”Ғв”Ғв”Ғв”Ғв”Ғв”Ғв”Ғв”Ғв”Ғв”Ғв”Ғв”Ғв”Ғв”ів”Ғв”Ғв”Ғв”Ғв”Ғв”Ғв”Ғв”Ғв”ів”Ғв”Ғв”Ғв”Ғв”Ғв”Ғв”Ғв”ів”Ғв”Ғв”Ғв”Ғв”Ғв”Ғв”Ғв”“
в”ғ   в”ғ Name         в”ғ Type         в”ғ Params в”ғ Mode  в”ғ FLOPs в”ғ
в”Ўв”Ғв”Ғв”Ғв•Үв”Ғв”Ғв”Ғв”Ғв”Ғв”Ғв”Ғв”Ғв”Ғв”Ғв”Ғв”Ғв”Ғв”Ғв•Үв”Ғв”Ғв”Ғв”Ғв”Ғв”Ғв”Ғв”Ғв”Ғв”Ғв”Ғв”Ғв”Ғв”Ғв•Үв”Ғв”Ғв”Ғв”Ғв”Ғв”Ғв”Ғв”Ғв•Үв”Ғв”Ғв”Ғв”Ғв”Ғв”Ғв”Ғв•Үв”Ғв”Ғв”Ғв”Ғв”Ғв”Ғв”Ғв”©
в”Ӯ 0 в”Ӯ value_module в”Ӯ ValueNetwork в”Ӯ  2.9 M в”Ӯ train в”Ӯ     0 в”Ӯ
в””в”Җв”Җв”Җв”ҙв”Җв”Җв”Җв”Җв”Җв”Җв”Җв”Җв”Җв”Җв”Җв”Җв”Җв”Җв”ҙв”Җв”Җв”Җв”Җв”Җв”Җв”Җв”Җв”Җв”Җв”Җв”Җв”Җв”Җв”ҙв”Җв”Җв”Җв”Җв”Җв”Җв”Җв”Җв”ҙв”Җв”Җв”Җв”Җв”Җв”Җв”Җв”ҙв”Җв”Җв”Җв”Җв”Җв”Җв”Җв”ҳ
Trainable params: 2.9 M                                                         
Non-trainable params: 0                                                         
Total params: 2.9 M                                                             
Total estimated model params size (MB): 11.577                                  
Modules in train mode: 45                                                       
Modules in eval mode: 0                                                         
Total FLOPs: 0                                                                  
`Trainer.fit` stopped: `max_steps=15000` reached.
  seed  1: plateau=-6.870 regret=-3.044  (197s)
Seed set to 2
GPU available: True (cuda), used: True
TPU available: False, using: 0 TPU cores
рҹ’Ў Tip: For seamless cloud logging and experiment tracking, try installing [litlogger](https://pypi.org/project/litlogger/) to enable LitLogger, which logs metrics and artifacts automatically to the Lightning Experiments platform.
LOCAL_RANK: 0 - CUDA_VISIBLE_DEVICES: [0]
в”Ҹв”Ғв”Ғв”Ғв”ів”Ғв”Ғв”Ғв”Ғв”Ғв”Ғв”Ғв”Ғв”Ғв”Ғв”Ғв”Ғв”Ғв”Ғв”ів”Ғв”Ғв”Ғв”Ғв”Ғв”Ғв”Ғв”Ғв”Ғв”Ғв”Ғв”Ғв”Ғв”Ғв”ів”Ғв”Ғв”Ғв”Ғв”Ғв”Ғв”Ғв”Ғв”ів”Ғв”Ғв”Ғв”Ғв”Ғв”Ғв”Ғв”ів”Ғв”Ғв”Ғв”Ғв”Ғв”Ғв”Ғв”“
в”ғ   в”ғ Name         в”ғ Type         в”ғ Params в”ғ Mode  в”ғ FLOPs в”ғ
в”Ўв”Ғв”Ғв”Ғв•Үв”Ғв”Ғв”Ғв”Ғв”Ғв”Ғв”Ғв”Ғв”Ғв”Ғв”Ғв”Ғв”Ғв”Ғв•Үв”Ғв”Ғв”Ғв”Ғв”Ғв”Ғв”Ғв”Ғв”Ғв”Ғв”Ғв”Ғв”Ғв”Ғв•Үв”Ғв”Ғв”Ғв”Ғв”Ғв”Ғв”Ғв”Ғв•Үв”Ғв”Ғв”Ғв”Ғв”Ғв”Ғв”Ғв•Үв”Ғв”Ғв”Ғв”Ғв”Ғв”Ғв”Ғв”©
в”Ӯ 0 в”Ӯ value_module в”Ӯ ValueNetwork в”Ӯ  2.9 M в”Ӯ train в”Ӯ     0 в”Ӯ
в””в”Җв”Җв”Җв”ҙв”Җв”Җв”Җв”Җв”Җв”Җв”Җв”Җв”Җв”Җв”Җв”Җв”Җв”Җв”ҙв”Җв”Җв”Җв”Җв”Җв”Җв”Җв”Җв”Җв”Җв”Җв”Җв”Җв”Җв”ҙв”Җв”Җв”Җв”Җв”Җв”Җв”Җв”Җв”ҙв”Җв”Җв”Җв”Җв”Җв”Җв”Җв”ҙв”Җв”Җв”Җв”Җв”Җв”Җв”Җв”ҳ
Trainable params: 2.9 M                                                         
Non-trainable params: 0                                                         
Total params: 2.9 M                                                             
Total estimated model params size (MB): 11.577                                  
Modules in train mode: 45                                                       
Modules in eval mode: 0                                                         
Total FLOPs: 0                                                                  
`Trainer.fit` stopped: `max_steps=15000` reached.
  seed  2: plateau=-7.844 regret=-3.966  (198s)
Seed set to 3
GPU available: True (cuda), used: True
TPU available: False, using: 0 TPU cores
рҹ’Ў Tip: For seamless cloud logging and experiment tracking, try installing [litlogger](https://pypi.org/project/litlogger/) to enable LitLogger, which logs metrics and artifacts automatically to the Lightning Experiments platform.
LOCAL_RANK: 0 - CUDA_VISIBLE_DEVICES: [0]
в”Ҹв”Ғв”Ғв”Ғв”ів”Ғв”Ғв”Ғв”Ғв”Ғв”Ғв”Ғв”Ғв”Ғв”Ғв”Ғв”Ғв”Ғв”Ғв”ів”Ғв”Ғв”Ғв”Ғв”Ғв”Ғв”Ғв”Ғв”Ғв”Ғв”Ғв”Ғв”Ғв”Ғв”ів”Ғв”Ғв”Ғв”Ғв”Ғв”Ғв”Ғв”Ғв”ів”Ғв”Ғв”Ғв”Ғв”Ғв”Ғв”Ғв”ів”Ғв”Ғв”Ғв”Ғв”Ғв”Ғв”Ғв”“
в”ғ   в”ғ Name         в”ғ Type         в”ғ Params в”ғ Mode  в”ғ FLOPs в”ғ
в”Ўв”Ғв”Ғв”Ғв•Үв”Ғв”Ғв”Ғв”Ғв”Ғв”Ғв”Ғв”Ғв”Ғв”Ғв”Ғв”Ғв”Ғв”Ғв•Үв”Ғв”Ғв”Ғв”Ғв”Ғв”Ғв”Ғв”Ғв”Ғв”Ғв”Ғв”Ғв”Ғв”Ғв•Үв”Ғв”Ғв”Ғв”Ғв”Ғв”Ғв”Ғв”Ғв•Үв”Ғв”Ғв”Ғв”Ғв”Ғв”Ғв”Ғв•Үв”Ғв”Ғв”Ғв”Ғв”Ғв”Ғв”Ғв”©
в”Ӯ 0 в”Ӯ value_module в”Ӯ ValueNetwork в”Ӯ  2.9 M в”Ӯ train в”Ӯ     0 в”Ӯ
в””в”Җв”Җв”Җв”ҙв”Җв”Җв”Җв”Җв”Җв”Җв”Җв”Җв”Җв”Җв”Җв”Җв”Җв”Җв”ҙв”Җв”Җв”Җв”Җв”Җв”Җв”Җв”Җв”Җв”Җв”Җв”Җв”Җв”Җв”ҙв”Җв”Җв”Җв”Җв”Җв”Җв”Җв”Җв”ҙв”Җв”Җв”Җв”Җв”Җв”Җв”Җв”ҙв”Җв”Җв”Җв”Җв”Җв”Җв”Җв”ҳ
Trainable params: 2.9 M                                                         
Non-trainable params: 0                                                         
Total params: 2.9 M                                                             
Total estimated model params size (MB): 11.577                                  
Modules in train mode: 45                                                       
Modules in eval mode: 0                                                         
Total FLOPs: 0                                                                  
`Trainer.fit` stopped: `max_steps=15000` reached.
  seed  3: plateau=-6.713 regret=-2.937  (198s)
Seed set to 4
GPU available: True (cuda), used: True
TPU available: False, using: 0 TPU cores
рҹ’Ў Tip: For seamless cloud logging and experiment tracking, try installing [litlogger](https://pypi.org/project/litlogger/) to enable LitLogger, which logs metrics and artifacts automatically to the Lightning Experiments platform.
LOCAL_RANK: 0 - CUDA_VISIBLE_DEVICES: [0]
в”Ҹв”Ғв”Ғв”Ғв”ів”Ғв”Ғв”Ғв”Ғв”Ғв”Ғв”Ғв”Ғв”Ғв”Ғв”Ғв”Ғв”Ғв”Ғв”ів”Ғв”Ғв”Ғв”Ғв”Ғв”Ғв”Ғв”Ғв”Ғв”Ғв”Ғв”Ғв”Ғв”Ғв”ів”Ғв”Ғв”Ғв”Ғв”Ғв”Ғв”Ғв”Ғв”ів”Ғв”Ғв”Ғв”Ғв”Ғв”Ғв”Ғв”ів”Ғв”Ғв”Ғв”Ғв”Ғв”Ғв”Ғв”“
в”ғ   в”ғ Name         в”ғ Type         в”ғ Params в”ғ Mode  в”ғ FLOPs в”ғ
в”Ўв”Ғв”Ғв”Ғв•Үв”Ғв”Ғв”Ғв”Ғв”Ғв”Ғв”Ғв”Ғв”Ғв”Ғв”Ғв”Ғв”Ғв”Ғв•Үв”Ғв”Ғв”Ғв”Ғв”Ғв”Ғв”Ғв”Ғв”Ғв”Ғв”Ғв”Ғв”Ғв”Ғв•Үв”Ғв”Ғв”Ғв”Ғв”Ғв”Ғв”Ғв”Ғв•Үв”Ғв”Ғв”Ғв”Ғв”Ғв”Ғв”Ғв•Үв”Ғв”Ғв”Ғв”Ғв”Ғв”Ғв”Ғв”©
в”Ӯ 0 в”Ӯ value_module в”Ӯ ValueNetwork в”Ӯ  2.9 M в”Ӯ train в”Ӯ     0 в”Ӯ
в””в”Җв”Җв”Җв”ҙв”Җв”Җв”Җв”Җв”Җв”Җв”Җв”Җв”Җв”Җв”Җв”Җв”Җв”Җв”ҙв”Җв”Җв”Җв”Җв”Җв”Җв”Җв”Җв”Җв”Җв”Җв”Җв”Җв”Җв”ҙв”Җв”Җв”Җв”Җв”Җв”Җв”Җв”Җв”ҙв”Җв”Җв”Җв”Җв”Җв”Җв”Җв”ҙв”Җв”Җв”Җв”Җв”Җв”Җв”Җв”ҳ
Trainable params: 2.9 M                                                         
Non-trainable params: 0                                                         
Total params: 2.9 M                                                             
Total estimated model params size (MB): 11.577                                  
Modules in train mode: 45                                                       
Modules in eval mode: 0                                                         
Total FLOPs: 0                                                                  
`Trainer.fit` stopped: `max_steps=15000` reached.
  seed  4: plateau=-8.213 regret=-4.823  (198s)
Seed set to 5
GPU available: True (cuda), used: True
TPU available: False, using: 0 TPU cores
рҹ’Ў Tip: For seamless cloud logging and experiment tracking, try installing [litlogger](https://pypi.org/project/litlogger/) to enable LitLogger, which logs metrics and artifacts automatically to the Lightning Experiments platform.
LOCAL_RANK: 0 - CUDA_VISIBLE_DEVICES: [0]
в”Ҹв”Ғв”Ғв”Ғв”ів”Ғв”Ғв”Ғв”Ғв”Ғв”Ғв”Ғв”Ғв”Ғв”Ғв”Ғв”Ғв”Ғв”Ғв”ів”Ғв”Ғв”Ғв”Ғв”Ғв”Ғв”Ғв”Ғв”Ғв”Ғв”Ғв”Ғв”Ғв”Ғв”ів”Ғв”Ғв”Ғв”Ғв”Ғв”Ғв”Ғв”Ғв”ів”Ғв”Ғв”Ғв”Ғв”Ғв”Ғв”Ғв”ів”Ғв”Ғв”Ғв”Ғв”Ғв”Ғв”Ғв”“
в”ғ   в”ғ Name         в”ғ Type         в”ғ Params в”ғ Mode  в”ғ FLOPs в”ғ
в”Ўв”Ғв”Ғв”Ғв•Үв”Ғв”Ғв”Ғв”Ғв”Ғв”Ғв”Ғв”Ғв”Ғв”Ғв”Ғв”Ғв”Ғв”Ғв•Үв”Ғв”Ғв”Ғв”Ғв”Ғв”Ғв”Ғв”Ғв”Ғв”Ғв”Ғв”Ғв”Ғв”Ғв•Үв”Ғв”Ғв”Ғв”Ғв”Ғв”Ғв”Ғв”Ғв•Үв”Ғв”Ғв”Ғв”Ғв”Ғв”Ғв”Ғв•Үв”Ғв”Ғв”Ғв”Ғв”Ғв”Ғв”Ғв”©
в”Ӯ 0 в”Ӯ value_module в”Ӯ ValueNetwork в”Ӯ  2.9 M в”Ӯ train в”Ӯ     0 в”Ӯ
в””в”Җв”Җв”Җв”ҙв”Җв”Җв”Җв”Җв”Җв”Җв”Җв”Җв”Җв”Җв”Җв”Җв”Җв”Җв”ҙв”Җв”Җв”Җв”Җв”Җв”Җв”Җв”Җв”Җв”Җв”Җв”Җв”Җв”Җв”ҙв”Җв”Җв”Җв”Җв”Җв”Җв”Җв”Җв”ҙв”Җв”Җв”Җв”Җв”Җв”Җв”Җв”ҙв”Җв”Җв”Җв”Җв”Җв”Җв”Җв”ҳ
Trainable params: 2.9 M                                                         
Non-trainable params: 0                                                         
Total params: 2.9 M                                                             
Total estimated model params size (MB): 11.577                                  
Modules in train mode: 45                                                       
Modules in eval mode: 0                                                         
Total FLOPs: 0                                                                  
`Trainer.fit` stopped: `max_steps=15000` reached.
  seed  5: plateau=-7.079 regret=-3.539  (198s)
Seed set to 6
GPU available: True (cuda), used: True
TPU available: False, using: 0 TPU cores
рҹ’Ў Tip: For seamless cloud logging and experiment tracking, try installing [litlogger](https://pypi.org/project/litlogger/) to enable LitLogger, which logs metrics and artifacts automatically to the Lightning Experiments platform.
LOCAL_RANK: 0 - CUDA_VISIBLE_DEVICES: [0]
в”Ҹв”Ғв”Ғв”Ғв”ів”Ғв”Ғв”Ғв”Ғв”Ғв”Ғв”Ғв”Ғв”Ғв”Ғв”Ғв”Ғв”Ғв”Ғв”ів”Ғв”Ғв”Ғв”Ғв”Ғв”Ғв”Ғв”Ғв”Ғв”Ғв”Ғв”Ғв”Ғв”Ғв”ів”Ғв”Ғв”Ғв”Ғв”Ғв”Ғв”Ғв”Ғв”ів”Ғв”Ғв”Ғв”Ғв”Ғв”Ғв”Ғв”ів”Ғв”Ғв”Ғв”Ғв”Ғв”Ғв”Ғв”“
в”ғ   в”ғ Name         в”ғ Type         в”ғ Params в”ғ Mode  в”ғ FLOPs в”ғ
в”Ўв”Ғв”Ғв”Ғв•Үв”Ғв”Ғв”Ғв”Ғв”Ғв”Ғв”Ғв”Ғв”Ғв”Ғв”Ғв”Ғв”Ғв”Ғв•Үв”Ғв”Ғв”Ғв”Ғв”Ғв”Ғв”Ғв”Ғв”Ғв”Ғв”Ғв”Ғв”Ғв”Ғв•Үв”Ғв”Ғв”Ғв”Ғв”Ғв”Ғв”Ғв”Ғв•Үв”Ғв”Ғв”Ғв”Ғв”Ғв”Ғв”Ғв•Үв”Ғв”Ғв”Ғв”Ғв”Ғв”Ғв”Ғв”©
в”Ӯ 0 в”Ӯ value_module в”Ӯ ValueNetwork в”Ӯ  2.9 M в”Ӯ train в”Ӯ     0 в”Ӯ
в””в”Җв”Җв”Җв”ҙв”Җв”Җв”Җв”Җв”Җв”Җв”Җв”Җв”Җв”Җв”Җв”Җв”Җв”Җв”ҙв”Җв”Җв”Җв”Җв”Җв”Җв”Җв”Җв”Җв”Җв”Җв”Җв”Җв”Җв”ҙв”Җв”Җв”Җв”Җв”Җв”Җв”Җв”Җв”ҙв”Җв”Җв”Җв”Җв”Җв”Җв”Җв”ҙв”Җв”Җв”Җв”Җв”Җв”Җв”Җв”ҳ
Trainable params: 2.9 M                                                         
Non-trainable params: 0                                                         
Total params: 2.9 M                                                             
Total estimated model params size (MB): 11.577                                  
Modules in train mode: 45                                                       
Modules in eval mode: 0                                                         
Total FLOPs: 0                                                                  
`Trainer.fit` stopped: `max_steps=15000` reached.
  seed  6: plateau=-7.537 regret=-3.557  (198s)
Seed set to 7
GPU available: True (cuda), used: True
TPU available: False, using: 0 TPU cores
рҹ’Ў Tip: For seamless cloud logging and experiment tracking, try installing [litlogger](https://pypi.org/project/litlogger/) to enable LitLogger, which logs metrics and artifacts automatically to the Lightning Experiments platform.
LOCAL_RANK: 0 - CUDA_VISIBLE_DEVICES: [0]
в”Ҹв”Ғв”Ғв”Ғв”ів”Ғв”Ғв”Ғв”Ғв”Ғв”Ғв”Ғв”Ғв”Ғв”Ғв”Ғв”Ғв”Ғв”Ғв”ів”Ғв”Ғв”Ғв”Ғв”Ғв”Ғв”Ғв”Ғв”Ғв”Ғв”Ғв”Ғв”Ғв”Ғв”ів”Ғв”Ғв”Ғв”Ғв”Ғв”Ғв”Ғв”Ғв”ів”Ғв”Ғв”Ғв”Ғв”Ғв”Ғв”Ғв”ів”Ғв”Ғв”Ғв”Ғв”Ғв”Ғв”Ғв”“
в”ғ   в”ғ Name         в”ғ Type         в”ғ Params в”ғ Mode  в”ғ FLOPs в”ғ
в”Ўв”Ғв”Ғв”Ғв•Үв”Ғв”Ғв”Ғв”Ғв”Ғв”Ғв”Ғв”Ғв”Ғв”Ғв”Ғв”Ғв”Ғв”Ғв•Үв”Ғв”Ғв”Ғв”Ғв”Ғв”Ғв”Ғв”Ғв”Ғв”Ғв”Ғв”Ғв”Ғв”Ғв•Үв”Ғв”Ғв”Ғв”Ғв”Ғв”Ғв”Ғв”Ғв•Үв”Ғв”Ғв”Ғв”Ғв”Ғв”Ғв”Ғв•Үв”Ғв”Ғв”Ғв”Ғв”Ғв”Ғв”Ғв”©
в”Ӯ 0 в”Ӯ value_module в”Ӯ ValueNetwork в”Ӯ  2.9 M в”Ӯ train в”Ӯ     0 в”Ӯ
в””в”Җв”Җв”Җв”ҙв”Җв”Җв”Җв”Җв”Җв”Җв”Җв”Җв”Җв”Җв”Җв”Җв”Җв”Җв”ҙв”Җв”Җв”Җв”Җв”Җв”Җв”Җв”Җв”Җв”Җв”Җв”Җв”Җв”Җв”ҙв”Җв”Җв”Җв”Җв”Җв”Җв”Җв”Җв”ҙв”Җв”Җв”Җв”Җв”Җв”Җв”Җв”ҙв”Җв”Җв”Җв”Җв”Җв”Җв”Җв”ҳ
Trainable params: 2.9 M                                                         
Non-trainable params: 0                                                         
Total params: 2.9 M                                                             
Total estimated model params size (MB): 11.577                                  
Modules in train mode: 45                                                       
Modules in eval mode: 0                                                         
Total FLOPs: 0                                                                  
`Trainer.fit` stopped: `max_steps=15000` reached.
  seed  7: plateau=-7.682 regret=-3.398  (198s)
Seed set to 8
GPU available: True (cuda), used: True
TPU available: False, using: 0 TPU cores
рҹ’Ў Tip: For seamless cloud logging and experiment tracking, try installing [litlogger](https://pypi.org/project/litlogger/) to enable LitLogger, which logs metrics and artifacts automatically to the Lightning Experiments platform.
LOCAL_RANK: 0 - CUDA_VISIBLE_DEVICES: [0]
в”Ҹв”Ғв”Ғв”Ғв”ів”Ғв”Ғв”Ғв”Ғв”Ғв”Ғв”Ғв”Ғв”Ғв”Ғв”Ғв”Ғв”Ғв”Ғв”ів”Ғв”Ғв”Ғв”Ғв”Ғв”Ғв”Ғв”Ғв”Ғв”Ғв”Ғв”Ғв”Ғв”Ғв”ів”Ғв”Ғв”Ғв”Ғв”Ғв”Ғв”Ғв”Ғв”ів”Ғв”Ғв”Ғв”Ғв”Ғв”Ғв”Ғв”ів”Ғв”Ғв”Ғв”Ғв”Ғв”Ғв”Ғв”“
в”ғ   в”ғ Name         в”ғ Type         в”ғ Params в”ғ Mode  в”ғ FLOPs в”ғ
в”Ўв”Ғв”Ғв”Ғв•Үв”Ғв”Ғв”Ғв”Ғв”Ғв”Ғв”Ғв”Ғв”Ғв”Ғв”Ғв”Ғв”Ғв”Ғв•Үв”Ғв”Ғв”Ғв”Ғв”Ғв”Ғв”Ғв”Ғв”Ғв”Ғв”Ғв”Ғв”Ғв”Ғв•Үв”Ғв”Ғв”Ғв”Ғв”Ғв”Ғв”Ғв”Ғв•Үв”Ғв”Ғв”Ғв”Ғв”Ғв”Ғв”Ғв•Үв”Ғв”Ғв”Ғв”Ғв”Ғв”Ғв”Ғв”©
в”Ӯ 0 в”Ӯ value_module в”Ӯ ValueNetwork в”Ӯ  2.9 M в”Ӯ train в”Ӯ     0 в”Ӯ
в””в”Җв”Җв”Җв”ҙв”Җв”Җв”Җв”Җв”Җв”Җв”Җв”Җв”Җв”Җв”Җв”Җв”Җв”Җв”ҙв”Җв”Җв”Җв”Җв”Җв”Җв”Җв”Җв”Җв”Җв”Җв”Җв”Җв”Җв”ҙв”Җв”Җв”Җв”Җв”Җв”Җв”Җв”Җв”ҙв”Җв”Җв”Җв”Җв”Җв”Җв”Җв”ҙв”Җв”Җв”Җв”Җв”Җв”Җв”Җв”ҳ
Trainable params: 2.9 M                                                         
Non-trainable params: 0                                                         
Total params: 2.9 M                                                             
Total estimated model params size (MB): 11.577                                  
Modules in train mode: 45                                                       
Modules in eval mode: 0                                                         
Total FLOPs: 0                                                                  
`Trainer.fit` stopped: `max_steps=15000` reached.
  seed  8: plateau=-6.811 regret=-3.508  (198s)
Seed set to 9
GPU available: True (cuda), used: True
TPU available: False, using: 0 TPU cores
рҹ’Ў Tip: For seamless cloud logging and experiment tracking, try installing [litlogger](https://pypi.org/project/litlogger/) to enable LitLogger, which logs metrics and artifacts automatically to the Lightning Experiments platform.
LOCAL_RANK: 0 - CUDA_VISIBLE_DEVICES: [0]
в”Ҹв”Ғв”Ғв”Ғв”ів”Ғв”Ғв”Ғв”Ғв”Ғв”Ғв”Ғв”Ғв”Ғв”Ғв”Ғв”Ғв”Ғв”Ғв”ів”Ғв”Ғв”Ғв”Ғв”Ғв”Ғв”Ғв”Ғв”Ғв”Ғв”Ғв”Ғв”Ғв”Ғв”ів”Ғв”Ғв”Ғв”Ғв”Ғв”Ғв”Ғв”Ғв”ів”Ғв”Ғв”Ғв”Ғв”Ғв”Ғв”Ғв”ів”Ғв”Ғв”Ғв”Ғв”Ғв”Ғв”Ғв”“
в”ғ   в”ғ Name         в”ғ Type         в”ғ Params в”ғ Mode  в”ғ FLOPs в”ғ
в”Ўв”Ғв”Ғв”Ғв•Үв”Ғв”Ғв”Ғв”Ғв”Ғв”Ғв”Ғв”Ғв”Ғв”Ғв”Ғв”Ғв”Ғв”Ғв•Үв”Ғв”Ғв”Ғв”Ғв”Ғв”Ғв”Ғв”Ғв”Ғв”Ғв”Ғв”Ғв”Ғв”Ғв•Үв”Ғв”Ғв”Ғв”Ғв”Ғв”Ғв”Ғв”Ғв•Үв”Ғв”Ғв”Ғв”Ғв”Ғв”Ғв”Ғв•Үв”Ғв”Ғв”Ғв”Ғв”Ғв”Ғв”Ғв”©
в”Ӯ 0 в”Ӯ value_module в”Ӯ ValueNetwork в”Ӯ  2.9 M в”Ӯ train в”Ӯ     0 в”Ӯ
в””в”Җв”Җв”Җв”ҙв”Җв”Җв”Җв”Җв”Җв”Җв”Җв”Җв”Җв”Җв”Җв”Җв”Җв”Җв”ҙв”Җв”Җв”Җв”Җв”Җв”Җв”Җв”Җв”Җв”Җв”Җв”Җв”Җв”Җв”ҙв”Җв”Җв”Җв”Җв”Җв”Җв”Җв”Җв”ҙв”Җв”Җв”Җв”Җв”Җв”Җв”Җв”ҙв”Җв”Җв”Җв”Җв”Җв”Җв”Җв”ҳ
Trainable params: 2.9 M                                                         
Non-trainable params: 0                                                         
Total params: 2.9 M                                                             
Total estimated model params size (MB): 11.577                                  
Modules in train mode: 45                                                       
Modules in eval mode: 0                                                         
Total FLOPs: 0                                                                  
`Trainer.fit` stopped: `max_steps=15000` reached.
  seed  9: plateau=-7.170 regret=-3.175  (198s)
Seed set to 10
GPU available: True (cuda), used: True
TPU available: False, using: 0 TPU cores
рҹ’Ў Tip: For seamless cloud logging and experiment tracking, try installing [litlogger](https://pypi.org/project/litlogger/) to enable LitLogger, which logs metrics and artifacts automatically to the Lightning Experiments platform.
LOCAL_RANK: 0 - CUDA_VISIBLE_DEVICES: [0]
в”Ҹв”Ғв”Ғв”Ғв”ів”Ғв”Ғв”Ғв”Ғв”Ғв”Ғв”Ғв”Ғв”Ғв”Ғв”Ғв”Ғв”Ғв”Ғв”ів”Ғв”Ғв”Ғв”Ғв”Ғв”Ғв”Ғв”Ғв”Ғв”Ғв”Ғв”Ғв”Ғв”Ғв”ів”Ғв”Ғв”Ғв”Ғв”Ғв”Ғв”Ғв”Ғв”ів”Ғв”Ғв”Ғв”Ғв”Ғв”Ғв”Ғв”ів”Ғв”Ғв”Ғв”Ғв”Ғв”Ғв”Ғв”“
в”ғ   в”ғ Name         в”ғ Type         в”ғ Params в”ғ Mode  в”ғ FLOPs в”ғ
в”Ўв”Ғв”Ғв”Ғв•Үв”Ғв”Ғв”Ғв”Ғв”Ғв”Ғв”Ғв”Ғв”Ғв”Ғв”Ғв”Ғв”Ғв”Ғв•Үв”Ғв”Ғв”Ғв”Ғв”Ғв”Ғв”Ғв”Ғв”Ғв”Ғв”Ғв”Ғв”Ғв”Ғв•Үв”Ғв”Ғв”Ғв”Ғв”Ғв”Ғв”Ғв”Ғв•Үв”Ғв”Ғв”Ғв”Ғв”Ғв”Ғв”Ғв•Үв”Ғв”Ғв”Ғв”Ғв”Ғв”Ғв”Ғв”©
в”Ӯ 0 в”Ӯ value_module в”Ӯ ValueNetwork в”Ӯ  2.9 M в”Ӯ train в”Ӯ     0 в”Ӯ
в””в”Җв”Җв”Җв”ҙв”Җв”Җв”Җв”Җв”Җв”Җв”Җв”Җв”Җв”Җв”Җв”Җв”Җв”Җв”ҙв”Җв”Җв”Җв”Җв”Җв”Җв”Җв”Җв”Җв”Җв”Җв”Җв”Җв”Җв”ҙв”Җв”Җв”Җв”Җв”Җв”Җв”Җв”Җв”ҙв”Җв”Җв”Җв”Җв”Җв”Җв”Җв”ҙв”Җв”Җв”Җв”Җв”Җв”Җв”Җв”ҳ
Trainable params: 2.9 M                                                         
Non-trainable params: 0                                                         
Total params: 2.9 M                                                             
Total estimated model params size (MB): 11.577                                  
Modules in train mode: 45                                                       
Modules in eval mode: 0                                                         
Total FLOPs: 0                                                                  
`Trainer.fit` stopped: `max_steps=15000` reached.
  seed 10: plateau=-6.765 regret=-2.451  (198s)
Seed set to 11
GPU available: True (cuda), used: True
TPU available: False, using: 0 TPU cores
рҹ’Ў Tip: For seamless cloud logging and experiment tracking, try installing [litlogger](https://pypi.org/project/litlogger/) to enable LitLogger, which logs metrics and artifacts automatically to the Lightning Experiments platform.
LOCAL_RANK: 0 - CUDA_VISIBLE_DEVICES: [0]
в”Ҹв”Ғв”Ғв”Ғв”ів”Ғв”Ғв”Ғв”Ғв”Ғв”Ғв”Ғв”Ғв”Ғв”Ғв”Ғв”Ғв”Ғв”Ғв”ів”Ғв”Ғв”Ғв”Ғв”Ғв”Ғв”Ғв”Ғв”Ғв”Ғв”Ғв”Ғв”Ғв”Ғв”ів”Ғв”Ғв”Ғв”Ғв”Ғв”Ғв”Ғв”Ғв”ів”Ғв”Ғв”Ғв”Ғв”Ғв”Ғв”Ғв”ів”Ғв”Ғв”Ғв”Ғв”Ғв”Ғв”Ғв”“
в”ғ   в”ғ Name         в”ғ Type         в”ғ Params в”ғ Mode  в”ғ FLOPs в”ғ
в”Ўв”Ғв”Ғв”Ғв•Үв”Ғв”Ғв”Ғв”Ғв”Ғв”Ғв”Ғв”Ғв”Ғв”Ғв”Ғв”Ғв”Ғв”Ғв•Үв”Ғв”Ғв”Ғв”Ғв”Ғв”Ғв”Ғв”Ғв”Ғв”Ғв”Ғв”Ғв”Ғв”Ғв•Үв”Ғв”Ғв”Ғв”Ғв”Ғв”Ғв”Ғв”Ғв•Үв”Ғв”Ғв”Ғв”Ғв”Ғв”Ғв”Ғв•Үв”Ғв”Ғв”Ғв”Ғв”Ғв”Ғв”Ғв”©
в”Ӯ 0 в”Ӯ value_module в”Ӯ ValueNetwork в”Ӯ  2.9 M в”Ӯ train в”Ӯ     0 в”Ӯ
в””в”Җв”Җв”Җв”ҙв”Җв”Җв”Җв”Җв”Җв”Җв”Җв”Җв”Җв”Җв”Җв”Җв”Җв”Җв”ҙв”Җв”Җв”Җв”Җв”Җв”Җв”Җв”Җв”Җв”Җв”Җв”Җв”Җв”Җв”ҙв”Җв”Җв”Җв”Җв”Җв”Җв”Җв”Җв”ҙв”Җв”Җв”Җв”Җв”Җв”Җв”Җв”ҙв”Җв”Җв”Җв”Җв”Җв”Җв”Җв”ҳ
Trainable params: 2.9 M                                                         
Non-trainable params: 0                                                         
Total params: 2.9 M                                                             
Total estimated model params size (MB): 11.577                                  
Modules in train mode: 45                                                       
Modules in eval mode: 0                                                         
Total FLOPs: 0                                                                  
`Trainer.fit` stopped: `max_steps=15000` reached.
  seed 11: plateau=-8.737 regret=-5.454  (198s)
Seed set to 12
GPU available: True (cuda), used: True
TPU available: False, using: 0 TPU cores
рҹ’Ў Tip: For seamless cloud logging and experiment tracking, try installing [litlogger](https://pypi.org/project/litlogger/) to enable LitLogger, which logs metrics and artifacts automatically to the Lightning Experiments platform.
LOCAL_RANK: 0 - CUDA_VISIBLE_DEVICES: [0]
в”Ҹв”Ғв”Ғв”Ғв”ів”Ғв”Ғв”Ғв”Ғв”Ғв”Ғв”Ғв”Ғв”Ғв”Ғв”Ғв”Ғв”Ғв”Ғв”ів”Ғв”Ғв”Ғв”Ғв”Ғв”Ғв”Ғв”Ғв”Ғв”Ғв”Ғв”Ғв”Ғв”Ғв”ів”Ғв”Ғв”Ғв”Ғв”Ғв”Ғв”Ғв”Ғв”ів”Ғв”Ғв”Ғв”Ғв”Ғв”Ғв”Ғв”ів”Ғв”Ғв”Ғв”Ғв”Ғв”Ғв”Ғв”“
в”ғ   в”ғ Name         в”ғ Type         в”ғ Params в”ғ Mode  в”ғ FLOPs в”ғ
в”Ўв”Ғв”Ғв”Ғв•Үв”Ғв”Ғв”Ғв”Ғв”Ғв”Ғв”Ғв”Ғв”Ғв”Ғв”Ғв”Ғв”Ғв”Ғв•Үв”Ғв”Ғв”Ғв”Ғв”Ғв”Ғв”Ғв”Ғв”Ғв”Ғв”Ғв”Ғв”Ғв”Ғв•Үв”Ғв”Ғв”Ғв”Ғв”Ғв”Ғв”Ғв”Ғв•Үв”Ғв”Ғв”Ғв”Ғв”Ғв”Ғв”Ғв•Үв”Ғв”Ғв”Ғв”Ғв”Ғв”Ғв”Ғв”©
в”Ӯ 0 в”Ӯ value_module в”Ӯ ValueNetwork в”Ӯ  2.9 M в”Ӯ train в”Ӯ     0 в”Ӯ
в””в”Җв”Җв”Җв”ҙв”Җв”Җв”Җв”Җв”Җв”Җв”Җв”Җв”Җв”Җв”Җв”Җв”Җв”Җв”ҙв”Җв”Җв”Җв”Җв”Җв”Җв”Җв”Җв”Җв”Җв”Җв”Җв”Җв”Җв”ҙв”Җв”Җв”Җв”Җв”Җв”Җв”Җв”Җв”ҙв”Җв”Җв”Җв”Җв”Җв”Җв”Җв”ҙв”Җв”Җв”Җв”Җв”Җв”Җв”Җв”ҳ
Trainable params: 2.9 M                                                         
Non-trainable params: 0                                                         
Total params: 2.9 M                                                             
Total estimated model params size (MB): 11.577                                  
Modules in train mode: 45                                                       
Modules in eval mode: 0                                                         
Total FLOPs: 0                                                                  
`Trainer.fit` stopped: `max_steps=15000` reached.
  seed 12: plateau=-7.259 regret=-3.016  (198s)
Seed set to 13
GPU available: True (cuda), used: True
TPU available: False, using: 0 TPU cores
рҹ’Ў Tip: For seamless cloud logging and experiment tracking, try installing [litlogger](https://pypi.org/project/litlogger/) to enable LitLogger, which logs metrics and artifacts automatically to the Lightning Experiments platform.
LOCAL_RANK: 0 - CUDA_VISIBLE_DEVICES: [0]
в”Ҹв”Ғв”Ғв”Ғв”ів”Ғв”Ғв”Ғв”Ғв”Ғв”Ғв”Ғв”Ғв”Ғв”Ғв”Ғв”Ғв”Ғв”Ғв”ів”Ғв”Ғв”Ғв”Ғв”Ғв”Ғв”Ғв”Ғв”Ғв”Ғв”Ғв”Ғв”Ғв”Ғв”ів”Ғв”Ғв”Ғв”Ғв”Ғв”Ғв”Ғв”Ғв”ів”Ғв”Ғв”Ғв”Ғв”Ғв”Ғв”Ғв”ів”Ғв”Ғв”Ғв”Ғв”Ғв”Ғв”Ғв”“
в”ғ   в”ғ Name         в”ғ Type         в”ғ Params в”ғ Mode  в”ғ FLOPs в”ғ
в”Ўв”Ғв”Ғв”Ғв•Үв”Ғв”Ғв”Ғв”Ғв”Ғв”Ғв”Ғв”Ғв”Ғв”Ғв”Ғв”Ғв”Ғв”Ғв•Үв”Ғв”Ғв”Ғв”Ғв”Ғв”Ғв”Ғв”Ғв”Ғв”Ғв”Ғв”Ғв”Ғв”Ғв•Үв”Ғв”Ғв”Ғв”Ғв”Ғв”Ғв”Ғв”Ғв•Үв”Ғв”Ғв”Ғв”Ғв”Ғв”Ғв”Ғв•Үв”Ғв”Ғв”Ғв”Ғв”Ғв”Ғв”Ғв”©
в”Ӯ 0 в”Ӯ value_module в”Ӯ ValueNetwork в”Ӯ  2.9 M в”Ӯ train в”Ӯ     0 в”Ӯ
в””в”Җв”Җв”Җв”ҙв”Җв”Җв”Җв”Җв”Җв”Җв”Җв”Җв”Җв”Җв”Җв”Җв”Җв”Җв”ҙв”Җв”Җв”Җв”Җв”Җв”Җв”Җв”Җв”Җв”Җв”Җв”Җв”Җв”Җв”ҙв”Җв”Җв”Җв”Җв”Җв”Җв”Җв”Җв”ҙв”Җв”Җв”Җв”Җв”Җв”Җв”Җв”ҙв”Җв”Җв”Җв”Җв”Җв”Җв”Җв”ҳ
Trainable params: 2.9 M                                                         
Non-trainable params: 0                                                         
Total params: 2.9 M                                                             
Total estimated model params size (MB): 11.577                                  
Modules in train mode: 45                                                       
Modules in eval mode: 0                                                         
Total FLOPs: 0                                                                  
`Trainer.fit` stopped: `max_steps=15000` reached.
  seed 13: plateau=-6.218 regret=-2.183  (198s)
Seed set to 14
GPU available: True (cuda), used: True
TPU available: False, using: 0 TPU cores
рҹ’Ў Tip: For seamless cloud logging and experiment tracking, try installing [litlogger](https://pypi.org/project/litlogger/) to enable LitLogger, which logs metrics and artifacts automatically to the Lightning Experiments platform.
LOCAL_RANK: 0 - CUDA_VISIBLE_DEVICES: [0]
в”Ҹв”Ғв”Ғв”Ғв”ів”Ғв”Ғв”Ғв”Ғв”Ғв”Ғв”Ғв”Ғв”Ғв”Ғв”Ғв”Ғв”Ғв”Ғв”ів”Ғв”Ғв”Ғв”Ғв”Ғв”Ғв”Ғв”Ғв”Ғв”Ғв”Ғв”Ғв”Ғв”Ғв”ів”Ғв”Ғв”Ғв”Ғв”Ғв”Ғв”Ғв”Ғв”ів”Ғв”Ғв”Ғв”Ғв”Ғв”Ғв”Ғв”ів”Ғв”Ғв”Ғв”Ғв”Ғв”Ғв”Ғв”“
в”ғ   в”ғ Name         в”ғ Type         в”ғ Params в”ғ Mode  в”ғ FLOPs в”ғ
в”Ўв”Ғв”Ғв”Ғв•Үв”Ғв”Ғв”Ғв”Ғв”Ғв”Ғв”Ғв”Ғв”Ғв”Ғв”Ғв”Ғв”Ғв”Ғв•Үв”Ғв”Ғв”Ғв”Ғв”Ғв”Ғв”Ғв”Ғв”Ғв”Ғв”Ғв”Ғв”Ғв”Ғв•Үв”Ғв”Ғв”Ғв”Ғв”Ғв”Ғв”Ғв”Ғв•Үв”Ғв”Ғв”Ғв”Ғв”Ғв”Ғв”Ғв•Үв”Ғв”Ғв”Ғв”Ғв”Ғв”Ғв”Ғв”©
в”Ӯ 0 в”Ӯ value_module в”Ӯ ValueNetwork в”Ӯ  2.9 M в”Ӯ train в”Ӯ     0 в”Ӯ
в””в”Җв”Җв”Җв”ҙв”Җв”Җв”Җв”Җв”Җв”Җв”Җв”Җв”Җв”Җв”Җв”Җв”Җв”Җв”ҙв”Җв”Җв”Җв”Җв”Җв”Җв”Җв”Җв”Җв”Җв”Җв”Җв”Җв”Җв”ҙв”Җв”Җв”Җв”Җв”Җв”Җв”Җв”Җв”ҙв”Җв”Җв”Җв”Җв”Җв”Җв”Җв”ҙв”Җв”Җв”Җв”Җв”Җв”Җв”Җв”ҳ
Trainable params: 2.9 M                                                         
Non-trainable params: 0                                                         
Total params: 2.9 M                                                             
Total estimated model params size (MB): 11.577                                  
Modules in train mode: 45                                                       
Modules in eval mode: 0                                                         
Total FLOPs: 0                                                                  
`Trainer.fit` stopped: `max_steps=15000` reached.
  seed 14: plateau=-7.796 regret=-4.503  (198s)
Seed set to 15
GPU available: True (cuda), used: True
TPU available: False, using: 0 TPU cores
рҹ’Ў Tip: For seamless cloud logging and experiment tracking, try installing [litlogger](https://pypi.org/project/litlogger/) to enable LitLogger, which logs metrics and artifacts automatically to the Lightning Experiments platform.
LOCAL_RANK: 0 - CUDA_VISIBLE_DEVICES: [0]
в”Ҹв”Ғв”Ғв”Ғв”ів”Ғв”Ғв”Ғв”Ғв”Ғв”Ғв”Ғв”Ғв”Ғв”Ғв”Ғв”Ғв”Ғв”Ғв”ів”Ғв”Ғв”Ғв”Ғв”Ғв”Ғв”Ғв”Ғв”Ғв”Ғв”Ғв”Ғв”Ғв”Ғв”ів”Ғв”Ғв”Ғв”Ғв”Ғв”Ғв”Ғв”Ғв”ів”Ғв”Ғв”Ғв”Ғв”Ғв”Ғв”Ғв”ів”Ғв”Ғв”Ғв”Ғв”Ғв”Ғв”Ғв”“
в”ғ   в”ғ Name         в”ғ Type         в”ғ Params в”ғ Mode  в”ғ FLOPs в”ғ
в”Ўв”Ғв”Ғв”Ғв•Үв”Ғв”Ғв”Ғв”Ғв”Ғв”Ғв”Ғв”Ғв”Ғв”Ғв”Ғв”Ғв”Ғв”Ғв•Үв”Ғв”Ғв”Ғв”Ғв”Ғв”Ғв”Ғв”Ғв”Ғв”Ғв”Ғв”Ғв”Ғв”Ғв•Үв”Ғв”Ғв”Ғв”Ғв”Ғв”Ғв”Ғв”Ғв•Үв”Ғв”Ғв”Ғв”Ғв”Ғв”Ғв”Ғв•Үв”Ғв”Ғв”Ғв”Ғв”Ғв”Ғв”Ғв”©
в”Ӯ 0 в”Ӯ value_module в”Ӯ ValueNetwork в”Ӯ  2.9 M в”Ӯ train в”Ӯ     0 в”Ӯ
в””в”Җв”Җв”Җв”ҙв”Җв”Җв”Җв”Җв”Җв”Җв”Җв”Җв”Җв”Җв”Җв”Җв”Җв”Җв”ҙв”Җв”Җв”Җв”Җв”Җв”Җв”Җв”Җв”Җв”Җв”Җв”Җв”Җв”Җв”ҙв”Җв”Җв”Җв”Җв”Җв”Җв”Җв”Җв”ҙв”Җв”Җв”Җв”Җв”Җв”Җв”Җв”ҙв”Җв”Җв”Җв”Җв”Җв”Җв”Җв”ҳ
Trainable params: 2.9 M                                                         
Non-trainable params: 0                                                         
Total params: 2.9 M                                                             
Total estimated model params size (MB): 11.577                                  
Modules in train mode: 45                                                       
Modules in eval mode: 0                                                         
Total FLOPs: 0                                                                  
`Trainer.fit` stopped: `max_steps=15000` reached.
  seed 15: plateau=-8.681 regret=-5.257  (198s)
Seed set to 16
GPU available: True (cuda), used: True
TPU available: False, using: 0 TPU cores
рҹ’Ў Tip: For seamless cloud logging and experiment tracking, try installing [litlogger](https://pypi.org/project/litlogger/) to enable LitLogger, which logs metrics and artifacts automatically to the Lightning Experiments platform.
LOCAL_RANK: 0 - CUDA_VISIBLE_DEVICES: [0]
в”Ҹв”Ғв”Ғв”Ғв”ів”Ғв”Ғв”Ғв”Ғв”Ғв”Ғв”Ғв”Ғв”Ғв”Ғв”Ғв”Ғв”Ғв”Ғв”ів”Ғв”Ғв”Ғв”Ғв”Ғв”Ғв”Ғв”Ғв”Ғв”Ғв”Ғв”Ғв”Ғв”Ғв”ів”Ғв”Ғв”Ғв”Ғв”Ғв”Ғв”Ғв”Ғв”ів”Ғв”Ғв”Ғв”Ғв”Ғв”Ғв”Ғв”ів”Ғв”Ғв”Ғв”Ғв”Ғв”Ғв”Ғв”“
в”ғ   в”ғ Name         в”ғ Type         в”ғ Params в”ғ Mode  в”ғ FLOPs в”ғ
в”Ўв”Ғв”Ғв”Ғв•Үв”Ғв”Ғв”Ғв”Ғв”Ғв”Ғв”Ғв”Ғв”Ғв”Ғв”Ғв”Ғв”Ғв”Ғв•Үв”Ғв”Ғв”Ғв”Ғв”Ғв”Ғв”Ғв”Ғв”Ғв”Ғв”Ғв”Ғв”Ғв”Ғв•Үв”Ғв”Ғв”Ғв”Ғв”Ғв”Ғв”Ғв”Ғв•Үв”Ғв”Ғв”Ғв”Ғв”Ғв”Ғв”Ғв•Үв”Ғв”Ғв”Ғв”Ғв”Ғв”Ғв”Ғв”©
в”Ӯ 0 в”Ӯ value_module в”Ӯ ValueNetwork в”Ӯ  2.9 M в”Ӯ train в”Ӯ     0 в”Ӯ
в””в”Җв”Җв”Җв”ҙв”Җв”Җв”Җв”Җв”Җв”Җв”Җв”Җв”Җв”Җв”Җв”Җв”Җв”Җв”ҙв”Җв”Җв”Җв”Җв”Җв”Җв”Җв”Җв”Җв”Җв”Җв”Җв”Җв”Җв”ҙв”Җв”Җв”Җв”Җв”Җв”Җв”Җв”Җв”ҙв”Җв”Җв”Җв”Җв”Җв”Җв”Җв”ҙв”Җв”Җв”Җв”Җв”Җв”Җв”Җв”ҳ
Trainable params: 2.9 M                                                         
Non-trainable params: 0                                                         
Total params: 2.9 M                                                             
Total estimated model params size (MB): 11.577                                  
Modules in train mode: 45                                                       
Modules in eval mode: 0                                                         
Total FLOPs: 0                                                                  
`Trainer.fit` stopped: `max_steps=15000` reached.
  seed 16: plateau=-7.180 regret=-2.420  (198s)
Seed set to 17
GPU available: True (cuda), used: True
TPU available: False, using: 0 TPU cores
рҹ’Ў Tip: For seamless cloud logging and experiment tracking, try installing [litlogger](https://pypi.org/project/litlogger/) to enable LitLogger, which logs metrics and artifacts automatically to the Lightning Experiments platform.
LOCAL_RANK: 0 - CUDA_VISIBLE_DEVICES: [0]
в”Ҹв”Ғв”Ғв”Ғв”ів”Ғв”Ғв”Ғв”Ғв”Ғв”Ғв”Ғв”Ғв”Ғв”Ғв”Ғв”Ғв”Ғв”Ғв”ів”Ғв”Ғв”Ғв”Ғв”Ғв”Ғв”Ғв”Ғв”Ғв”Ғв”Ғв”Ғв”Ғв”Ғв”ів”Ғв”Ғв”Ғв”Ғв”Ғв”Ғв”Ғв”Ғв”ів”Ғв”Ғв”Ғв”Ғв”Ғв”Ғв”Ғв”ів”Ғв”Ғв”Ғв”Ғв”Ғв”Ғв”Ғв”“
в”ғ   в”ғ Name         в”ғ Type         в”ғ Params в”ғ Mode  в”ғ FLOPs в”ғ
в”Ўв”Ғв”Ғв”Ғв•Үв”Ғв”Ғв”Ғв”Ғв”Ғв”Ғв”Ғв”Ғв”Ғв”Ғв”Ғв”Ғв”Ғв”Ғв•Үв”Ғв”Ғв”Ғв”Ғв”Ғв”Ғв”Ғв”Ғв”Ғв”Ғв”Ғв”Ғв”Ғв”Ғв•Үв”Ғв”Ғв”Ғв”Ғв”Ғв”Ғв”Ғв”Ғв•Үв”Ғв”Ғв”Ғв”Ғв”Ғв”Ғв”Ғв•Үв”Ғв”Ғв”Ғв”Ғв”Ғв”Ғв”Ғв”©
в”Ӯ 0 в”Ӯ value_module в”Ӯ ValueNetwork в”Ӯ  2.9 M в”Ӯ train в”Ӯ     0 в”Ӯ
в””в”Җв”Җв”Җв”ҙв”Җв”Җв”Җв”Җв”Җв”Җв”Җв”Җв”Җв”Җв”Җв”Җв”Җв”Җв”ҙв”Җв”Җв”Җв”Җв”Җв”Җв”Җв”Җв”Җв”Җв”Җв”Җв”Җв”Җв”ҙв”Җв”Җв”Җв”Җв”Җв”Җв”Җв”Җв”ҙв”Җв”Җв”Җв”Җв”Җв”Җв”Җв”ҙв”Җв”Җв”Җв”Җв”Җв”Җв”Җв”ҳ
Trainable params: 2.9 M                                                         
Non-trainable params: 0                                                         
Total params: 2.9 M                                                             
Total estimated model params size (MB): 11.577                                  
Modules in train mode: 45                                                       
Modules in eval mode: 0                                                         
Total FLOPs: 0                                                                  
`Trainer.fit` stopped: `max_steps=15000` reached.
  seed 17: plateau=-7.273 regret=-3.547  (193s)
Seed set to 18
GPU available: True (cuda), used: True
TPU available: False, using: 0 TPU cores
рҹ’Ў Tip: For seamless cloud logging and experiment tracking, try installing [litlogger](https://pypi.org/project/litlogger/) to enable LitLogger, which logs metrics and artifacts automatically to the Lightning Experiments platform.
LOCAL_RANK: 0 - CUDA_VISIBLE_DEVICES: [0]
в”Ҹв”Ғв”Ғв”Ғв”ів”Ғв”Ғв”Ғв”Ғв”Ғв”Ғв”Ғв”Ғв”Ғв”Ғв”Ғв”Ғв”Ғв”Ғв”ів”Ғв”Ғв”Ғв”Ғв”Ғв”Ғв”Ғв”Ғв”Ғв”Ғв”Ғв”Ғв”Ғв”Ғв”ів”Ғв”Ғв”Ғв”Ғв”Ғв”Ғв”Ғв”Ғв”ів”Ғв”Ғв”Ғв”Ғв”Ғв”Ғв”Ғв”ів”Ғв”Ғв”Ғв”Ғв”Ғв”Ғв”Ғв”“
в”ғ   в”ғ Name         в”ғ Type         в”ғ Params в”ғ Mode  в”ғ FLOPs в”ғ
в”Ўв”Ғв”Ғв”Ғв•Үв”Ғв”Ғв”Ғв”Ғв”Ғв”Ғв”Ғв”Ғв”Ғв”Ғв”Ғв”Ғв”Ғв”Ғв•Үв”Ғв”Ғв”Ғв”Ғв”Ғв”Ғв”Ғв”Ғв”Ғв”Ғв”Ғв”Ғв”Ғв”Ғв•Үв”Ғв”Ғв”Ғв”Ғв”Ғв”Ғв”Ғв”Ғв•Үв”Ғв”Ғв”Ғв”Ғв”Ғв”Ғв”Ғв•Үв”Ғв”Ғв”Ғв”Ғв”Ғв”Ғв”Ғв”©
в”Ӯ 0 в”Ӯ value_module в”Ӯ ValueNetwork в”Ӯ  2.9 M в”Ӯ train в”Ӯ     0 в”Ӯ
в””в”Җв”Җв”Җв”ҙв”Җв”Җв”Җв”Җв”Җв”Җв”Җв”Җв”Җв”Җв”Җв”Җв”Җв”Җв”ҙв”Җв”Җв”Җв”Җв”Җв”Җв”Җв”Җв”Җв”Җв”Җв”Җв”Җв”Җв”ҙв”Җв”Җв”Җв”Җв”Җв”Җв”Җв”Җв”ҙв”Җв”Җв”Җв”Җв”Җв”Җв”Җв”ҙв”Җв”Җв”Җв”Җв”Җв”Җв”Җв”ҳ
Trainable params: 2.9 M                                                         
Non-trainable params: 0                                                         
Total params: 2.9 M                                                             
Total estimated model params size (MB): 11.577                                  
Modules in train mode: 45                                                       
Modules in eval mode: 0                                                         
Total FLOPs: 0                                                                  
`Trainer.fit` stopped: `max_steps=15000` reached.
  seed 18: plateau=-7.002 regret=-2.905  (198s)
Seed set to 19
GPU available: True (cuda), used: True
TPU available: False, using: 0 TPU cores
рҹ’Ў Tip: For seamless cloud logging and experiment tracking, try installing [litlogger](https://pypi.org/project/litlogger/) to enable LitLogger, which logs metrics and artifacts automatically to the Lightning Experiments platform.
LOCAL_RANK: 0 - CUDA_VISIBLE_DEVICES: [0]
в”Ҹв”Ғв”Ғв”Ғв”ів”Ғв”Ғв”Ғв”Ғв”Ғв”Ғв”Ғв”Ғв”Ғв”Ғв”Ғв”Ғв”Ғв”Ғв”ів”Ғв”Ғв”Ғв”Ғв”Ғв”Ғв”Ғв”Ғв”Ғв”Ғв”Ғв”Ғв”Ғв”Ғв”ів”Ғв”Ғв”Ғв”Ғв”Ғв”Ғв”Ғв”Ғв”ів”Ғв”Ғв”Ғв”Ғв”Ғв”Ғв”Ғв”ів”Ғв”Ғв”Ғв”Ғв”Ғв”Ғв”Ғв”“
в”ғ   в”ғ Name         в”ғ Type         в”ғ Params в”ғ Mode  в”ғ FLOPs в”ғ
в”Ўв”Ғв”Ғв”Ғв•Үв”Ғв”Ғв”Ғв”Ғв”Ғв”Ғв”Ғв”Ғв”Ғв”Ғв”Ғв”Ғв”Ғв”Ғв•Үв”Ғв”Ғв”Ғв”Ғв”Ғв”Ғв”Ғв”Ғв”Ғв”Ғв”Ғв”Ғв”Ғв”Ғв•Үв”Ғв”Ғв”Ғв”Ғв”Ғв”Ғв”Ғв”Ғв•Үв”Ғв”Ғв”Ғв”Ғв”Ғв”Ғв”Ғв•Үв”Ғв”Ғв”Ғв”Ғв”Ғв”Ғв”Ғв”©
в”Ӯ 0 в”Ӯ value_module в”Ӯ ValueNetwork в”Ӯ  2.9 M в”Ӯ train в”Ӯ     0 в”Ӯ
в””в”Җв”Җв”Җв”ҙв”Җв”Җв”Җв”Җв”Җв”Җв”Җв”Җв”Җв”Җв”Җв”Җв”Җв”Җв”ҙв”Җв”Җв”Җв”Җв”Җв”Җв”Җв”Җв”Җв”Җв”Җв”Җв”Җв”Җв”ҙв”Җв”Җв”Җв”Җв”Җв”Җв”Җв”Җв”ҙв”Җв”Җв”Җв”Җв”Җв”Җв”Җв”ҙв”Җв”Җв”Җв”Җв”Җв”Җв”Җв”ҳ
Trainable params: 2.9 M                                                         
Non-trainable params: 0                                                         
Total params: 2.9 M                                                             
Total estimated model params size (MB): 11.577                                  
Modules in train mode: 45                                                       
Modules in eval mode: 0                                                         
Total FLOPs: 0                                                                  
`Trainer.fit` stopped: `max_steps=15000` reached.
  seed 19: plateau=-7.528 regret=-3.585  (198s)
Seed set to 20
GPU available: True (cuda), used: True
TPU available: False, using: 0 TPU cores
рҹ’Ў Tip: For seamless cloud logging and experiment tracking, try installing [litlogger](https://pypi.org/project/litlogger/) to enable LitLogger, which logs metrics and artifacts automatically to the Lightning Experiments platform.
LOCAL_RANK: 0 - CUDA_VISIBLE_DEVICES: [0]
в”Ҹв”Ғв”Ғв”Ғв”ів”Ғв”Ғв”Ғв”Ғв”Ғв”Ғв”Ғв”Ғв”Ғв”Ғв”Ғв”Ғв”Ғв”Ғв”ів”Ғв”Ғв”Ғв”Ғв”Ғв”Ғв”Ғв”Ғв”Ғв”Ғв”Ғв”Ғв”Ғв”Ғв”ів”Ғв”Ғв”Ғв”Ғв”Ғв”Ғв”Ғв”Ғв”ів”Ғв”Ғв”Ғв”Ғв”Ғв”Ғв”Ғв”ів”Ғв”Ғв”Ғв”Ғв”Ғв”Ғв”Ғв”“
в”ғ   в”ғ Name         в”ғ Type         в”ғ Params в”ғ Mode  в”ғ FLOPs в”ғ
в”Ўв”Ғв”Ғв”Ғв•Үв”Ғв”Ғв”Ғв”Ғв”Ғв”Ғв”Ғв”Ғв”Ғв”Ғв”Ғв”Ғв”Ғв”Ғв•Үв”Ғв”Ғв”Ғв”Ғв”Ғв”Ғв”Ғв”Ғв”Ғв”Ғв”Ғв”Ғв”Ғв”Ғв•Үв”Ғв”Ғв”Ғв”Ғв”Ғв”Ғв”Ғв”Ғв•Үв”Ғв”Ғв”Ғв”Ғв”Ғв”Ғв”Ғв•Үв”Ғв”Ғв”Ғв”Ғв”Ғв”Ғв”Ғв”©
в”Ӯ 0 в”Ӯ value_module в”Ӯ ValueNetwork в”Ӯ  2.9 M в”Ӯ train в”Ӯ     0 в”Ӯ
в””в”Җв”Җв”Җв”ҙв”Җв”Җв”Җв”Җв”Җв”Җв”Җв”Җв”Җв”Җв”Җв”Җв”Җв”Җв”ҙв”Җв”Җв”Җв”Җв”Җв”Җв”Җв”Җв”Җв”Җв”Җв”Җв”Җв”Җв”ҙв”Җв”Җв”Җв”Җв”Җв”Җв”Җв”Җв”ҙв”Җв”Җв”Җв”Җв”Җв”Җв”Җв”ҙв”Җв”Җв”Җв”Җв”Җв”Җв”Җв”ҳ
Trainable params: 2.9 M                                                         
Non-trainable params: 0                                                         
Total params: 2.9 M                                                             
Total estimated model params size (MB): 11.577                                  
Modules in train mode: 45                                                       
Modules in eval mode: 0                                                         
Total FLOPs: 0                                                                  
`Trainer.fit` stopped: `max_steps=15000` reached.
  seed 20: plateau=-8.153 regret=-4.806  (198s)
Seed set to 21
GPU available: True (cuda), used: True
TPU available: False, using: 0 TPU cores
рҹ’Ў Tip: For seamless cloud logging and experiment tracking, try installing [litlogger](https://pypi.org/project/litlogger/) to enable LitLogger, which logs metrics and artifacts automatically to the Lightning Experiments platform.
LOCAL_RANK: 0 - CUDA_VISIBLE_DEVICES: [0]
в”Ҹв”Ғв”Ғв”Ғв”ів”Ғв”Ғв”Ғв”Ғв”Ғв”Ғв”Ғв”Ғв”Ғв”Ғв”Ғв”Ғв”Ғв”Ғв”ів”Ғв”Ғв”Ғв”Ғв”Ғв”Ғв”Ғв”Ғв”Ғв”Ғв”Ғв”Ғв”Ғв”Ғв”ів”Ғв”Ғв”Ғв”Ғв”Ғв”Ғв”Ғв”Ғв”ів”Ғв”Ғв”Ғв”Ғв”Ғв”Ғв”Ғв”ів”Ғв”Ғв”Ғв”Ғв”Ғв”Ғв”Ғв”“
в”ғ   в”ғ Name         в”ғ Type         в”ғ Params в”ғ Mode  в”ғ FLOPs в”ғ
в”Ўв”Ғв”Ғв”Ғв•Үв”Ғв”Ғв”Ғв”Ғв”Ғв”Ғв”Ғв”Ғв”Ғв”Ғв”Ғв”Ғв”Ғв”Ғв•Үв”Ғв”Ғв”Ғв”Ғв”Ғв”Ғв”Ғв”Ғв”Ғв”Ғв”Ғв”Ғв”Ғв”Ғв•Үв”Ғв”Ғв”Ғв”Ғв”Ғв”Ғв”Ғв”Ғв•Үв”Ғв”Ғв”Ғв”Ғв”Ғв”Ғв”Ғв•Үв”Ғв”Ғв”Ғв”Ғв”Ғв”Ғв”Ғв”©
в”Ӯ 0 в”Ӯ value_module в”Ӯ ValueNetwork в”Ӯ  2.9 M в”Ӯ train в”Ӯ     0 в”Ӯ
в””в”Җв”Җв”Җв”ҙв”Җв”Җв”Җв”Җв”Җв”Җв”Җв”Җв”Җв”Җв”Җв”Җв”Җв”Җв”ҙв”Җв”Җв”Җв”Җв”Җв”Җв”Җв”Җв”Җв”Җв”Җв”Җв”Җв”Җв”ҙв”Җв”Җв”Җв”Җв”Җв”Җв”Җв”Җв”ҙв”Җв”Җв”Җв”Җв”Җв”Җв”Җв”ҙв”Җв”Җв”Җв”Җв”Җв”Җв”Җв”ҳ
Trainable params: 2.9 M                                                         
Non-trainable params: 0                                                         
Total params: 2.9 M                                                             
Total estimated model params size (MB): 11.577                                  
Modules in train mode: 45                                                       
Modules in eval mode: 0                                                         
Total FLOPs: 0                                                                  
`Trainer.fit` stopped: `max_steps=15000` reached.
  seed 21: plateau=-8.037 regret=-4.423  (198s)
Seed set to 22
GPU available: True (cuda), used: True
TPU available: False, using: 0 TPU cores
рҹ’Ў Tip: For seamless cloud logging and experiment tracking, try installing [litlogger](https://pypi.org/project/litlogger/) to enable LitLogger, which logs metrics and artifacts automatically to the Lightning Experiments platform.
LOCAL_RANK: 0 - CUDA_VISIBLE_DEVICES: [0]
в”Ҹв”Ғв”Ғв”Ғв”ів”Ғв”Ғв”Ғв”Ғв”Ғв”Ғв”Ғв”Ғв”Ғв”Ғв”Ғв”Ғв”Ғв”Ғв”ів”Ғв”Ғв”Ғв”Ғв”Ғв”Ғв”Ғв”Ғв”Ғв”Ғв”Ғв”Ғв”Ғв”Ғв”ів”Ғв”Ғв”Ғв”Ғв”Ғв”Ғв”Ғв”Ғв”ів”Ғв”Ғв”Ғв”Ғв”Ғв”Ғв”Ғв”ів”Ғв”Ғв”Ғв”Ғв”Ғв”Ғв”Ғв”“
в”ғ   в”ғ Name         в”ғ Type         в”ғ Params в”ғ Mode  в”ғ FLOPs в”ғ
в”Ўв”Ғв”Ғв”Ғв•Үв”Ғв”Ғв”Ғв”Ғв”Ғв”Ғв”Ғв”Ғв”Ғв”Ғв”Ғв”Ғв”Ғв”Ғв•Үв”Ғв”Ғв”Ғв”Ғв”Ғв”Ғв”Ғв”Ғв”Ғв”Ғв”Ғв”Ғв”Ғв”Ғв•Үв”Ғв”Ғв”Ғв”Ғв”Ғв”Ғв”Ғв”Ғв•Үв”Ғв”Ғв”Ғв”Ғв”Ғв”Ғв”Ғв•Үв”Ғв”Ғв”Ғв”Ғв”Ғв”Ғв”Ғв”©
в”Ӯ 0 в”Ӯ value_module в”Ӯ ValueNetwork в”Ӯ  2.9 M в”Ӯ train в”Ӯ     0 в”Ӯ
в””в”Җв”Җв”Җв”ҙв”Җв”Җв”Җв”Җв”Җв”Җв”Җв”Җв”Җв”Җв”Җв”Җв”Җв”Җв”ҙв”Җв”Җв”Җв”Җв”Җв”Җв”Җв”Җв”Җв”Җв”Җв”Җв”Җв”Җв”ҙв”Җв”Җв”Җв”Җв”Җв”Җв”Җв”Җв”ҙв”Җв”Җв”Җв”Җв”Җв”Җв”Җв”ҙв”Җв”Җв”Җв”Җв”Җв”Җв”Җв”ҳ
Trainable params: 2.9 M                                                         
Non-trainable params: 0                                                         
Total params: 2.9 M                                                             
Total estimated model params size (MB): 11.577                                  
Modules in train mode: 45                                                       
Modules in eval mode: 0                                                         
Total FLOPs: 0                                                                  
`Trainer.fit` stopped: `max_steps=15000` reached.
  seed 22: plateau=-6.535 regret=-2.727  (198s)
Seed set to 23
GPU available: True (cuda), used: True
TPU available: False, using: 0 TPU cores
рҹ’Ў Tip: For seamless cloud logging and experiment tracking, try installing [litlogger](https://pypi.org/project/litlogger/) to enable LitLogger, which logs metrics and artifacts automatically to the Lightning Experiments platform.
LOCAL_RANK: 0 - CUDA_VISIBLE_DEVICES: [0]
в”Ҹв”Ғв”Ғв”Ғв”ів”Ғв”Ғв”Ғв”Ғв”Ғв”Ғв”Ғв”Ғв”Ғв”Ғв”Ғв”Ғв”Ғв”Ғв”ів”Ғв”Ғв”Ғв”Ғв”Ғв”Ғв”Ғв”Ғв”Ғв”Ғв”Ғв”Ғв”Ғв”Ғв”ів”Ғв”Ғв”Ғв”Ғв”Ғв”Ғв”Ғв”Ғв”ів”Ғв”Ғв”Ғв”Ғв”Ғв”Ғв”Ғв”ів”Ғв”Ғв”Ғв”Ғв”Ғв”Ғв”Ғв”“
в”ғ   в”ғ Name         в”ғ Type         в”ғ Params в”ғ Mode  в”ғ FLOPs в”ғ
в”Ўв”Ғв”Ғв”Ғв•Үв”Ғв”Ғв”Ғв”Ғв”Ғв”Ғв”Ғв”Ғв”Ғв”Ғв”Ғв”Ғв”Ғв”Ғв•Үв”Ғв”Ғв”Ғв”Ғв”Ғв”Ғв”Ғв”Ғв”Ғв”Ғв”Ғв”Ғв”Ғв”Ғв•Үв”Ғв”Ғв”Ғв”Ғв”Ғв”Ғв”Ғв”Ғв•Үв”Ғв”Ғв”Ғв”Ғв”Ғв”Ғв”Ғв•Үв”Ғв”Ғв”Ғв”Ғв”Ғв”Ғв”Ғв”©
в”Ӯ 0 в”Ӯ value_module в”Ӯ ValueNetwork в”Ӯ  2.9 M в”Ӯ train в”Ӯ     0 в”Ӯ
в””в”Җв”Җв”Җв”ҙв”Җв”Җв”Җв”Җв”Җв”Җв”Җв”Җв”Җв”Җв”Җв”Җв”Җв”Җв”ҙв”Җв”Җв”Җв”Җв”Җв”Җв”Җв”Җв”Җв”Җв”Җв”Җв”Җв”Җв”ҙв”Җв”Җв”Җв”Җв”Җв”Җв”Җв”Җв”ҙв”Җв”Җв”Җв”Җв”Җв”Җв”Җв”ҙв”Җв”Җв”Җв”Җв”Җв”Җв”Җв”ҳ
Trainable params: 2.9 M                                                         
Non-trainable params: 0                                                         
Total params: 2.9 M                                                             
Total estimated model params size (MB): 11.577                                  
Modules in train mode: 45                                                       
Modules in eval mode: 0                                                         
Total FLOPs: 0                                                                  
`Trainer.fit` stopped: `max_steps=15000` reached.
  seed 23: plateau=-6.610 regret=-2.430  (198s)
Seed set to 24
GPU available: True (cuda), used: True
TPU available: False, using: 0 TPU cores
рҹ’Ў Tip: For seamless cloud logging and experiment tracking, try installing [litlogger](https://pypi.org/project/litlogger/) to enable LitLogger, which logs metrics and artifacts automatically to the Lightning Experiments platform.
LOCAL_RANK: 0 - CUDA_VISIBLE_DEVICES: [0]
в”Ҹв”Ғв”Ғв”Ғв”ів”Ғв”Ғв”Ғв”Ғв”Ғв”Ғв”Ғв”Ғв”Ғв”Ғв”Ғв”Ғв”Ғв”Ғв”ів”Ғв”Ғв”Ғв”Ғв”Ғв”Ғв”Ғв”Ғв”Ғв”Ғв”Ғв”Ғв”Ғв”Ғв”ів”Ғв”Ғв”Ғв”Ғв”Ғв”Ғв”Ғв”Ғв”ів”Ғв”Ғв”Ғв”Ғв”Ғв”Ғв”Ғв”ів”Ғв”Ғв”Ғв”Ғв”Ғв”Ғв”Ғв”“
в”ғ   в”ғ Name         в”ғ Type         в”ғ Params в”ғ Mode  в”ғ FLOPs в”ғ
в”Ўв”Ғв”Ғв”Ғв•Үв”Ғв”Ғв”Ғв”Ғв”Ғв”Ғв”Ғв”Ғв”Ғв”Ғв”Ғв”Ғв”Ғв”Ғв•Үв”Ғв”Ғв”Ғв”Ғв”Ғв”Ғв”Ғв”Ғв”Ғв”Ғв”Ғв”Ғв”Ғв”Ғв•Үв”Ғв”Ғв”Ғв”Ғв”Ғв”Ғв”Ғв”Ғв•Үв”Ғв”Ғв”Ғв”Ғв”Ғв”Ғв”Ғв•Үв”Ғв”Ғв”Ғв”Ғв”Ғв”Ғв”Ғв”©
в”Ӯ 0 в”Ӯ value_module в”Ӯ ValueNetwork в”Ӯ  2.9 M в”Ӯ train в”Ӯ     0 в”Ӯ
в””в”Җв”Җв”Җв”ҙв”Җв”Җв”Җв”Җв”Җв”Җв”Җв”Җв”Җв”Җв”Җв”Җв”Җв”Җв”ҙв”Җв”Җв”Җв”Җв”Җв”Җв”Җв”Җв”Җв”Җв”Җв”Җв”Җв”Җв”ҙв”Җв”Җв”Җв”Җв”Җв”Җв”Җв”Җв”ҙв”Җв”Җв”Җв”Җв”Җв”Җв”Җв”ҙв”Җв”Җв”Җв”Җв”Җв”Җв”Җв”ҳ
Trainable params: 2.9 M                                                         
Non-trainable params: 0                                                         
Total params: 2.9 M                                                             
Total estimated model params size (MB): 11.577                                  
Modules in train mode: 45                                                       
Modules in eval mode: 0                                                         
Total FLOPs: 0                                                                  
`Trainer.fit` stopped: `max_steps=15000` reached.
  seed 24: plateau=-8.692 regret=-5.542  (197s)
Seed set to 25
GPU available: True (cuda), used: True
TPU available: False, using: 0 TPU cores
рҹ’Ў Tip: For seamless cloud logging and experiment tracking, try installing [litlogger](https://pypi.org/project/litlogger/) to enable LitLogger, which logs metrics and artifacts automatically to the Lightning Experiments platform.
LOCAL_RANK: 0 - CUDA_VISIBLE_DEVICES: [0]
в”Ҹв”Ғв”Ғв”Ғв”ів”Ғв”Ғв”Ғв”Ғв”Ғв”Ғв”Ғв”Ғв”Ғв”Ғв”Ғв”Ғв”Ғв”Ғв”ів”Ғв”Ғв”Ғв”Ғв”Ғв”Ғв”Ғв”Ғв”Ғв”Ғв”Ғв”Ғв”Ғв”Ғв”ів”Ғв”Ғв”Ғв”Ғв”Ғв”Ғв”Ғв”Ғв”ів”Ғв”Ғв”Ғв”Ғв”Ғв”Ғв”Ғв”ів”Ғв”Ғв”Ғв”Ғв”Ғв”Ғв”Ғв”“
в”ғ   в”ғ Name         в”ғ Type         в”ғ Params в”ғ Mode  в”ғ FLOPs в”ғ
в”Ўв”Ғв”Ғв”Ғв•Үв”Ғв”Ғв”Ғв”Ғв”Ғв”Ғв”Ғв”Ғв”Ғв”Ғв”Ғв”Ғв”Ғв”Ғв•Үв”Ғв”Ғв”Ғв”Ғв”Ғв”Ғв”Ғв”Ғв”Ғв”Ғв”Ғв”Ғв”Ғв”Ғв•Үв”Ғв”Ғв”Ғв”Ғв”Ғв”Ғв”Ғв”Ғв•Үв”Ғв”Ғв”Ғв”Ғв”Ғв”Ғв”Ғв•Үв”Ғв”Ғв”Ғв”Ғв”Ғв”Ғв”Ғв”©
в”Ӯ 0 в”Ӯ value_module в”Ӯ ValueNetwork в”Ӯ  2.9 M в”Ӯ train в”Ӯ     0 в”Ӯ
в””в”Җв”Җв”Җв”ҙв”Җв”Җв”Җв”Җв”Җв”Җв”Җв”Җв”Җв”Җв”Җв”Җв”Җв”Җв”ҙв”Җв”Җв”Җв”Җв”Җв”Җв”Җв”Җв”Җв”Җв”Җв”Җв”Җв”Җв”ҙв”Җв”Җв”Җв”Җв”Җв”Җв”Җв”Җв”ҙв”Җв”Җв”Җв”Җв”Җв”Җв”Җв”ҙв”Җв”Җв”Җв”Җв”Җв”Җв”Җв”ҳ
Trainable params: 2.9 M                                                         
Non-trainable params: 0                                                         
Total params: 2.9 M                                                             
Total estimated model params size (MB): 11.577                                  
Modules in train mode: 45                                                       
Modules in eval mode: 0                                                         
Total FLOPs: 0                                                                  
`Trainer.fit` stopped: `max_steps=15000` reached.
  seed 25: plateau=-8.014 regret=-4.109  (198s)
Seed set to 26
GPU available: True (cuda), used: True
TPU available: False, using: 0 TPU cores
рҹ’Ў Tip: For seamless cloud logging and experiment tracking, try installing [litlogger](https://pypi.org/project/litlogger/) to enable LitLogger, which logs metrics and artifacts automatically to the Lightning Experiments platform.
LOCAL_RANK: 0 - CUDA_VISIBLE_DEVICES: [0]
в”Ҹв”Ғв”Ғв”Ғв”ів”Ғв”Ғв”Ғв”Ғв”Ғв”Ғв”Ғв”Ғв”Ғв”Ғв”Ғв”Ғв”Ғв”Ғв”ів”Ғв”Ғв”Ғв”Ғв”Ғв”Ғв”Ғв”Ғв”Ғв”Ғв”Ғв”Ғв”Ғв”Ғв”ів”Ғв”Ғв”Ғв”Ғв”Ғв”Ғв”Ғв”Ғв”ів”Ғв”Ғв”Ғв”Ғв”Ғв”Ғв”Ғв”ів”Ғв”Ғв”Ғв”Ғв”Ғв”Ғв”Ғв”“
в”ғ   в”ғ Name         в”ғ Type         в”ғ Params в”ғ Mode  в”ғ FLOPs в”ғ
в”Ўв”Ғв”Ғв”Ғв•Үв”Ғв”Ғв”Ғв”Ғв”Ғв”Ғв”Ғв”Ғв”Ғв”Ғв”Ғв”Ғв”Ғв”Ғв•Үв”Ғв”Ғв”Ғв”Ғв”Ғв”Ғв”Ғв”Ғв”Ғв”Ғв”Ғв”Ғв”Ғв”Ғв•Үв”Ғв”Ғв”Ғв”Ғв”Ғв”Ғв”Ғв”Ғв•Үв”Ғв”Ғв”Ғв”Ғв”Ғв”Ғв”Ғв•Үв”Ғв”Ғв”Ғв”Ғв”Ғв”Ғв”Ғв”©
в”Ӯ 0 в”Ӯ value_module в”Ӯ ValueNetwork в”Ӯ  2.9 M в”Ӯ train в”Ӯ     0 в”Ӯ
в””в”Җв”Җв”Җв”ҙв”Җв”Җв”Җв”Җв”Җв”Җв”Җв”Җв”Җв”Җв”Җв”Җв”Җв”Җв”ҙв”Җв”Җв”Җв”Җв”Җв”Җв”Җв”Җв”Җв”Җв”Җв”Җв”Җв”Җв”ҙв”Җв”Җв”Җв”Җв”Җв”Җв”Җв”Җв”ҙв”Җв”Җв”Җв”Җв”Җв”Җв”Җв”ҙв”Җв”Җв”Җв”Җв”Җв”Җв”Җв”ҳ
Trainable params: 2.9 M                                                         
Non-trainable params: 0                                                         
Total params: 2.9 M                                                             
Total estimated model params size (MB): 11.577                                  
Modules in train mode: 45                                                       
Modules in eval mode: 0                                                         
Total FLOPs: 0                                                                  
`Trainer.fit` stopped: `max_steps=15000` reached.
  seed 26: plateau=-7.318 regret=-3.525  (199s)
Seed set to 27
GPU available: True (cuda), used: True
TPU available: False, using: 0 TPU cores
рҹ’Ў Tip: For seamless cloud logging and experiment tracking, try installing [litlogger](https://pypi.org/project/litlogger/) to enable LitLogger, which logs metrics and artifacts automatically to the Lightning Experiments platform.
LOCAL_RANK: 0 - CUDA_VISIBLE_DEVICES: [0]
в”Ҹв”Ғв”Ғв”Ғв”ів”Ғв”Ғв”Ғв”Ғв”Ғв”Ғв”Ғв”Ғв”Ғв”Ғв”Ғв”Ғв”Ғв”Ғв”ів”Ғв”Ғв”Ғв”Ғв”Ғв”Ғв”Ғв”Ғв”Ғв”Ғв”Ғв”Ғв”Ғв”Ғв”ів”Ғв”Ғв”Ғв”Ғв”Ғв”Ғв”Ғв”Ғв”ів”Ғв”Ғв”Ғв”Ғв”Ғв”Ғв”Ғв”ів”Ғв”Ғв”Ғв”Ғв”Ғв”Ғв”Ғв”“
в”ғ   в”ғ Name         в”ғ Type         в”ғ Params в”ғ Mode  в”ғ FLOPs в”ғ
в”Ўв”Ғв”Ғв”Ғв•Үв”Ғв”Ғв”Ғв”Ғв”Ғв”Ғв”Ғв”Ғв”Ғв”Ғв”Ғв”Ғв”Ғв”Ғв•Үв”Ғв”Ғв”Ғв”Ғв”Ғв”Ғв”Ғв”Ғв”Ғв”Ғв”Ғв”Ғв”Ғв”Ғв•Үв”Ғв”Ғв”Ғв”Ғв”Ғв”Ғв”Ғв”Ғв•Үв”Ғв”Ғв”Ғв”Ғв”Ғв”Ғв”Ғв•Үв”Ғв”Ғв”Ғв”Ғв”Ғв”Ғв”Ғв”©
в”Ӯ 0 в”Ӯ value_module в”Ӯ ValueNetwork в”Ӯ  2.9 M в”Ӯ train в”Ӯ     0 в”Ӯ
в””в”Җв”Җв”Җв”ҙв”Җв”Җв”Җв”Җв”Җв”Җв”Җв”Җв”Җв”Җв”Җв”Җв”Җв”Җв”ҙв”Җв”Җв”Җв”Җв”Җв”Җв”Җв”Җв”Җв”Җв”Җв”Җв”Җв”Җв”ҙв”Җв”Җв”Җв”Җв”Җв”Җв”Җв”Җв”ҙв”Җв”Җв”Җв”Җв”Җв”Җв”Җв”ҙв”Җв”Җв”Җв”Җв”Җв”Җв”Җв”ҳ
Trainable params: 2.9 M                                                         
Non-trainable params: 0                                                         
Total params: 2.9 M                                                             
Total estimated model params size (MB): 11.577                                  
Modules in train mode: 45                                                       
Modules in eval mode: 0                                                         
Total FLOPs: 0                                                                  
`Trainer.fit` stopped: `max_steps=15000` reached.
  seed 27: plateau=-6.748 regret=-2.106  (199s)
Seed set to 28
GPU available: True (cuda), used: True
TPU available: False, using: 0 TPU cores
рҹ’Ў Tip: For seamless cloud logging and experiment tracking, try installing [litlogger](https://pypi.org/project/litlogger/) to enable LitLogger, which logs metrics and artifacts automatically to the Lightning Experiments platform.
LOCAL_RANK: 0 - CUDA_VISIBLE_DEVICES: [0]
в”Ҹв”Ғв”Ғв”Ғв”ів”Ғв”Ғв”Ғв”Ғв”Ғв”Ғв”Ғв”Ғв”Ғв”Ғв”Ғв”Ғв”Ғв”Ғв”ів”Ғв”Ғв”Ғв”Ғв”Ғв”Ғв”Ғв”Ғв”Ғв”Ғв”Ғв”Ғв”Ғв”Ғв”ів”Ғв”Ғв”Ғв”Ғв”Ғв”Ғв”Ғв”Ғв”ів”Ғв”Ғв”Ғв”Ғв”Ғв”Ғв”Ғв”ів”Ғв”Ғв”Ғв”Ғв”Ғв”Ғв”Ғв”“
в”ғ   в”ғ Name         в”ғ Type         в”ғ Params в”ғ Mode  в”ғ FLOPs в”ғ
в”Ўв”Ғв”Ғв”Ғв•Үв”Ғв”Ғв”Ғв”Ғв”Ғв”Ғв”Ғв”Ғв”Ғв”Ғв”Ғв”Ғв”Ғв”Ғв•Үв”Ғв”Ғв”Ғв”Ғв”Ғв”Ғв”Ғв”Ғв”Ғв”Ғв”Ғв”Ғв”Ғв”Ғв•Үв”Ғв”Ғв”Ғв”Ғв”Ғв”Ғв”Ғв”Ғв•Үв”Ғв”Ғв”Ғв”Ғв”Ғв”Ғв”Ғв•Үв”Ғв”Ғв”Ғв”Ғв”Ғв”Ғв”Ғв”©
в”Ӯ 0 в”Ӯ value_module в”Ӯ ValueNetwork в”Ӯ  2.9 M в”Ӯ train в”Ӯ     0 в”Ӯ
в””в”Җв”Җв”Җв”ҙв”Җв”Җв”Җв”Җв”Җв”Җв”Җв”Җв”Җв”Җв”Җв”Җв”Җв”Җв”ҙв”Җв”Җв”Җв”Җв”Җв”Җв”Җв”Җв”Җв”Җв”Җв”Җв”Җв”Җв”ҙв”Җв”Җв”Җв”Җв”Җв”Җв”Җв”Җв”ҙв”Җв”Җв”Җв”Җв”Җв”Җв”Җв”ҙв”Җв”Җв”Җв”Җв”Җв”Җв”Җв”ҳ
Trainable params: 2.9 M                                                         
Non-trainable params: 0                                                         
Total params: 2.9 M                                                             
Total estimated model params size (MB): 11.577                                  
Modules in train mode: 45                                                       
Modules in eval mode: 0                                                         
Total FLOPs: 0                                                                  
`Trainer.fit` stopped: `max_steps=15000` reached.
  seed 28: plateau=-6.892 regret=-3.834  (198s)
Seed set to 29
GPU available: True (cuda), used: True
TPU available: False, using: 0 TPU cores
рҹ’Ў Tip: For seamless cloud logging and experiment tracking, try installing [litlogger](https://pypi.org/project/litlogger/) to enable LitLogger, which logs metrics and artifacts automatically to the Lightning Experiments platform.
LOCAL_RANK: 0 - CUDA_VISIBLE_DEVICES: [0]
в”Ҹв”Ғв”Ғв”Ғв”ів”Ғв”Ғв”Ғв”Ғв”Ғв”Ғв”Ғв”Ғв”Ғв”Ғв”Ғв”Ғв”Ғв”Ғв”ів”Ғв”Ғв”Ғв”Ғв”Ғв”Ғв”Ғв”Ғв”Ғв”Ғв”Ғв”Ғв”Ғв”Ғв”ів”Ғв”Ғв”Ғв”Ғв”Ғв”Ғв”Ғв”Ғв”ів”Ғв”Ғв”Ғв”Ғв”Ғв”Ғв”Ғв”ів”Ғв”Ғв”Ғв”Ғв”Ғв”Ғв”Ғв”“
в”ғ   в”ғ Name         в”ғ Type         в”ғ Params в”ғ Mode  в”ғ FLOPs в”ғ
в”Ўв”Ғв”Ғв”Ғв•Үв”Ғв”Ғв”Ғв”Ғв”Ғв”Ғв”Ғв”Ғв”Ғв”Ғв”Ғв”Ғв”Ғв”Ғв•Үв”Ғв”Ғв”Ғв”Ғв”Ғв”Ғв”Ғв”Ғв”Ғв”Ғв”Ғв”Ғв”Ғв”Ғв•Үв”Ғв”Ғв”Ғв”Ғв”Ғв”Ғв”Ғв”Ғв•Үв”Ғв”Ғв”Ғв”Ғв”Ғв”Ғв”Ғв•Үв”Ғв”Ғв”Ғв”Ғв”Ғв”Ғв”Ғв”©
в”Ӯ 0 в”Ӯ value_module в”Ӯ ValueNetwork в”Ӯ  2.9 M в”Ӯ train в”Ӯ     0 в”Ӯ
в””в”Җв”Җв”Җв”ҙв”Җв”Җв”Җв”Җв”Җв”Җв”Җв”Җв”Җв”Җв”Җв”Җв”Җв”Җв”ҙв”Җв”Җв”Җв”Җв”Җв”Җв”Җв”Җв”Җв”Җв”Җв”Җв”Җв”Җв”ҙв”Җв”Җв”Җв”Җв”Җв”Җв”Җв”Җв”ҙв”Җв”Җв”Җв”Җв”Җв”Җв”Җв”ҙв”Җв”Җв”Җв”Җв”Җв”Җв”Җв”ҳ
Trainable params: 2.9 M                                                         
Non-trainable params: 0                                                         
Total params: 2.9 M                                                             
Total estimated model params size (MB): 11.577                                  
Modules in train mode: 45                                                       
Modules in eval mode: 0                                                         
Total FLOPs: 0                                                                  
`Trainer.fit` stopped: `max_steps=15000` reached.
  seed 29: plateau=-7.643 regret=-4.541  (198s)
DONE single_seed_mc_d8: {'n': 30, 'regret_mean': -3.613665484495469, 'regret_median': -3.5316977824367717, 'regret_std': 0.9627470335983753, 'regret_sem': 0.17577275582433807, 'plateau_mean': -7.384036152313153, 'opt_mean': -3.770370667817684}
