

===== launch 22:01:45 =====
=== off_policy_d128  device=cuda  hidden=256  done=0/30 ===
  hparams={'off_policy_frac': 0.0, 'lr': 0.0001126364544163283, 'use_grad_decay': False}
Seed set to 0
GPU available: True (cuda), used: True
TPU available: False, using: 0 TPU cores
💡 Tip: For seamless cloud logging and experiment tracking, try installing [litlogger](https://pypi.org/project/litlogger/) to enable LitLogger, which logs metrics and artifacts automatically to the Lightning Experiments platform.
You are using a CUDA device ('NVIDIA GeForce RTX 3090 Ti') that has Tensor Cores. To properly utilize them, you should set `torch.set_float32_matmul_precision('medium' | 'high')` which will trade-off precision for performance. For more details, read https://pytorch.org/docs/stable/generated/torch.set_float32_matmul_precision.html#torch.set_float32_matmul_precision
LOCAL_RANK: 0 - CUDA_VISIBLE_DEVICES: [0]
┏━━━┳━━━━━━━━━━━━━━┳━━━━━━━━━━━━━━┳━━━━━━━━┳━━━━━━━┳━━━━━━━┓
┃   ┃ Name         ┃ Type         ┃ Params ┃ Mode  ┃ FLOPs ┃
┡━━━╇━━━━━━━━━━━━━━╇━━━━━━━━━━━━━━╇━━━━━━━━╇━━━━━━━╇━━━━━━━┩
│ 0 │ value_module │ ValueNetwork │  2.9 M │ train │     0 │
└───┴──────────────┴──────────────┴────────┴───────┴───────┘
Trainable params: 2.9 M                                                         
Non-trainable params: 0                                                         
Total params: 2.9 M                                                             
Total estimated model params size (MB): 11.700                                  
Modules in train mode: 45                                                       
Modules in eval mode: 0                                                         
Total FLOPs: 0                                                                  
/home/dlibland/dev/diffusion_rl/.venv/lib/python3.12/site-packages/lightning/pytorch/utilities/_pytree.py:21: `isinstance(treespec, LeafSpec)` is deprecated, use `isinstance(treespec, TreeSpec) and treespec.is_leaf()` instead.
/home/dlibland/dev/diffusion_rl/.venv/lib/python3.12/site-packages/lightning/pytorch/trainer/connectors/data_connector.py:434: The 'train_dataloader' does not have many workers which may be a bottleneck. Consider increasing the value of the `num_workers` argument` to `num_workers=31` in the `DataLoader` to improve performance.
/home/dlibland/dev/diffusion_rl/.venv/lib/python3.12/site-packages/lightning/pytorch/trainer/connectors/data_connector.py:434: The 'val_dataloader' does not have many workers which may be a bottleneck. Consider increasing the value of the `num_workers` argument` to `num_workers=31` in the `DataLoader` to improve performance.
`Trainer.fit` stopped: `max_steps=15000` reached.
  seed  0: plateau=-6.041 regret=-0.232  (205s)
Seed set to 1
GPU available: True (cuda), used: True
TPU available: False, using: 0 TPU cores
💡 Tip: For seamless cloud logging and experiment tracking, try installing [litlogger](https://pypi.org/project/litlogger/) to enable LitLogger, which logs metrics and artifacts automatically to the Lightning Experiments platform.
LOCAL_RANK: 0 - CUDA_VISIBLE_DEVICES: [0]
┏━━━┳━━━━━━━━━━━━━━┳━━━━━━━━━━━━━━┳━━━━━━━━┳━━━━━━━┳━━━━━━━┓
┃   ┃ Name         ┃ Type         ┃ Params ┃ Mode  ┃ FLOPs ┃
┡━━━╇━━━━━━━━━━━━━━╇━━━━━━━━━━━━━━╇━━━━━━━━╇━━━━━━━╇━━━━━━━┩
│ 0 │ value_module │ ValueNetwork │  2.9 M │ train │     0 │
└───┴──────────────┴──────────────┴────────┴───────┴───────┘
Trainable params: 2.9 M                                                         
Non-trainable params: 0                                                         
Total params: 2.9 M                                                             
Total estimated model params size (MB): 11.700                                  
Modules in train mode: 45                                                       
Modules in eval mode: 0                                                         
Total FLOPs: 0                                                                  
`Trainer.fit` stopped: `max_steps=15000` reached.
  seed  1: plateau=-6.025 regret=-0.285  (206s)
Seed set to 2
GPU available: True (cuda), used: True
TPU available: False, using: 0 TPU cores
💡 Tip: For seamless cloud logging and experiment tracking, try installing [litlogger](https://pypi.org/project/litlogger/) to enable LitLogger, which logs metrics and artifacts automatically to the Lightning Experiments platform.
LOCAL_RANK: 0 - CUDA_VISIBLE_DEVICES: [0]
┏━━━┳━━━━━━━━━━━━━━┳━━━━━━━━━━━━━━┳━━━━━━━━┳━━━━━━━┳━━━━━━━┓
┃   ┃ Name         ┃ Type         ┃ Params ┃ Mode  ┃ FLOPs ┃
┡━━━╇━━━━━━━━━━━━━━╇━━━━━━━━━━━━━━╇━━━━━━━━╇━━━━━━━╇━━━━━━━┩
│ 0 │ value_module │ ValueNetwork │  2.9 M │ train │     0 │
└───┴──────────────┴──────────────┴────────┴───────┴───────┘
Trainable params: 2.9 M                                                         
Non-trainable params: 0                                                         
Total params: 2.9 M                                                             
Total estimated model params size (MB): 11.700                                  
Modules in train mode: 45                                                       
Modules in eval mode: 0                                                         
Total FLOPs: 0                                                                  
`Trainer.fit` stopped: `max_steps=15000` reached.
  seed  2: plateau=-6.103 regret=-0.398  (205s)
Seed set to 3
GPU available: True (cuda), used: True
TPU available: False, using: 0 TPU cores
💡 Tip: For seamless cloud logging and experiment tracking, try installing [litlogger](https://pypi.org/project/litlogger/) to enable LitLogger, which logs metrics and artifacts automatically to the Lightning Experiments platform.
LOCAL_RANK: 0 - CUDA_VISIBLE_DEVICES: [0]
┏━━━┳━━━━━━━━━━━━━━┳━━━━━━━━━━━━━━┳━━━━━━━━┳━━━━━━━┳━━━━━━━┓
┃   ┃ Name         ┃ Type         ┃ Params ┃ Mode  ┃ FLOPs ┃
┡━━━╇━━━━━━━━━━━━━━╇━━━━━━━━━━━━━━╇━━━━━━━━╇━━━━━━━╇━━━━━━━┩
│ 0 │ value_module │ ValueNetwork │  2.9 M │ train │     0 │
└───┴──────────────┴──────────────┴────────┴───────┴───────┘
Trainable params: 2.9 M                                                         
Non-trainable params: 0                                                         
Total params: 2.9 M                                                             
Total estimated model params size (MB): 11.700                                  
Modules in train mode: 45                                                       
Modules in eval mode: 0                                                         
Total FLOPs: 0                                                                  
`Trainer.fit` stopped: `max_steps=15000` reached.
  seed  3: plateau=-6.044 regret=-0.236  (206s)
Seed set to 4
GPU available: True (cuda), used: True
TPU available: False, using: 0 TPU cores
💡 Tip: For seamless cloud logging and experiment tracking, try installing [litlogger](https://pypi.org/project/litlogger/) to enable LitLogger, which logs metrics and artifacts automatically to the Lightning Experiments platform.
LOCAL_RANK: 0 - CUDA_VISIBLE_DEVICES: [0]
┏━━━┳━━━━━━━━━━━━━━┳━━━━━━━━━━━━━━┳━━━━━━━━┳━━━━━━━┳━━━━━━━┓
┃   ┃ Name         ┃ Type         ┃ Params ┃ Mode  ┃ FLOPs ┃
┡━━━╇━━━━━━━━━━━━━━╇━━━━━━━━━━━━━━╇━━━━━━━━╇━━━━━━━╇━━━━━━━┩
│ 0 │ value_module │ ValueNetwork │  2.9 M │ train │     0 │
└───┴──────────────┴──────────────┴────────┴───────┴───────┘
Trainable params: 2.9 M                                                         
Non-trainable params: 0                                                         
Total params: 2.9 M                                                             
Total estimated model params size (MB): 11.700                                  
Modules in train mode: 45                                                       
Modules in eval mode: 0                                                         
Total FLOPs: 0                                                                  
`Trainer.fit` stopped: `max_steps=15000` reached.
  seed  4: plateau=-5.992 regret=-0.294  (206s)
Seed set to 5
GPU available: True (cuda), used: True
TPU available: False, using: 0 TPU cores
💡 Tip: For seamless cloud logging and experiment tracking, try installing [litlogger](https://pypi.org/project/litlogger/) to enable LitLogger, which logs metrics and artifacts automatically to the Lightning Experiments platform.
LOCAL_RANK: 0 - CUDA_VISIBLE_DEVICES: [0]
┏━━━┳━━━━━━━━━━━━━━┳━━━━━━━━━━━━━━┳━━━━━━━━┳━━━━━━━┳━━━━━━━┓
┃   ┃ Name         ┃ Type         ┃ Params ┃ Mode  ┃ FLOPs ┃
┡━━━╇━━━━━━━━━━━━━━╇━━━━━━━━━━━━━━╇━━━━━━━━╇━━━━━━━╇━━━━━━━┩
│ 0 │ value_module │ ValueNetwork │  2.9 M │ train │     0 │
└───┴──────────────┴──────────────┴────────┴───────┴───────┘
Trainable params: 2.9 M                                                         
Non-trainable params: 0                                                         
Total params: 2.9 M                                                             
Total estimated model params size (MB): 11.700                                  
Modules in train mode: 45                                                       
Modules in eval mode: 0                                                         
Total FLOPs: 0                                                                  
`Trainer.fit` stopped: `max_steps=15000` reached.
  seed  5: plateau=-6.072 regret=-0.291  (205s)
Seed set to 6
GPU available: True (cuda), used: True
TPU available: False, using: 0 TPU cores
💡 Tip: For seamless cloud logging and experiment tracking, try installing [litlogger](https://pypi.org/project/litlogger/) to enable LitLogger, which logs metrics and artifacts automatically to the Lightning Experiments platform.
LOCAL_RANK: 0 - CUDA_VISIBLE_DEVICES: [0]
┏━━━┳━━━━━━━━━━━━━━┳━━━━━━━━━━━━━━┳━━━━━━━━┳━━━━━━━┳━━━━━━━┓
┃   ┃ Name         ┃ Type         ┃ Params ┃ Mode  ┃ FLOPs ┃
┡━━━╇━━━━━━━━━━━━━━╇━━━━━━━━━━━━━━╇━━━━━━━━╇━━━━━━━╇━━━━━━━┩
│ 0 │ value_module │ ValueNetwork │  2.9 M │ train │     0 │
└───┴──────────────┴──────────────┴────────┴───────┴───────┘
Trainable params: 2.9 M                                                         
Non-trainable params: 0                                                         
Total params: 2.9 M                                                             
Total estimated model params size (MB): 11.700                                  
Modules in train mode: 45                                                       
Modules in eval mode: 0                                                         
Total FLOPs: 0                                                                  
`Trainer.fit` stopped: `max_steps=15000` reached.
  seed  6: plateau=-6.074 regret=-0.306  (204s)
Seed set to 7
GPU available: True (cuda), used: True
TPU available: False, using: 0 TPU cores
💡 Tip: For seamless cloud logging and experiment tracking, try installing [litlogger](https://pypi.org/project/litlogger/) to enable LitLogger, which logs metrics and artifacts automatically to the Lightning Experiments platform.
LOCAL_RANK: 0 - CUDA_VISIBLE_DEVICES: [0]
┏━━━┳━━━━━━━━━━━━━━┳━━━━━━━━━━━━━━┳━━━━━━━━┳━━━━━━━┳━━━━━━━┓
┃   ┃ Name         ┃ Type         ┃ Params ┃ Mode  ┃ FLOPs ┃
┡━━━╇━━━━━━━━━━━━━━╇━━━━━━━━━━━━━━╇━━━━━━━━╇━━━━━━━╇━━━━━━━┩
│ 0 │ value_module │ ValueNetwork │  2.9 M │ train │     0 │
└───┴──────────────┴──────────────┴────────┴───────┴───────┘
Trainable params: 2.9 M                                                         
Non-trainable params: 0                                                         
Total params: 2.9 M                                                             
Total estimated model params size (MB): 11.700                                  
Modules in train mode: 45                                                       
Modules in eval mode: 0                                                         
Total FLOPs: 0                                                                  
`Trainer.fit` stopped: `max_steps=15000` reached.
  seed  7: plateau=-6.061 regret=-0.186  (205s)
Seed set to 8
GPU available: True (cuda), used: True
TPU available: False, using: 0 TPU cores
💡 Tip: For seamless cloud logging and experiment tracking, try installing [litlogger](https://pypi.org/project/litlogger/) to enable LitLogger, which logs metrics and artifacts automatically to the Lightning Experiments platform.
LOCAL_RANK: 0 - CUDA_VISIBLE_DEVICES: [0]
┏━━━┳━━━━━━━━━━━━━━┳━━━━━━━━━━━━━━┳━━━━━━━━┳━━━━━━━┳━━━━━━━┓
┃   ┃ Name         ┃ Type         ┃ Params ┃ Mode  ┃ FLOPs ┃
┡━━━╇━━━━━━━━━━━━━━╇━━━━━━━━━━━━━━╇━━━━━━━━╇━━━━━━━╇━━━━━━━┩
│ 0 │ value_module │ ValueNetwork │  2.9 M │ train │     0 │
└───┴──────────────┴──────────────┴────────┴───────┴───────┘
Trainable params: 2.9 M                                                         
Non-trainable params: 0                                                         
Total params: 2.9 M                                                             
Total estimated model params size (MB): 11.700                                  
Modules in train mode: 45                                                       
Modules in eval mode: 0                                                         
Total FLOPs: 0                                                                  
`Trainer.fit` stopped: `max_steps=15000` reached.
  seed  8: plateau=-6.045 regret=-0.291  (206s)
Seed set to 9
GPU available: True (cuda), used: True
TPU available: False, using: 0 TPU cores
💡 Tip: For seamless cloud logging and experiment tracking, try installing [litlogger](https://pypi.org/project/litlogger/) to enable LitLogger, which logs metrics and artifacts automatically to the Lightning Experiments platform.
LOCAL_RANK: 0 - CUDA_VISIBLE_DEVICES: [0]
┏━━━┳━━━━━━━━━━━━━━┳━━━━━━━━━━━━━━┳━━━━━━━━┳━━━━━━━┳━━━━━━━┓
┃   ┃ Name         ┃ Type         ┃ Params ┃ Mode  ┃ FLOPs ┃
┡━━━╇━━━━━━━━━━━━━━╇━━━━━━━━━━━━━━╇━━━━━━━━╇━━━━━━━╇━━━━━━━┩
│ 0 │ value_module │ ValueNetwork │  2.9 M │ train │     0 │
└───┴──────────────┴──────────────┴────────┴───────┴───────┘
Trainable params: 2.9 M                                                         
Non-trainable params: 0                                                         
Total params: 2.9 M                                                             
Total estimated model params size (MB): 11.700                                  
Modules in train mode: 45                                                       
Modules in eval mode: 0                                                         
Total FLOPs: 0                                                                  
`Trainer.fit` stopped: `max_steps=15000` reached.
  seed  9: plateau=-6.053 regret=-0.348  (188s)
Seed set to 10
GPU available: True (cuda), used: True
TPU available: False, using: 0 TPU cores
💡 Tip: For seamless cloud logging and experiment tracking, try installing [litlogger](https://pypi.org/project/litlogger/) to enable LitLogger, which logs metrics and artifacts automatically to the Lightning Experiments platform.
LOCAL_RANK: 0 - CUDA_VISIBLE_DEVICES: [0]
┏━━━┳━━━━━━━━━━━━━━┳━━━━━━━━━━━━━━┳━━━━━━━━┳━━━━━━━┳━━━━━━━┓
┃   ┃ Name         ┃ Type         ┃ Params ┃ Mode  ┃ FLOPs ┃
┡━━━╇━━━━━━━━━━━━━━╇━━━━━━━━━━━━━━╇━━━━━━━━╇━━━━━━━╇━━━━━━━┩
│ 0 │ value_module │ ValueNetwork │  2.9 M │ train │     0 │
└───┴──────────────┴──────────────┴────────┴───────┴───────┘
Trainable params: 2.9 M                                                         
Non-trainable params: 0                                                         
Total params: 2.9 M                                                             
Total estimated model params size (MB): 11.700                                  
Modules in train mode: 45                                                       
Modules in eval mode: 0                                                         
Total FLOPs: 0                                                                  
`Trainer.fit` stopped: `max_steps=15000` reached.
  seed 10: plateau=-6.061 regret=-0.198  (207s)
Seed set to 11
GPU available: True (cuda), used: True
TPU available: False, using: 0 TPU cores
💡 Tip: For seamless cloud logging and experiment tracking, try installing [litlogger](https://pypi.org/project/litlogger/) to enable LitLogger, which logs metrics and artifacts automatically to the Lightning Experiments platform.
LOCAL_RANK: 0 - CUDA_VISIBLE_DEVICES: [0]
┏━━━┳━━━━━━━━━━━━━━┳━━━━━━━━━━━━━━┳━━━━━━━━┳━━━━━━━┳━━━━━━━┓
┃   ┃ Name         ┃ Type         ┃ Params ┃ Mode  ┃ FLOPs ┃
┡━━━╇━━━━━━━━━━━━━━╇━━━━━━━━━━━━━━╇━━━━━━━━╇━━━━━━━╇━━━━━━━┩
│ 0 │ value_module │ ValueNetwork │  2.9 M │ train │     0 │
└───┴──────────────┴──────────────┴────────┴───────┴───────┘
Trainable params: 2.9 M                                                         
Non-trainable params: 0                                                         
Total params: 2.9 M                                                             
Total estimated model params size (MB): 11.700                                  
Modules in train mode: 45                                                       
Modules in eval mode: 0                                                         
Total FLOPs: 0                                                                  
`Trainer.fit` stopped: `max_steps=15000` reached.
  seed 11: plateau=-6.084 regret=-0.197  (206s)
Seed set to 12
GPU available: True (cuda), used: True
TPU available: False, using: 0 TPU cores
💡 Tip: For seamless cloud logging and experiment tracking, try installing [litlogger](https://pypi.org/project/litlogger/) to enable LitLogger, which logs metrics and artifacts automatically to the Lightning Experiments platform.
LOCAL_RANK: 0 - CUDA_VISIBLE_DEVICES: [0]
┏━━━┳━━━━━━━━━━━━━━┳━━━━━━━━━━━━━━┳━━━━━━━━┳━━━━━━━┳━━━━━━━┓
┃   ┃ Name         ┃ Type         ┃ Params ┃ Mode  ┃ FLOPs ┃
┡━━━╇━━━━━━━━━━━━━━╇━━━━━━━━━━━━━━╇━━━━━━━━╇━━━━━━━╇━━━━━━━┩
│ 0 │ value_module │ ValueNetwork │  2.9 M │ train │     0 │
└───┴──────────────┴──────────────┴────────┴───────┴───────┘
Trainable params: 2.9 M                                                         
Non-trainable params: 0                                                         
Total params: 2.9 M                                                             
Total estimated model params size (MB): 11.700                                  
Modules in train mode: 45                                                       
Modules in eval mode: 0                                                         
Total FLOPs: 0                                                                  
`Trainer.fit` stopped: `max_steps=15000` reached.
  seed 12: plateau=-6.074 regret=-0.348  (207s)
Seed set to 13
GPU available: True (cuda), used: True
TPU available: False, using: 0 TPU cores
💡 Tip: For seamless cloud logging and experiment tracking, try installing [litlogger](https://pypi.org/project/litlogger/) to enable LitLogger, which logs metrics and artifacts automatically to the Lightning Experiments platform.
LOCAL_RANK: 0 - CUDA_VISIBLE_DEVICES: [0]
┏━━━┳━━━━━━━━━━━━━━┳━━━━━━━━━━━━━━┳━━━━━━━━┳━━━━━━━┳━━━━━━━┓
┃   ┃ Name         ┃ Type         ┃ Params ┃ Mode  ┃ FLOPs ┃
┡━━━╇━━━━━━━━━━━━━━╇━━━━━━━━━━━━━━╇━━━━━━━━╇━━━━━━━╇━━━━━━━┩
│ 0 │ value_module │ ValueNetwork │  2.9 M │ train │     0 │
└───┴──────────────┴──────────────┴────────┴───────┴───────┘
Trainable params: 2.9 M                                                         
Non-trainable params: 0                                                         
Total params: 2.9 M                                                             
Total estimated model params size (MB): 11.700                                  
Modules in train mode: 45                                                       
Modules in eval mode: 0                                                         
Total FLOPs: 0                                                                  
`Trainer.fit` stopped: `max_steps=15000` reached.
  seed 13: plateau=-6.020 regret=-0.317  (206s)
Seed set to 14
GPU available: True (cuda), used: True
TPU available: False, using: 0 TPU cores
💡 Tip: For seamless cloud logging and experiment tracking, try installing [litlogger](https://pypi.org/project/litlogger/) to enable LitLogger, which logs metrics and artifacts automatically to the Lightning Experiments platform.
LOCAL_RANK: 0 - CUDA_VISIBLE_DEVICES: [0]
┏━━━┳━━━━━━━━━━━━━━┳━━━━━━━━━━━━━━┳━━━━━━━━┳━━━━━━━┳━━━━━━━┓
┃   ┃ Name         ┃ Type         ┃ Params ┃ Mode  ┃ FLOPs ┃
┡━━━╇━━━━━━━━━━━━━━╇━━━━━━━━━━━━━━╇━━━━━━━━╇━━━━━━━╇━━━━━━━┩
│ 0 │ value_module │ ValueNetwork │  2.9 M │ train │     0 │
└───┴──────────────┴──────────────┴────────┴───────┴───────┘
Trainable params: 2.9 M                                                         
Non-trainable params: 0                                                         
Total params: 2.9 M                                                             
Total estimated model params size (MB): 11.700                                  
Modules in train mode: 45                                                       
Modules in eval mode: 0                                                         
Total FLOPs: 0                                                                  
`Trainer.fit` stopped: `max_steps=15000` reached.
  seed 14: plateau=-6.079 regret=-0.405  (204s)
Seed set to 15
GPU available: True (cuda), used: True
TPU available: False, using: 0 TPU cores
💡 Tip: For seamless cloud logging and experiment tracking, try installing [litlogger](https://pypi.org/project/litlogger/) to enable LitLogger, which logs metrics and artifacts automatically to the Lightning Experiments platform.
LOCAL_RANK: 0 - CUDA_VISIBLE_DEVICES: [0]
┏━━━┳━━━━━━━━━━━━━━┳━━━━━━━━━━━━━━┳━━━━━━━━┳━━━━━━━┳━━━━━━━┓
┃   ┃ Name         ┃ Type         ┃ Params ┃ Mode  ┃ FLOPs ┃
┡━━━╇━━━━━━━━━━━━━━╇━━━━━━━━━━━━━━╇━━━━━━━━╇━━━━━━━╇━━━━━━━┩
│ 0 │ value_module │ ValueNetwork │  2.9 M │ train │     0 │
└───┴──────────────┴──────────────┴────────┴───────┴───────┘
Trainable params: 2.9 M                                                         
Non-trainable params: 0                                                         
Total params: 2.9 M                                                             
Total estimated model params size (MB): 11.700                                  
Modules in train mode: 45                                                       
Modules in eval mode: 0                                                         
Total FLOPs: 0                                                                  
`Trainer.fit` stopped: `max_steps=15000` reached.
  seed 15: plateau=-6.063 regret=-0.303  (205s)
Seed set to 16
GPU available: True (cuda), used: True
TPU available: False, using: 0 TPU cores
💡 Tip: For seamless cloud logging and experiment tracking, try installing [litlogger](https://pypi.org/project/litlogger/) to enable LitLogger, which logs metrics and artifacts automatically to the Lightning Experiments platform.
LOCAL_RANK: 0 - CUDA_VISIBLE_DEVICES: [0]
┏━━━┳━━━━━━━━━━━━━━┳━━━━━━━━━━━━━━┳━━━━━━━━┳━━━━━━━┳━━━━━━━┓
┃   ┃ Name         ┃ Type         ┃ Params ┃ Mode  ┃ FLOPs ┃
┡━━━╇━━━━━━━━━━━━━━╇━━━━━━━━━━━━━━╇━━━━━━━━╇━━━━━━━╇━━━━━━━┩
│ 0 │ value_module │ ValueNetwork │  2.9 M │ train │     0 │
└───┴──────────────┴──────────────┴────────┴───────┴───────┘
Trainable params: 2.9 M                                                         
Non-trainable params: 0                                                         
Total params: 2.9 M                                                             
Total estimated model params size (MB): 11.700                                  
Modules in train mode: 45                                                       
Modules in eval mode: 0                                                         
Total FLOPs: 0                                                                  
`Trainer.fit` stopped: `max_steps=15000` reached.
  seed 16: plateau=-6.050 regret=-0.287  (207s)
Seed set to 17
GPU available: True (cuda), used: True
TPU available: False, using: 0 TPU cores
💡 Tip: For seamless cloud logging and experiment tracking, try installing [litlogger](https://pypi.org/project/litlogger/) to enable LitLogger, which logs metrics and artifacts automatically to the Lightning Experiments platform.
LOCAL_RANK: 0 - CUDA_VISIBLE_DEVICES: [0]
┏━━━┳━━━━━━━━━━━━━━┳━━━━━━━━━━━━━━┳━━━━━━━━┳━━━━━━━┳━━━━━━━┓
┃   ┃ Name         ┃ Type         ┃ Params ┃ Mode  ┃ FLOPs ┃
┡━━━╇━━━━━━━━━━━━━━╇━━━━━━━━━━━━━━╇━━━━━━━━╇━━━━━━━╇━━━━━━━┩
│ 0 │ value_module │ ValueNetwork │  2.9 M │ train │     0 │
└───┴──────────────┴──────────────┴────────┴───────┴───────┘
Trainable params: 2.9 M                                                         
Non-trainable params: 0                                                         
Total params: 2.9 M                                                             
Total estimated model params size (MB): 11.700                                  
Modules in train mode: 45                                                       
Modules in eval mode: 0                                                         
Total FLOPs: 0                                                                  
`Trainer.fit` stopped: `max_steps=15000` reached.
  seed 17: plateau=-6.082 regret=-0.259  (204s)
Seed set to 18
GPU available: True (cuda), used: True
TPU available: False, using: 0 TPU cores
💡 Tip: For seamless cloud logging and experiment tracking, try installing [litlogger](https://pypi.org/project/litlogger/) to enable LitLogger, which logs metrics and artifacts automatically to the Lightning Experiments platform.
LOCAL_RANK: 0 - CUDA_VISIBLE_DEVICES: [0]
┏━━━┳━━━━━━━━━━━━━━┳━━━━━━━━━━━━━━┳━━━━━━━━┳━━━━━━━┳━━━━━━━┓
┃   ┃ Name         ┃ Type         ┃ Params ┃ Mode  ┃ FLOPs ┃
┡━━━╇━━━━━━━━━━━━━━╇━━━━━━━━━━━━━━╇━━━━━━━━╇━━━━━━━╇━━━━━━━┩
│ 0 │ value_module │ ValueNetwork │  2.9 M │ train │     0 │
└───┴──────────────┴──────────────┴────────┴───────┴───────┘
Trainable params: 2.9 M                                                         
Non-trainable params: 0                                                         
Total params: 2.9 M                                                             
Total estimated model params size (MB): 11.700                                  
Modules in train mode: 45                                                       
Modules in eval mode: 0                                                         
Total FLOPs: 0                                                                  
`Trainer.fit` stopped: `max_steps=15000` reached.
  seed 18: plateau=-6.048 regret=-0.270  (205s)
Seed set to 19
GPU available: True (cuda), used: True
TPU available: False, using: 0 TPU cores
💡 Tip: For seamless cloud logging and experiment tracking, try installing [litlogger](https://pypi.org/project/litlogger/) to enable LitLogger, which logs metrics and artifacts automatically to the Lightning Experiments platform.
LOCAL_RANK: 0 - CUDA_VISIBLE_DEVICES: [0]
┏━━━┳━━━━━━━━━━━━━━┳━━━━━━━━━━━━━━┳━━━━━━━━┳━━━━━━━┳━━━━━━━┓
┃   ┃ Name         ┃ Type         ┃ Params ┃ Mode  ┃ FLOPs ┃
┡━━━╇━━━━━━━━━━━━━━╇━━━━━━━━━━━━━━╇━━━━━━━━╇━━━━━━━╇━━━━━━━┩
│ 0 │ value_module │ ValueNetwork │  2.9 M │ train │     0 │
└───┴──────────────┴──────────────┴────────┴───────┴───────┘
Trainable params: 2.9 M                                                         
Non-trainable params: 0                                                         
Total params: 2.9 M                                                             
Total estimated model params size (MB): 11.700                                  
Modules in train mode: 45                                                       
Modules in eval mode: 0                                                         
Total FLOPs: 0                                                                  
`Trainer.fit` stopped: `max_steps=15000` reached.
  seed 19: plateau=-5.880 regret=-0.278  (208s)
Seed set to 20
GPU available: True (cuda), used: True
TPU available: False, using: 0 TPU cores
💡 Tip: For seamless cloud logging and experiment tracking, try installing [litlogger](https://pypi.org/project/litlogger/) to enable LitLogger, which logs metrics and artifacts automatically to the Lightning Experiments platform.
LOCAL_RANK: 0 - CUDA_VISIBLE_DEVICES: [0]
┏━━━┳━━━━━━━━━━━━━━┳━━━━━━━━━━━━━━┳━━━━━━━━┳━━━━━━━┳━━━━━━━┓
┃   ┃ Name         ┃ Type         ┃ Params ┃ Mode  ┃ FLOPs ┃
┡━━━╇━━━━━━━━━━━━━━╇━━━━━━━━━━━━━━╇━━━━━━━━╇━━━━━━━╇━━━━━━━┩
│ 0 │ value_module │ ValueNetwork │  2.9 M │ train │     0 │
└───┴──────────────┴──────────────┴────────┴───────┴───────┘
Trainable params: 2.9 M                                                         
Non-trainable params: 0                                                         
Total params: 2.9 M                                                             
Total estimated model params size (MB): 11.700                                  
Modules in train mode: 45                                                       
Modules in eval mode: 0                                                         
Total FLOPs: 0                                                                  
`Trainer.fit` stopped: `max_steps=15000` reached.
  seed 20: plateau=-6.057 regret=-0.265  (206s)
Seed set to 21
GPU available: True (cuda), used: True
TPU available: False, using: 0 TPU cores
💡 Tip: For seamless cloud logging and experiment tracking, try installing [litlogger](https://pypi.org/project/litlogger/) to enable LitLogger, which logs metrics and artifacts automatically to the Lightning Experiments platform.
LOCAL_RANK: 0 - CUDA_VISIBLE_DEVICES: [0]
┏━━━┳━━━━━━━━━━━━━━┳━━━━━━━━━━━━━━┳━━━━━━━━┳━━━━━━━┳━━━━━━━┓
┃   ┃ Name         ┃ Type         ┃ Params ┃ Mode  ┃ FLOPs ┃
┡━━━╇━━━━━━━━━━━━━━╇━━━━━━━━━━━━━━╇━━━━━━━━╇━━━━━━━╇━━━━━━━┩
│ 0 │ value_module │ ValueNetwork │  2.9 M │ train │     0 │
└───┴──────────────┴──────────────┴────────┴───────┴───────┘
Trainable params: 2.9 M                                                         
Non-trainable params: 0                                                         
Total params: 2.9 M                                                             
Total estimated model params size (MB): 11.700                                  
Modules in train mode: 45                                                       
Modules in eval mode: 0                                                         
Total FLOPs: 0                                                                  
`Trainer.fit` stopped: `max_steps=15000` reached.
  seed 21: plateau=-5.756 regret=-0.197  (206s)
Seed set to 22
GPU available: True (cuda), used: True
TPU available: False, using: 0 TPU cores
💡 Tip: For seamless cloud logging and experiment tracking, try installing [litlogger](https://pypi.org/project/litlogger/) to enable LitLogger, which logs metrics and artifacts automatically to the Lightning Experiments platform.
LOCAL_RANK: 0 - CUDA_VISIBLE_DEVICES: [0]
┏━━━┳━━━━━━━━━━━━━━┳━━━━━━━━━━━━━━┳━━━━━━━━┳━━━━━━━┳━━━━━━━┓
┃   ┃ Name         ┃ Type         ┃ Params ┃ Mode  ┃ FLOPs ┃
┡━━━╇━━━━━━━━━━━━━━╇━━━━━━━━━━━━━━╇━━━━━━━━╇━━━━━━━╇━━━━━━━┩
│ 0 │ value_module │ ValueNetwork │  2.9 M │ train │     0 │
└───┴──────────────┴──────────────┴────────┴───────┴───────┘
Trainable params: 2.9 M                                                         
Non-trainable params: 0                                                         
Total params: 2.9 M                                                             
Total estimated model params size (MB): 11.700                                  
Modules in train mode: 45                                                       
Modules in eval mode: 0                                                         
Total FLOPs: 0                                                                  
`Trainer.fit` stopped: `max_steps=15000` reached.
  seed 22: plateau=-6.045 regret=-0.312  (205s)
Seed set to 23
GPU available: True (cuda), used: True
TPU available: False, using: 0 TPU cores
💡 Tip: For seamless cloud logging and experiment tracking, try installing [litlogger](https://pypi.org/project/litlogger/) to enable LitLogger, which logs metrics and artifacts automatically to the Lightning Experiments platform.
LOCAL_RANK: 0 - CUDA_VISIBLE_DEVICES: [0]
┏━━━┳━━━━━━━━━━━━━━┳━━━━━━━━━━━━━━┳━━━━━━━━┳━━━━━━━┳━━━━━━━┓
┃   ┃ Name         ┃ Type         ┃ Params ┃ Mode  ┃ FLOPs ┃
┡━━━╇━━━━━━━━━━━━━━╇━━━━━━━━━━━━━━╇━━━━━━━━╇━━━━━━━╇━━━━━━━┩
│ 0 │ value_module │ ValueNetwork │  2.9 M │ train │     0 │
└───┴──────────────┴──────────────┴────────┴───────┴───────┘
Trainable params: 2.9 M                                                         
Non-trainable params: 0                                                         
Total params: 2.9 M                                                             
Total estimated model params size (MB): 11.700                                  
Modules in train mode: 45                                                       
Modules in eval mode: 0                                                         
Total FLOPs: 0                                                                  
`Trainer.fit` stopped: `max_steps=15000` reached.
  seed 23: plateau=-6.069 regret=-0.267  (207s)
Seed set to 24
GPU available: True (cuda), used: True
TPU available: False, using: 0 TPU cores
💡 Tip: For seamless cloud logging and experiment tracking, try installing [litlogger](https://pypi.org/project/litlogger/) to enable LitLogger, which logs metrics and artifacts automatically to the Lightning Experiments platform.
LOCAL_RANK: 0 - CUDA_VISIBLE_DEVICES: [0]
┏━━━┳━━━━━━━━━━━━━━┳━━━━━━━━━━━━━━┳━━━━━━━━┳━━━━━━━┳━━━━━━━┓
┃   ┃ Name         ┃ Type         ┃ Params ┃ Mode  ┃ FLOPs ┃
┡━━━╇━━━━━━━━━━━━━━╇━━━━━━━━━━━━━━╇━━━━━━━━╇━━━━━━━╇━━━━━━━┩
│ 0 │ value_module │ ValueNetwork │  2.9 M │ train │     0 │
└───┴──────────────┴──────────────┴────────┴───────┴───────┘
Trainable params: 2.9 M                                                         
Non-trainable params: 0                                                         
Total params: 2.9 M                                                             
Total estimated model params size (MB): 11.700                                  
Modules in train mode: 45                                                       
Modules in eval mode: 0                                                         
Total FLOPs: 0                                                                  
`Trainer.fit` stopped: `max_steps=15000` reached.
  seed 24: plateau=-5.992 regret=-0.318  (207s)
Seed set to 25
GPU available: True (cuda), used: True
TPU available: False, using: 0 TPU cores
💡 Tip: For seamless cloud logging and experiment tracking, try installing [litlogger](https://pypi.org/project/litlogger/) to enable LitLogger, which logs metrics and artifacts automatically to the Lightning Experiments platform.
LOCAL_RANK: 0 - CUDA_VISIBLE_DEVICES: [0]
┏━━━┳━━━━━━━━━━━━━━┳━━━━━━━━━━━━━━┳━━━━━━━━┳━━━━━━━┳━━━━━━━┓
┃   ┃ Name         ┃ Type         ┃ Params ┃ Mode  ┃ FLOPs ┃
┡━━━╇━━━━━━━━━━━━━━╇━━━━━━━━━━━━━━╇━━━━━━━━╇━━━━━━━╇━━━━━━━┩
│ 0 │ value_module │ ValueNetwork │  2.9 M │ train │     0 │
└───┴──────────────┴──────────────┴────────┴───────┴───────┘
Trainable params: 2.9 M                                                         
Non-trainable params: 0                                                         
Total params: 2.9 M                                                             
Total estimated model params size (MB): 11.700                                  
Modules in train mode: 45                                                       
Modules in eval mode: 0                                                         
Total FLOPs: 0                                                                  
`Trainer.fit` stopped: `max_steps=15000` reached.
  seed 25: plateau=-6.042 regret=-0.238  (206s)
Seed set to 26
GPU available: True (cuda), used: True
TPU available: False, using: 0 TPU cores
💡 Tip: For seamless cloud logging and experiment tracking, try installing [litlogger](https://pypi.org/project/litlogger/) to enable LitLogger, which logs metrics and artifacts automatically to the Lightning Experiments platform.
LOCAL_RANK: 0 - CUDA_VISIBLE_DEVICES: [0]
┏━━━┳━━━━━━━━━━━━━━┳━━━━━━━━━━━━━━┳━━━━━━━━┳━━━━━━━┳━━━━━━━┓
┃   ┃ Name         ┃ Type         ┃ Params ┃ Mode  ┃ FLOPs ┃
┡━━━╇━━━━━━━━━━━━━━╇━━━━━━━━━━━━━━╇━━━━━━━━╇━━━━━━━╇━━━━━━━┩
│ 0 │ value_module │ ValueNetwork │  2.9 M │ train │     0 │
└───┴──────────────┴──────────────┴────────┴───────┴───────┘
Trainable params: 2.9 M                                                         
Non-trainable params: 0                                                         
Total params: 2.9 M                                                             
Total estimated model params size (MB): 11.700                                  
Modules in train mode: 45                                                       
Modules in eval mode: 0                                                         
Total FLOPs: 0                                                                  
`Trainer.fit` stopped: `max_steps=15000` reached.
  seed 26: plateau=-6.036 regret=-0.300  (207s)
Seed set to 27
GPU available: True (cuda), used: True
TPU available: False, using: 0 TPU cores
💡 Tip: For seamless cloud logging and experiment tracking, try installing [litlogger](https://pypi.org/project/litlogger/) to enable LitLogger, which logs metrics and artifacts automatically to the Lightning Experiments platform.
LOCAL_RANK: 0 - CUDA_VISIBLE_DEVICES: [0]
┏━━━┳━━━━━━━━━━━━━━┳━━━━━━━━━━━━━━┳━━━━━━━━┳━━━━━━━┳━━━━━━━┓
┃   ┃ Name         ┃ Type         ┃ Params ┃ Mode  ┃ FLOPs ┃
┡━━━╇━━━━━━━━━━━━━━╇━━━━━━━━━━━━━━╇━━━━━━━━╇━━━━━━━╇━━━━━━━┩
│ 0 │ value_module │ ValueNetwork │  2.9 M │ train │     0 │
└───┴──────────────┴──────────────┴────────┴───────┴───────┘
Trainable params: 2.9 M                                                         
Non-trainable params: 0                                                         
Total params: 2.9 M                                                             
Total estimated model params size (MB): 11.700                                  
Modules in train mode: 45                                                       
Modules in eval mode: 0                                                         
Total FLOPs: 0                                                                  
`Trainer.fit` stopped: `max_steps=15000` reached.
  seed 27: plateau=-6.077 regret=-0.226  (205s)
Seed set to 28
GPU available: True (cuda), used: True
TPU available: False, using: 0 TPU cores
💡 Tip: For seamless cloud logging and experiment tracking, try installing [litlogger](https://pypi.org/project/litlogger/) to enable LitLogger, which logs metrics and artifacts automatically to the Lightning Experiments platform.
LOCAL_RANK: 0 - CUDA_VISIBLE_DEVICES: [0]
┏━━━┳━━━━━━━━━━━━━━┳━━━━━━━━━━━━━━┳━━━━━━━━┳━━━━━━━┳━━━━━━━┓
┃   ┃ Name         ┃ Type         ┃ Params ┃ Mode  ┃ FLOPs ┃
┡━━━╇━━━━━━━━━━━━━━╇━━━━━━━━━━━━━━╇━━━━━━━━╇━━━━━━━╇━━━━━━━┩
│ 0 │ value_module │ ValueNetwork │  2.9 M │ train │     0 │
└───┴──────────────┴──────────────┴────────┴───────┴───────┘
Trainable params: 2.9 M                                                         
Non-trainable params: 0                                                         
Total params: 2.9 M                                                             
Total estimated model params size (MB): 11.700                                  
Modules in train mode: 45                                                       
Modules in eval mode: 0                                                         
Total FLOPs: 0                                                                  
`Trainer.fit` stopped: `max_steps=15000` reached.
  seed 28: plateau=-6.003 regret=-0.432  (206s)
Seed set to 29
GPU available: True (cuda), used: True
TPU available: False, using: 0 TPU cores
💡 Tip: For seamless cloud logging and experiment tracking, try installing [litlogger](https://pypi.org/project/litlogger/) to enable LitLogger, which logs metrics and artifacts automatically to the Lightning Experiments platform.
LOCAL_RANK: 0 - CUDA_VISIBLE_DEVICES: [0]
┏━━━┳━━━━━━━━━━━━━━┳━━━━━━━━━━━━━━┳━━━━━━━━┳━━━━━━━┳━━━━━━━┓
┃   ┃ Name         ┃ Type         ┃ Params ┃ Mode  ┃ FLOPs ┃
┡━━━╇━━━━━━━━━━━━━━╇━━━━━━━━━━━━━━╇━━━━━━━━╇━━━━━━━╇━━━━━━━┩
│ 0 │ value_module │ ValueNetwork │  2.9 M │ train │     0 │
└───┴──────────────┴──────────────┴────────┴───────┴───────┘
Trainable params: 2.9 M                                                         
Non-trainable params: 0                                                         
Total params: 2.9 M                                                             
Total estimated model params size (MB): 11.700                                  
Modules in train mode: 45                                                       
Modules in eval mode: 0                                                         
Total FLOPs: 0                                                                  
`Trainer.fit` stopped: `max_steps=15000` reached.
  seed 29: plateau=-6.015 regret=-0.236  (205s)
DONE off_policy_d128: {'n': 30, 'regret_mean': -0.2839835837244411, 'regret_median': -0.28595049432140485, 'regret_std': 0.06105131947440185, 'regret_sem': 0.011146394947194778, 'plateau_mean': -6.034663539131483, 'opt_mean': -5.7506799554070405}
