

===== launch 09:31:18 =====
=== ancestral_mc_td_lambda_d2 [matched]  device=cuda  hidden=64  done=0/10 ===
  hparams={'off_policy_frac': 0.3396550331693529, 'lr': 0.00013716411361323972, 'use_grad_decay': False, 'n_steps': 32, 'mc_samples': 3, 'k': 0.016726800904219987, 'lambda_eff': 0.7138691582161069, 'smc_type': 'k_Vnograd'}
Seed set to 0
GPU available: True (cuda), used: True
TPU available: False, using: 0 TPU cores
рҹ’Ў Tip: For seamless cloud logging and experiment tracking, try installing [litlogger](https://pypi.org/project/litlogger/) to enable LitLogger, which logs metrics and artifacts automatically to the Lightning Experiments platform.
You are using a CUDA device ('NVIDIA GeForce RTX 3090 Ti') that has Tensor Cores. To properly utilize them, you should set `torch.set_float32_matmul_precision('medium' | 'high')` which will trade-off precision for performance. For more details, read https://pytorch.org/docs/stable/generated/torch.set_float32_matmul_precision.html#torch.set_float32_matmul_precision
LOCAL_RANK: 0 - CUDA_VISIBLE_DEVICES: [0]
в”Ҹв”Ғв”Ғв”Ғв”ів”Ғв”Ғв”Ғв”Ғв”Ғв”Ғв”Ғв”Ғв”Ғв”Ғв”Ғв”Ғв”Ғв”Ғв”ів”Ғв”Ғв”Ғв”Ғв”Ғв”Ғв”Ғв”Ғв”Ғв”Ғв”Ғв”Ғв”Ғв”Ғв”ів”Ғв”Ғв”Ғв”Ғв”Ғв”Ғв”Ғв”Ғв”ів”Ғв”Ғв”Ғв”Ғв”Ғв”Ғв”Ғв”ів”Ғв”Ғв”Ғв”Ғв”Ғв”Ғв”Ғв”“
в”ғ   в”ғ Name         в”ғ Type         в”ғ Params в”ғ Mode  в”ғ FLOPs в”ғ
в”Ўв”Ғв”Ғв”Ғв•Үв”Ғв”Ғв”Ғв”Ғв”Ғв”Ғв”Ғв”Ғв”Ғв”Ғв”Ғв”Ғв”Ғв”Ғв•Үв”Ғв”Ғв”Ғв”Ғв”Ғв”Ғв”Ғв”Ғв”Ғв”Ғв”Ғв”Ғв”Ғв”Ғв•Үв”Ғв”Ғв”Ғв”Ғв”Ғв”Ғв”Ғв”Ғв•Үв”Ғв”Ғв”Ғв”Ғв”Ғв”Ғв”Ғв•Үв”Ғв”Ғв”Ғв”Ғв”Ғв”Ғв”Ғв”©
в”Ӯ 0 в”Ӯ value_module в”Ӯ ValueNetwork в”Ӯ  182 K в”Ӯ train в”Ӯ     0 в”Ӯ
в””в”Җв”Җв”Җв”ҙв”Җв”Җв”Җв”Җв”Җв”Җв”Җв”Җв”Җв”Җв”Җв”Җв”Җв”Җв”ҙв”Җв”Җв”Җв”Җв”Җв”Җв”Җв”Җв”Җв”Җв”Җв”Җв”Җв”Җв”ҙв”Җв”Җв”Җв”Җв”Җв”Җв”Җв”Җв”ҙв”Җв”Җв”Җв”Җв”Җв”Җв”Җв”ҙв”Җв”Җв”Җв”Җв”Җв”Җв”Җв”ҳ
Trainable params: 182 K                                                         
Non-trainable params: 0                                                         
Total params: 182 K                                                             
Total estimated model params size (MB): 0.730                                   
Modules in train mode: 45                                                       
Modules in eval mode: 0                                                         
Total FLOPs: 0                                                                  
/home/dlibland/dev/diffusion_rl/.venv/lib/python3.12/site-packages/lightning/pytorch/utilities/_pytree.py:21: `isinstance(treespec, LeafSpec)` is deprecated, use `isinstance(treespec, TreeSpec) and treespec.is_leaf()` instead.
/home/dlibland/dev/diffusion_rl/.venv/lib/python3.12/site-packages/lightning/pytorch/trainer/connectors/data_connector.py:434: The 'train_dataloader' does not have many workers which may be a bottleneck. Consider increasing the value of the `num_workers` argument` to `num_workers=31` in the `DataLoader` to improve performance.
/home/dlibland/dev/diffusion_rl/.venv/lib/python3.12/site-packages/lightning/pytorch/trainer/connectors/data_connector.py:434: The 'val_dataloader' does not have many workers which may be a bottleneck. Consider increasing the value of the `num_workers` argument` to `num_workers=31` in the `DataLoader` to improve performance.
`Trainer.fit` stopped: `max_steps=15000` reached.
  seed  0: plateau=-1.973 regret=-1.137  (172s)
Seed set to 1
GPU available: True (cuda), used: True
TPU available: False, using: 0 TPU cores
рҹ’Ў Tip: For seamless cloud logging and experiment tracking, try installing [litlogger](https://pypi.org/project/litlogger/) to enable LitLogger, which logs metrics and artifacts automatically to the Lightning Experiments platform.
LOCAL_RANK: 0 - CUDA_VISIBLE_DEVICES: [0]
в”Ҹв”Ғв”Ғв”Ғв”ів”Ғв”Ғв”Ғв”Ғв”Ғв”Ғв”Ғв”Ғв”Ғв”Ғв”Ғв”Ғв”Ғв”Ғв”ів”Ғв”Ғв”Ғв”Ғв”Ғв”Ғв”Ғв”Ғв”Ғв”Ғв”Ғв”Ғв”Ғв”Ғв”ів”Ғв”Ғв”Ғв”Ғв”Ғв”Ғв”Ғв”Ғв”ів”Ғв”Ғв”Ғв”Ғв”Ғв”Ғв”Ғв”ів”Ғв”Ғв”Ғв”Ғв”Ғв”Ғв”Ғв”“
в”ғ   в”ғ Name         в”ғ Type         в”ғ Params в”ғ Mode  в”ғ FLOPs в”ғ
в”Ўв”Ғв”Ғв”Ғв•Үв”Ғв”Ғв”Ғв”Ғв”Ғв”Ғв”Ғв”Ғв”Ғв”Ғв”Ғв”Ғв”Ғв”Ғв•Үв”Ғв”Ғв”Ғв”Ғв”Ғв”Ғв”Ғв”Ғв”Ғв”Ғв”Ғв”Ғв”Ғв”Ғв•Үв”Ғв”Ғв”Ғв”Ғв”Ғв”Ғв”Ғв”Ғв•Үв”Ғв”Ғв”Ғв”Ғв”Ғв”Ғв”Ғв•Үв”Ғв”Ғв”Ғв”Ғв”Ғв”Ғв”Ғв”©
в”Ӯ 0 в”Ӯ value_module в”Ӯ ValueNetwork в”Ӯ  182 K в”Ӯ train в”Ӯ     0 в”Ӯ
в””в”Җв”Җв”Җв”ҙв”Җв”Җв”Җв”Җв”Җв”Җв”Җв”Җв”Җв”Җв”Җв”Җв”Җв”Җв”ҙв”Җв”Җв”Җв”Җв”Җв”Җв”Җв”Җв”Җв”Җв”Җв”Җв”Җв”Җв”ҙв”Җв”Җв”Җв”Җв”Җв”Җв”Җв”Җв”ҙв”Җв”Җв”Җв”Җв”Җв”Җв”Җв”ҙв”Җв”Җв”Җв”Җв”Җв”Җв”Җв”ҳ
Trainable params: 182 K                                                         
Non-trainable params: 0                                                         
Total params: 182 K                                                             
Total estimated model params size (MB): 0.730                                   
Modules in train mode: 45                                                       
Modules in eval mode: 0                                                         
Total FLOPs: 0                                                                  
`Trainer.fit` stopped: `max_steps=15000` reached.
  seed  1: plateau=-2.536 regret=-1.306  (172s)
Seed set to 2
GPU available: True (cuda), used: True
TPU available: False, using: 0 TPU cores
рҹ’Ў Tip: For seamless cloud logging and experiment tracking, try installing [litlogger](https://pypi.org/project/litlogger/) to enable LitLogger, which logs metrics and artifacts automatically to the Lightning Experiments platform.
LOCAL_RANK: 0 - CUDA_VISIBLE_DEVICES: [0]
в”Ҹв”Ғв”Ғв”Ғв”ів”Ғв”Ғв”Ғв”Ғв”Ғв”Ғв”Ғв”Ғв”Ғв”Ғв”Ғв”Ғв”Ғв”Ғв”ів”Ғв”Ғв”Ғв”Ғв”Ғв”Ғв”Ғв”Ғв”Ғв”Ғв”Ғв”Ғв”Ғв”Ғв”ів”Ғв”Ғв”Ғв”Ғв”Ғв”Ғв”Ғв”Ғв”ів”Ғв”Ғв”Ғв”Ғв”Ғв”Ғв”Ғв”ів”Ғв”Ғв”Ғв”Ғв”Ғв”Ғв”Ғв”“
в”ғ   в”ғ Name         в”ғ Type         в”ғ Params в”ғ Mode  в”ғ FLOPs в”ғ
в”Ўв”Ғв”Ғв”Ғв•Үв”Ғв”Ғв”Ғв”Ғв”Ғв”Ғв”Ғв”Ғв”Ғв”Ғв”Ғв”Ғв”Ғв”Ғв•Үв”Ғв”Ғв”Ғв”Ғв”Ғв”Ғв”Ғв”Ғв”Ғв”Ғв”Ғв”Ғв”Ғв”Ғв•Үв”Ғв”Ғв”Ғв”Ғв”Ғв”Ғв”Ғв”Ғв•Үв”Ғв”Ғв”Ғв”Ғв”Ғв”Ғв”Ғв•Үв”Ғв”Ғв”Ғв”Ғв”Ғв”Ғв”Ғв”©
в”Ӯ 0 в”Ӯ value_module в”Ӯ ValueNetwork в”Ӯ  182 K в”Ӯ train в”Ӯ     0 в”Ӯ
в””в”Җв”Җв”Җв”ҙв”Җв”Җв”Җв”Җв”Җв”Җв”Җв”Җв”Җв”Җв”Җв”Җв”Җв”Җв”ҙв”Җв”Җв”Җв”Җв”Җв”Җв”Җв”Җв”Җв”Җв”Җв”Җв”Җв”Җв”ҙв”Җв”Җв”Җв”Җв”Җв”Җв”Җв”Җв”ҙв”Җв”Җв”Җв”Җв”Җв”Җв”Җв”ҙв”Җв”Җв”Җв”Җв”Җв”Җв”Җв”ҳ
Trainable params: 182 K                                                         
Non-trainable params: 0                                                         
Total params: 182 K                                                             
Total estimated model params size (MB): 0.730                                   
Modules in train mode: 45                                                       
Modules in eval mode: 0                                                         
Total FLOPs: 0                                                                  
`Trainer.fit` stopped: `max_steps=15000` reached.
  seed  2: plateau=-3.377 regret=-2.498  (171s)
Seed set to 3
GPU available: True (cuda), used: True
TPU available: False, using: 0 TPU cores
рҹ’Ў Tip: For seamless cloud logging and experiment tracking, try installing [litlogger](https://pypi.org/project/litlogger/) to enable LitLogger, which logs metrics and artifacts automatically to the Lightning Experiments platform.
LOCAL_RANK: 0 - CUDA_VISIBLE_DEVICES: [0]
в”Ҹв”Ғв”Ғв”Ғв”ів”Ғв”Ғв”Ғв”Ғв”Ғв”Ғв”Ғв”Ғв”Ғв”Ғв”Ғв”Ғв”Ғв”Ғв”ів”Ғв”Ғв”Ғв”Ғв”Ғв”Ғв”Ғв”Ғв”Ғв”Ғв”Ғв”Ғв”Ғв”Ғв”ів”Ғв”Ғв”Ғв”Ғв”Ғв”Ғв”Ғв”Ғв”ів”Ғв”Ғв”Ғв”Ғв”Ғв”Ғв”Ғв”ів”Ғв”Ғв”Ғв”Ғв”Ғв”Ғв”Ғв”“
в”ғ   в”ғ Name         в”ғ Type         в”ғ Params в”ғ Mode  в”ғ FLOPs в”ғ
в”Ўв”Ғв”Ғв”Ғв•Үв”Ғв”Ғв”Ғв”Ғв”Ғв”Ғв”Ғв”Ғв”Ғв”Ғв”Ғв”Ғв”Ғв”Ғв•Үв”Ғв”Ғв”Ғв”Ғв”Ғв”Ғв”Ғв”Ғв”Ғв”Ғв”Ғв”Ғв”Ғв”Ғв•Үв”Ғв”Ғв”Ғв”Ғв”Ғв”Ғв”Ғв”Ғв•Үв”Ғв”Ғв”Ғв”Ғв”Ғв”Ғв”Ғв•Үв”Ғв”Ғв”Ғв”Ғв”Ғв”Ғв”Ғв”©
в”Ӯ 0 в”Ӯ value_module в”Ӯ ValueNetwork в”Ӯ  182 K в”Ӯ train в”Ӯ     0 в”Ӯ
в””в”Җв”Җв”Җв”ҙв”Җв”Җв”Җв”Җв”Җв”Җв”Җв”Җв”Җв”Җв”Җв”Җв”Җв”Җв”ҙв”Җв”Җв”Җв”Җв”Җв”Җв”Җв”Җв”Җв”Җв”Җв”Җв”Җв”Җв”ҙв”Җв”Җв”Җв”Җв”Җв”Җв”Җв”Җв”ҙв”Җв”Җв”Җв”Җв”Җв”Җв”Җв”ҙв”Җв”Җв”Җв”Җв”Җв”Җв”Җв”ҳ
Trainable params: 182 K                                                         
Non-trainable params: 0                                                         
Total params: 182 K                                                             
Total estimated model params size (MB): 0.730                                   
Modules in train mode: 45                                                       
Modules in eval mode: 0                                                         
Total FLOPs: 0                                                                  
`Trainer.fit` stopped: `max_steps=15000` reached.
  seed  3: plateau=-3.436 regret=-2.407  (172s)
Seed set to 4
GPU available: True (cuda), used: True
TPU available: False, using: 0 TPU cores
рҹ’Ў Tip: For seamless cloud logging and experiment tracking, try installing [litlogger](https://pypi.org/project/litlogger/) to enable LitLogger, which logs metrics and artifacts automatically to the Lightning Experiments platform.
LOCAL_RANK: 0 - CUDA_VISIBLE_DEVICES: [0]
в”Ҹв”Ғв”Ғв”Ғв”ів”Ғв”Ғв”Ғв”Ғв”Ғв”Ғв”Ғв”Ғв”Ғв”Ғв”Ғв”Ғв”Ғв”Ғв”ів”Ғв”Ғв”Ғв”Ғв”Ғв”Ғв”Ғв”Ғв”Ғв”Ғв”Ғв”Ғв”Ғв”Ғв”ів”Ғв”Ғв”Ғв”Ғв”Ғв”Ғв”Ғв”Ғв”ів”Ғв”Ғв”Ғв”Ғв”Ғв”Ғв”Ғв”ів”Ғв”Ғв”Ғв”Ғв”Ғв”Ғв”Ғв”“
в”ғ   в”ғ Name         в”ғ Type         в”ғ Params в”ғ Mode  в”ғ FLOPs в”ғ
в”Ўв”Ғв”Ғв”Ғв•Үв”Ғв”Ғв”Ғв”Ғв”Ғв”Ғв”Ғв”Ғв”Ғв”Ғв”Ғв”Ғв”Ғв”Ғв•Үв”Ғв”Ғв”Ғв”Ғв”Ғв”Ғв”Ғв”Ғв”Ғв”Ғв”Ғв”Ғв”Ғв”Ғв•Үв”Ғв”Ғв”Ғв”Ғв”Ғв”Ғв”Ғв”Ғв•Үв”Ғв”Ғв”Ғв”Ғв”Ғв”Ғв”Ғв•Үв”Ғв”Ғв”Ғв”Ғв”Ғв”Ғв”Ғв”©
в”Ӯ 0 в”Ӯ value_module в”Ӯ ValueNetwork в”Ӯ  182 K в”Ӯ train в”Ӯ     0 в”Ӯ
в””в”Җв”Җв”Җв”ҙв”Җв”Җв”Җв”Җв”Җв”Җв”Җв”Җв”Җв”Җв”Җв”Җв”Җв”Җв”ҙв”Җв”Җв”Җв”Җв”Җв”Җв”Җв”Җв”Җв”Җв”Җв”Җв”Җв”Җв”ҙв”Җв”Җв”Җв”Җв”Җв”Җв”Җв”Җв”ҙв”Җв”Җв”Җв”Җв”Җв”Җв”Җв”ҙв”Җв”Җв”Җв”Җв”Җв”Җв”Җв”ҳ
Trainable params: 182 K                                                         
Non-trainable params: 0                                                         
Total params: 182 K                                                             
Total estimated model params size (MB): 0.730                                   
Modules in train mode: 45                                                       
Modules in eval mode: 0                                                         
Total FLOPs: 0                                                                  
`Trainer.fit` stopped: `max_steps=15000` reached.
  seed  4: plateau=-2.010 regret=-1.112  (172s)
Seed set to 5
GPU available: True (cuda), used: True
TPU available: False, using: 0 TPU cores
рҹ’Ў Tip: For seamless cloud logging and experiment tracking, try installing [litlogger](https://pypi.org/project/litlogger/) to enable LitLogger, which logs metrics and artifacts automatically to the Lightning Experiments platform.
LOCAL_RANK: 0 - CUDA_VISIBLE_DEVICES: [0]
в”Ҹв”Ғв”Ғв”Ғв”ів”Ғв”Ғв”Ғв”Ғв”Ғв”Ғв”Ғв”Ғв”Ғв”Ғв”Ғв”Ғв”Ғв”Ғв”ів”Ғв”Ғв”Ғв”Ғв”Ғв”Ғв”Ғв”Ғв”Ғв”Ғв”Ғв”Ғв”Ғв”Ғв”ів”Ғв”Ғв”Ғв”Ғв”Ғв”Ғв”Ғв”Ғв”ів”Ғв”Ғв”Ғв”Ғв”Ғв”Ғв”Ғв”ів”Ғв”Ғв”Ғв”Ғв”Ғв”Ғв”Ғв”“
в”ғ   в”ғ Name         в”ғ Type         в”ғ Params в”ғ Mode  в”ғ FLOPs в”ғ
в”Ўв”Ғв”Ғв”Ғв•Үв”Ғв”Ғв”Ғв”Ғв”Ғв”Ғв”Ғв”Ғв”Ғв”Ғв”Ғв”Ғв”Ғв”Ғв•Үв”Ғв”Ғв”Ғв”Ғв”Ғв”Ғв”Ғв”Ғв”Ғв”Ғв”Ғв”Ғв”Ғв”Ғв•Үв”Ғв”Ғв”Ғв”Ғв”Ғв”Ғв”Ғв”Ғв•Үв”Ғв”Ғв”Ғв”Ғв”Ғв”Ғв”Ғв•Үв”Ғв”Ғв”Ғв”Ғв”Ғв”Ғв”Ғв”©
в”Ӯ 0 в”Ӯ value_module в”Ӯ ValueNetwork в”Ӯ  182 K в”Ӯ train в”Ӯ     0 в”Ӯ
в””в”Җв”Җв”Җв”ҙв”Җв”Җв”Җв”Җв”Җв”Җв”Җв”Җв”Җв”Җв”Җв”Җв”Җв”Җв”ҙв”Җв”Җв”Җв”Җв”Җв”Җв”Җв”Җв”Җв”Җв”Җв”Җв”Җв”Җв”ҙв”Җв”Җв”Җв”Җв”Җв”Җв”Җв”Җв”ҙв”Җв”Җв”Җв”Җв”Җв”Җв”Җв”ҙв”Җв”Җв”Җв”Җв”Җв”Җв”Җв”ҳ
Trainable params: 182 K                                                         
Non-trainable params: 0                                                         
Total params: 182 K                                                             
Total estimated model params size (MB): 0.730                                   
Modules in train mode: 45                                                       
Modules in eval mode: 0                                                         
Total FLOPs: 0                                                                  
`Trainer.fit` stopped: `max_steps=15000` reached.
  seed  5: plateau=-2.380 regret=-1.251  (173s)
Seed set to 6
GPU available: True (cuda), used: True
TPU available: False, using: 0 TPU cores
рҹ’Ў Tip: For seamless cloud logging and experiment tracking, try installing [litlogger](https://pypi.org/project/litlogger/) to enable LitLogger, which logs metrics and artifacts automatically to the Lightning Experiments platform.
LOCAL_RANK: 0 - CUDA_VISIBLE_DEVICES: [0]
в”Ҹв”Ғв”Ғв”Ғв”ів”Ғв”Ғв”Ғв”Ғв”Ғв”Ғв”Ғв”Ғв”Ғв”Ғв”Ғв”Ғв”Ғв”Ғв”ів”Ғв”Ғв”Ғв”Ғв”Ғв”Ғв”Ғв”Ғв”Ғв”Ғв”Ғв”Ғв”Ғв”Ғв”ів”Ғв”Ғв”Ғв”Ғв”Ғв”Ғв”Ғв”Ғв”ів”Ғв”Ғв”Ғв”Ғв”Ғв”Ғв”Ғв”ів”Ғв”Ғв”Ғв”Ғв”Ғв”Ғв”Ғв”“
в”ғ   в”ғ Name         в”ғ Type         в”ғ Params в”ғ Mode  в”ғ FLOPs в”ғ
в”Ўв”Ғв”Ғв”Ғв•Үв”Ғв”Ғв”Ғв”Ғв”Ғв”Ғв”Ғв”Ғв”Ғв”Ғв”Ғв”Ғв”Ғв”Ғв•Үв”Ғв”Ғв”Ғв”Ғв”Ғв”Ғв”Ғв”Ғв”Ғв”Ғв”Ғв”Ғв”Ғв”Ғв•Үв”Ғв”Ғв”Ғв”Ғв”Ғв”Ғв”Ғв”Ғв•Үв”Ғв”Ғв”Ғв”Ғв”Ғв”Ғв”Ғв•Үв”Ғв”Ғв”Ғв”Ғв”Ғв”Ғв”Ғв”©
в”Ӯ 0 в”Ӯ value_module в”Ӯ ValueNetwork в”Ӯ  182 K в”Ӯ train в”Ӯ     0 в”Ӯ
в””в”Җв”Җв”Җв”ҙв”Җв”Җв”Җв”Җв”Җв”Җв”Җв”Җв”Җв”Җв”Җв”Җв”Җв”Җв”ҙв”Җв”Җв”Җв”Җв”Җв”Җв”Җв”Җв”Җв”Җв”Җв”Җв”Җв”Җв”ҙв”Җв”Җв”Җв”Җв”Җв”Җв”Җв”Җв”ҙв”Җв”Җв”Җв”Җв”Җв”Җв”Җв”ҙв”Җв”Җв”Җв”Җв”Җв”Җв”Җв”ҳ
Trainable params: 182 K                                                         
Non-trainable params: 0                                                         
Total params: 182 K                                                             
Total estimated model params size (MB): 0.730                                   
Modules in train mode: 45                                                       
Modules in eval mode: 0                                                         
Total FLOPs: 0                                                                  
`Trainer.fit` stopped: `max_steps=15000` reached.
  seed  6: plateau=-1.598 regret=-0.900  (171s)
Seed set to 7
GPU available: True (cuda), used: True
TPU available: False, using: 0 TPU cores
рҹ’Ў Tip: For seamless cloud logging and experiment tracking, try installing [litlogger](https://pypi.org/project/litlogger/) to enable LitLogger, which logs metrics and artifacts automatically to the Lightning Experiments platform.
LOCAL_RANK: 0 - CUDA_VISIBLE_DEVICES: [0]
в”Ҹв”Ғв”Ғв”Ғв”ів”Ғв”Ғв”Ғв”Ғв”Ғв”Ғв”Ғв”Ғв”Ғв”Ғв”Ғв”Ғв”Ғв”Ғв”ів”Ғв”Ғв”Ғв”Ғв”Ғв”Ғв”Ғв”Ғв”Ғв”Ғв”Ғв”Ғв”Ғв”Ғв”ів”Ғв”Ғв”Ғв”Ғв”Ғв”Ғв”Ғв”Ғв”ів”Ғв”Ғв”Ғв”Ғв”Ғв”Ғв”Ғв”ів”Ғв”Ғв”Ғв”Ғв”Ғв”Ғв”Ғв”“
в”ғ   в”ғ Name         в”ғ Type         в”ғ Params в”ғ Mode  в”ғ FLOPs в”ғ
в”Ўв”Ғв”Ғв”Ғв•Үв”Ғв”Ғв”Ғв”Ғв”Ғв”Ғв”Ғв”Ғв”Ғв”Ғв”Ғв”Ғв”Ғв”Ғв•Үв”Ғв”Ғв”Ғв”Ғв”Ғв”Ғв”Ғв”Ғв”Ғв”Ғв”Ғв”Ғв”Ғв”Ғв•Үв”Ғв”Ғв”Ғв”Ғв”Ғв”Ғв”Ғв”Ғв•Үв”Ғв”Ғв”Ғв”Ғв”Ғв”Ғв”Ғв•Үв”Ғв”Ғв”Ғв”Ғв”Ғв”Ғв”Ғв”©
в”Ӯ 0 в”Ӯ value_module в”Ӯ ValueNetwork в”Ӯ  182 K в”Ӯ train в”Ӯ     0 в”Ӯ
в””в”Җв”Җв”Җв”ҙв”Җв”Җв”Җв”Җв”Җв”Җв”Җв”Җв”Җв”Җв”Җв”Җв”Җв”Җв”ҙв”Җв”Җв”Җв”Җв”Җв”Җв”Җв”Җв”Җв”Җв”Җв”Җв”Җв”Җв”ҙв”Җв”Җв”Җв”Җв”Җв”Җв”Җв”Җв”ҙв”Җв”Җв”Җв”Җв”Җв”Җв”Җв”ҙв”Җв”Җв”Җв”Җв”Җв”Җв”Җв”ҳ
Trainable params: 182 K                                                         
Non-trainable params: 0                                                         
Total params: 182 K                                                             
Total estimated model params size (MB): 0.730                                   
Modules in train mode: 45                                                       
Modules in eval mode: 0                                                         
Total FLOPs: 0                                                                  
`Trainer.fit` stopped: `max_steps=15000` reached.
  seed  7: plateau=-2.586 regret=-1.741  (173s)
Seed set to 8
GPU available: True (cuda), used: True
TPU available: False, using: 0 TPU cores
рҹ’Ў Tip: For seamless cloud logging and experiment tracking, try installing [litlogger](https://pypi.org/project/litlogger/) to enable LitLogger, which logs metrics and artifacts automatically to the Lightning Experiments platform.
LOCAL_RANK: 0 - CUDA_VISIBLE_DEVICES: [0]
в”Ҹв”Ғв”Ғв”Ғв”ів”Ғв”Ғв”Ғв”Ғв”Ғв”Ғв”Ғв”Ғв”Ғв”Ғв”Ғв”Ғв”Ғв”Ғв”ів”Ғв”Ғв”Ғв”Ғв”Ғв”Ғв”Ғв”Ғв”Ғв”Ғв”Ғв”Ғв”Ғв”Ғв”ів”Ғв”Ғв”Ғв”Ғв”Ғв”Ғв”Ғв”Ғв”ів”Ғв”Ғв”Ғв”Ғв”Ғв”Ғв”Ғв”ів”Ғв”Ғв”Ғв”Ғв”Ғв”Ғв”Ғв”“
в”ғ   в”ғ Name         в”ғ Type         в”ғ Params в”ғ Mode  в”ғ FLOPs в”ғ
в”Ўв”Ғв”Ғв”Ғв•Үв”Ғв”Ғв”Ғв”Ғв”Ғв”Ғв”Ғв”Ғв”Ғв”Ғв”Ғв”Ғв”Ғв”Ғв•Үв”Ғв”Ғв”Ғв”Ғв”Ғв”Ғв”Ғв”Ғв”Ғв”Ғв”Ғв”Ғв”Ғв”Ғв•Үв”Ғв”Ғв”Ғв”Ғв”Ғв”Ғв”Ғв”Ғв•Үв”Ғв”Ғв”Ғв”Ғв”Ғв”Ғв”Ғв•Үв”Ғв”Ғв”Ғв”Ғв”Ғв”Ғв”Ғв”©
в”Ӯ 0 в”Ӯ value_module в”Ӯ ValueNetwork в”Ӯ  182 K в”Ӯ train в”Ӯ     0 в”Ӯ
в””в”Җв”Җв”Җв”ҙв”Җв”Җв”Җв”Җв”Җв”Җв”Җв”Җв”Җв”Җв”Җв”Җв”Җв”Җв”ҙв”Җв”Җв”Җв”Җв”Җв”Җв”Җв”Җв”Җв”Җв”Җв”Җв”Җв”Җв”ҙв”Җв”Җв”Җв”Җв”Җв”Җв”Җв”Җв”ҙв”Җв”Җв”Җв”Җв”Җв”Җв”Җв”ҙв”Җв”Җв”Җв”Җв”Җв”Җв”Җв”ҳ
Trainable params: 182 K                                                         
Non-trainable params: 0                                                         
Total params: 182 K                                                             
Total estimated model params size (MB): 0.730                                   
Modules in train mode: 45                                                       
Modules in eval mode: 0                                                         
Total FLOPs: 0                                                                  
`Trainer.fit` stopped: `max_steps=15000` reached.
  seed  8: plateau=-2.288 regret=-1.230  (172s)
Seed set to 9
GPU available: True (cuda), used: True
TPU available: False, using: 0 TPU cores
рҹ’Ў Tip: For seamless cloud logging and experiment tracking, try installing [litlogger](https://pypi.org/project/litlogger/) to enable LitLogger, which logs metrics and artifacts automatically to the Lightning Experiments platform.
LOCAL_RANK: 0 - CUDA_VISIBLE_DEVICES: [0]
в”Ҹв”Ғв”Ғв”Ғв”ів”Ғв”Ғв”Ғв”Ғв”Ғв”Ғв”Ғв”Ғв”Ғв”Ғв”Ғв”Ғв”Ғв”Ғв”ів”Ғв”Ғв”Ғв”Ғв”Ғв”Ғв”Ғв”Ғв”Ғв”Ғв”Ғв”Ғв”Ғв”Ғв”ів”Ғв”Ғв”Ғв”Ғв”Ғв”Ғв”Ғв”Ғв”ів”Ғв”Ғв”Ғв”Ғв”Ғв”Ғв”Ғв”ів”Ғв”Ғв”Ғв”Ғв”Ғв”Ғв”Ғв”“
в”ғ   в”ғ Name         в”ғ Type         в”ғ Params в”ғ Mode  в”ғ FLOPs в”ғ
в”Ўв”Ғв”Ғв”Ғв•Үв”Ғв”Ғв”Ғв”Ғв”Ғв”Ғв”Ғв”Ғв”Ғв”Ғв”Ғв”Ғв”Ғв”Ғв•Үв”Ғв”Ғв”Ғв”Ғв”Ғв”Ғв”Ғв”Ғв”Ғв”Ғв”Ғв”Ғв”Ғв”Ғв•Үв”Ғв”Ғв”Ғв”Ғв”Ғв”Ғв”Ғв”Ғв•Үв”Ғв”Ғв”Ғв”Ғв”Ғв”Ғв”Ғв•Үв”Ғв”Ғв”Ғв”Ғв”Ғв”Ғв”Ғв”©
в”Ӯ 0 в”Ӯ value_module в”Ӯ ValueNetwork в”Ӯ  182 K в”Ӯ train в”Ӯ     0 в”Ӯ
в””в”Җв”Җв”Җв”ҙв”Җв”Җв”Җв”Җв”Җв”Җв”Җв”Җв”Җв”Җв”Җв”Җв”Җв”Җв”ҙв”Җв”Җв”Җв”Җв”Җв”Җв”Җв”Җв”Җв”Җв”Җв”Җв”Җв”Җв”ҙв”Җв”Җв”Җв”Җв”Җв”Җв”Җв”Җв”ҙв”Җв”Җв”Җв”Җв”Җв”Җв”Җв”ҙв”Җв”Җв”Җв”Җв”Җв”Җв”Җв”ҳ
Trainable params: 182 K                                                         
Non-trainable params: 0                                                         
Total params: 182 K                                                             
Total estimated model params size (MB): 0.730                                   
Modules in train mode: 45                                                       
Modules in eval mode: 0                                                         
Total FLOPs: 0                                                                  
`Trainer.fit` stopped: `max_steps=15000` reached.
  seed  9: plateau=-3.073 regret=-1.792  (162s)
DONE ancestral_mc_td_lambda_d2: {'n': 10, 'regret_mean': -1.537323023975564, 'regret_median': -1.2783841228886794, 'regret_std': 0.5538401138025367, 'regret_sem': 0.17513962191828747, 'plateau_mean': -2.525637617893517, 'opt_mean': -0.9883145939179532}
