

===== launch 11:05:58 =====
=== single_seed_mc_d256 [matched]  device=cuda  hidden=256  done=0/10 ===
  hparams={'off_policy_frac': 0.3086042679879961, 'lr': 0.0001747048214326877, 'use_grad_decay': False, 'n_steps': 37, 'mc_samples': 2, 'k': 0.004628803280784443, 'smc_type': 'kt_r', 'random_t': False}
Seed set to 0
GPU available: True (cuda), used: True
TPU available: False, using: 0 TPU cores
рҹ’Ў Tip: For seamless cloud logging and experiment tracking, try installing [litlogger](https://pypi.org/project/litlogger/) to enable LitLogger, which logs metrics and artifacts automatically to the Lightning Experiments platform.
You are using a CUDA device ('NVIDIA GeForce RTX 3090 Ti') that has Tensor Cores. To properly utilize them, you should set `torch.set_float32_matmul_precision('medium' | 'high')` which will trade-off precision for performance. For more details, read https://pytorch.org/docs/stable/generated/torch.set_float32_matmul_precision.html#torch.set_float32_matmul_precision
LOCAL_RANK: 0 - CUDA_VISIBLE_DEVICES: [0]
в”Ҹв”Ғв”Ғв”Ғв”ів”Ғв”Ғв”Ғв”Ғв”Ғв”Ғв”Ғв”Ғв”Ғв”Ғв”Ғв”Ғв”Ғв”Ғв”ів”Ғв”Ғв”Ғв”Ғв”Ғв”Ғв”Ғв”Ғв”Ғв”Ғв”Ғв”Ғв”Ғв”Ғв”ів”Ғв”Ғв”Ғв”Ғв”Ғв”Ғв”Ғв”Ғв”ів”Ғв”Ғв”Ғв”Ғв”Ғв”Ғв”Ғв”ів”Ғв”Ғв”Ғв”Ғв”Ғв”Ғв”Ғв”“
в”ғ   в”ғ Name         в”ғ Type         в”ғ Params в”ғ Mode  в”ғ FLOPs в”ғ
в”Ўв”Ғв”Ғв”Ғв•Үв”Ғв”Ғв”Ғв”Ғв”Ғв”Ғв”Ғв”Ғв”Ғв”Ғв”Ғв”Ғв”Ғв”Ғв•Үв”Ғв”Ғв”Ғв”Ғв”Ғв”Ғв”Ғв”Ғв”Ғв”Ғв”Ғв”Ғв”Ғв”Ғв•Үв”Ғв”Ғв”Ғв”Ғв”Ғв”Ғв”Ғв”Ғв•Үв”Ғв”Ғв”Ғв”Ғв”Ғв”Ғв”Ғв•Үв”Ғв”Ғв”Ғв”Ғв”Ғв”Ғв”Ғв”©
в”Ӯ 0 в”Ӯ value_module в”Ӯ ValueNetwork в”Ӯ  3.0 M в”Ӯ train в”Ӯ     0 в”Ӯ
в””в”Җв”Җв”Җв”ҙв”Җв”Җв”Җв”Җв”Җв”Җв”Җв”Җв”Җв”Җв”Җв”Җв”Җв”Җв”ҙв”Җв”Җв”Җв”Җв”Җв”Җв”Җв”Җв”Җв”Җв”Җв”Җв”Җв”Җв”ҙв”Җв”Җв”Җв”Җв”Җв”Җв”Җв”Җв”ҙв”Җв”Җв”Җв”Җв”Җв”Җв”Җв”ҙв”Җв”Җв”Җв”Җв”Җв”Җв”Җв”ҳ
Trainable params: 3.0 M                                                         
Non-trainable params: 0                                                         
Total params: 3.0 M                                                             
Total estimated model params size (MB): 11.831                                  
Modules in train mode: 45                                                       
Modules in eval mode: 0                                                         
Total FLOPs: 0                                                                  
/home/dlibland/dev/diffusion_rl/.venv/lib/python3.12/site-packages/lightning/pytorch/utilities/_pytree.py:21: `isinstance(treespec, LeafSpec)` is deprecated, use `isinstance(treespec, TreeSpec) and treespec.is_leaf()` instead.
/home/dlibland/dev/diffusion_rl/.venv/lib/python3.12/site-packages/lightning/pytorch/trainer/connectors/data_connector.py:434: The 'train_dataloader' does not have many workers which may be a bottleneck. Consider increasing the value of the `num_workers` argument` to `num_workers=31` in the `DataLoader` to improve performance.
/home/dlibland/dev/diffusion_rl/.venv/lib/python3.12/site-packages/lightning/pytorch/trainer/connectors/data_connector.py:434: The 'val_dataloader' does not have many workers which may be a bottleneck. Consider increasing the value of the `num_workers` argument` to `num_workers=31` in the `DataLoader` to improve performance.
`Trainer.fit` stopped: `max_steps=15000` reached.
  seed  0: plateau=-9.839 regret=-0.521  (175s)
Seed set to 1
GPU available: True (cuda), used: True
TPU available: False, using: 0 TPU cores
рҹ’Ў Tip: For seamless cloud logging and experiment tracking, try installing [litlogger](https://pypi.org/project/litlogger/) to enable LitLogger, which logs metrics and artifacts automatically to the Lightning Experiments platform.
LOCAL_RANK: 0 - CUDA_VISIBLE_DEVICES: [0]
в”Ҹв”Ғв”Ғв”Ғв”ів”Ғв”Ғв”Ғв”Ғв”Ғв”Ғв”Ғв”Ғв”Ғв”Ғв”Ғв”Ғв”Ғв”Ғв”ів”Ғв”Ғв”Ғв”Ғв”Ғв”Ғв”Ғв”Ғв”Ғв”Ғв”Ғв”Ғв”Ғв”Ғв”ів”Ғв”Ғв”Ғв”Ғв”Ғв”Ғв”Ғв”Ғв”ів”Ғв”Ғв”Ғв”Ғв”Ғв”Ғв”Ғв”ів”Ғв”Ғв”Ғв”Ғв”Ғв”Ғв”Ғв”“
в”ғ   в”ғ Name         в”ғ Type         в”ғ Params в”ғ Mode  в”ғ FLOPs в”ғ
в”Ўв”Ғв”Ғв”Ғв•Үв”Ғв”Ғв”Ғв”Ғв”Ғв”Ғв”Ғв”Ғв”Ғв”Ғв”Ғв”Ғв”Ғв”Ғв•Үв”Ғв”Ғв”Ғв”Ғв”Ғв”Ғв”Ғв”Ғв”Ғв”Ғв”Ғв”Ғв”Ғв”Ғв•Үв”Ғв”Ғв”Ғв”Ғв”Ғв”Ғв”Ғв”Ғв•Үв”Ғв”Ғв”Ғв”Ғв”Ғв”Ғв”Ғв•Үв”Ғв”Ғв”Ғв”Ғв”Ғв”Ғв”Ғв”©
в”Ӯ 0 в”Ӯ value_module в”Ӯ ValueNetwork в”Ӯ  3.0 M в”Ӯ train в”Ӯ     0 в”Ӯ
в””в”Җв”Җв”Җв”ҙв”Җв”Җв”Җв”Җв”Җв”Җв”Җв”Җв”Җв”Җв”Җв”Җв”Җв”Җв”ҙв”Җв”Җв”Җв”Җв”Җв”Җв”Җв”Җв”Җв”Җв”Җв”Җв”Җв”Җв”ҙв”Җв”Җв”Җв”Җв”Җв”Җв”Җв”Җв”ҙв”Җв”Җв”Җв”Җв”Җв”Җв”Җв”ҙв”Җв”Җв”Җв”Җв”Җв”Җв”Җв”ҳ
Trainable params: 3.0 M                                                         
Non-trainable params: 0                                                         
Total params: 3.0 M                                                             
Total estimated model params size (MB): 11.831                                  
Modules in train mode: 45                                                       
Modules in eval mode: 0                                                         
Total FLOPs: 0                                                                  
`Trainer.fit` stopped: `max_steps=15000` reached.
  seed  1: plateau=-9.864 regret=-0.500  (200s)
Seed set to 2
GPU available: True (cuda), used: True
TPU available: False, using: 0 TPU cores
рҹ’Ў Tip: For seamless cloud logging and experiment tracking, try installing [litlogger](https://pypi.org/project/litlogger/) to enable LitLogger, which logs metrics and artifacts automatically to the Lightning Experiments platform.
LOCAL_RANK: 0 - CUDA_VISIBLE_DEVICES: [0]
в”Ҹв”Ғв”Ғв”Ғв”ів”Ғв”Ғв”Ғв”Ғв”Ғв”Ғв”Ғв”Ғв”Ғв”Ғв”Ғв”Ғв”Ғв”Ғв”ів”Ғв”Ғв”Ғв”Ғв”Ғв”Ғв”Ғв”Ғв”Ғв”Ғв”Ғв”Ғв”Ғв”Ғв”ів”Ғв”Ғв”Ғв”Ғв”Ғв”Ғв”Ғв”Ғв”ів”Ғв”Ғв”Ғв”Ғв”Ғв”Ғв”Ғв”ів”Ғв”Ғв”Ғв”Ғв”Ғв”Ғв”Ғв”“
в”ғ   в”ғ Name         в”ғ Type         в”ғ Params в”ғ Mode  в”ғ FLOPs в”ғ
в”Ўв”Ғв”Ғв”Ғв•Үв”Ғв”Ғв”Ғв”Ғв”Ғв”Ғв”Ғв”Ғв”Ғв”Ғв”Ғв”Ғв”Ғв”Ғв•Үв”Ғв”Ғв”Ғв”Ғв”Ғв”Ғв”Ғв”Ғв”Ғв”Ғв”Ғв”Ғв”Ғв”Ғв•Үв”Ғв”Ғв”Ғв”Ғв”Ғв”Ғв”Ғв”Ғв•Үв”Ғв”Ғв”Ғв”Ғв”Ғв”Ғв”Ғв•Үв”Ғв”Ғв”Ғв”Ғв”Ғв”Ғв”Ғв”©
в”Ӯ 0 в”Ӯ value_module в”Ӯ ValueNetwork в”Ӯ  3.0 M в”Ӯ train в”Ӯ     0 в”Ӯ
в””в”Җв”Җв”Җв”ҙв”Җв”Җв”Җв”Җв”Җв”Җв”Җв”Җв”Җв”Җв”Җв”Җв”Җв”Җв”ҙв”Җв”Җв”Җв”Җв”Җв”Җв”Җв”Җв”Җв”Җв”Җв”Җв”Җв”Җв”ҙв”Җв”Җв”Җв”Җв”Җв”Җв”Җв”Җв”ҙв”Җв”Җв”Җв”Җв”Җв”Җв”Җв”ҙв”Җв”Җв”Җв”Җв”Җв”Җв”Җв”ҳ
Trainable params: 3.0 M                                                         
Non-trainable params: 0                                                         
Total params: 3.0 M                                                             
Total estimated model params size (MB): 11.831                                  
Modules in train mode: 45                                                       
Modules in eval mode: 0                                                         
Total FLOPs: 0                                                                  
`Trainer.fit` stopped: `max_steps=15000` reached.
  seed  2: plateau=-9.522 regret=-0.922  (200s)
Seed set to 3
GPU available: True (cuda), used: True
TPU available: False, using: 0 TPU cores
рҹ’Ў Tip: For seamless cloud logging and experiment tracking, try installing [litlogger](https://pypi.org/project/litlogger/) to enable LitLogger, which logs metrics and artifacts automatically to the Lightning Experiments platform.
LOCAL_RANK: 0 - CUDA_VISIBLE_DEVICES: [0]
в”Ҹв”Ғв”Ғв”Ғв”ів”Ғв”Ғв”Ғв”Ғв”Ғв”Ғв”Ғв”Ғв”Ғв”Ғв”Ғв”Ғв”Ғв”Ғв”ів”Ғв”Ғв”Ғв”Ғв”Ғв”Ғв”Ғв”Ғв”Ғв”Ғв”Ғв”Ғв”Ғв”Ғв”ів”Ғв”Ғв”Ғв”Ғв”Ғв”Ғв”Ғв”Ғв”ів”Ғв”Ғв”Ғв”Ғв”Ғв”Ғв”Ғв”ів”Ғв”Ғв”Ғв”Ғв”Ғв”Ғв”Ғв”“
в”ғ   в”ғ Name         в”ғ Type         в”ғ Params в”ғ Mode  в”ғ FLOPs в”ғ
в”Ўв”Ғв”Ғв”Ғв•Үв”Ғв”Ғв”Ғв”Ғв”Ғв”Ғв”Ғв”Ғв”Ғв”Ғв”Ғв”Ғв”Ғв”Ғв•Үв”Ғв”Ғв”Ғв”Ғв”Ғв”Ғв”Ғв”Ғв”Ғв”Ғв”Ғв”Ғв”Ғв”Ғв•Үв”Ғв”Ғв”Ғв”Ғв”Ғв”Ғв”Ғв”Ғв•Үв”Ғв”Ғв”Ғв”Ғв”Ғв”Ғв”Ғв•Үв”Ғв”Ғв”Ғв”Ғв”Ғв”Ғв”Ғв”©
в”Ӯ 0 в”Ӯ value_module в”Ӯ ValueNetwork в”Ӯ  3.0 M в”Ӯ train в”Ӯ     0 в”Ӯ
в””в”Җв”Җв”Җв”ҙв”Җв”Җв”Җв”Җв”Җв”Җв”Җв”Җв”Җв”Җв”Җв”Җв”Җв”Җв”ҙв”Җв”Җв”Җв”Җв”Җв”Җв”Җв”Җв”Җв”Җв”Җв”Җв”Җв”Җв”ҙв”Җв”Җв”Җв”Җв”Җв”Җв”Җв”Җв”ҙв”Җв”Җв”Җв”Җв”Җв”Җв”Җв”ҙв”Җв”Җв”Җв”Җв”Җв”Җв”Җв”ҳ
Trainable params: 3.0 M                                                         
Non-trainable params: 0                                                         
Total params: 3.0 M                                                             
Total estimated model params size (MB): 11.831                                  
Modules in train mode: 45                                                       
Modules in eval mode: 0                                                         
Total FLOPs: 0                                                                  
`Trainer.fit` stopped: `max_steps=15000` reached.
  seed  3: plateau=-9.946 regret=-0.403  (200s)
Seed set to 4
GPU available: True (cuda), used: True
TPU available: False, using: 0 TPU cores
рҹ’Ў Tip: For seamless cloud logging and experiment tracking, try installing [litlogger](https://pypi.org/project/litlogger/) to enable LitLogger, which logs metrics and artifacts automatically to the Lightning Experiments platform.
LOCAL_RANK: 0 - CUDA_VISIBLE_DEVICES: [0]
в”Ҹв”Ғв”Ғв”Ғв”ів”Ғв”Ғв”Ғв”Ғв”Ғв”Ғв”Ғв”Ғв”Ғв”Ғв”Ғв”Ғв”Ғв”Ғв”ів”Ғв”Ғв”Ғв”Ғв”Ғв”Ғв”Ғв”Ғв”Ғв”Ғв”Ғв”Ғв”Ғв”Ғв”ів”Ғв”Ғв”Ғв”Ғв”Ғв”Ғв”Ғв”Ғв”ів”Ғв”Ғв”Ғв”Ғв”Ғв”Ғв”Ғв”ів”Ғв”Ғв”Ғв”Ғв”Ғв”Ғв”Ғв”“
в”ғ   в”ғ Name         в”ғ Type         в”ғ Params в”ғ Mode  в”ғ FLOPs в”ғ
в”Ўв”Ғв”Ғв”Ғв•Үв”Ғв”Ғв”Ғв”Ғв”Ғв”Ғв”Ғв”Ғв”Ғв”Ғв”Ғв”Ғв”Ғв”Ғв•Үв”Ғв”Ғв”Ғв”Ғв”Ғв”Ғв”Ғв”Ғв”Ғв”Ғв”Ғв”Ғв”Ғв”Ғв•Үв”Ғв”Ғв”Ғв”Ғв”Ғв”Ғв”Ғв”Ғв•Үв”Ғв”Ғв”Ғв”Ғв”Ғв”Ғв”Ғв•Үв”Ғв”Ғв”Ғв”Ғв”Ғв”Ғв”Ғв”©
в”Ӯ 0 в”Ӯ value_module в”Ӯ ValueNetwork в”Ӯ  3.0 M в”Ӯ train в”Ӯ     0 в”Ӯ
в””в”Җв”Җв”Җв”ҙв”Җв”Җв”Җв”Җв”Җв”Җв”Җв”Җв”Җв”Җв”Җв”Җв”Җв”Җв”ҙв”Җв”Җв”Җв”Җв”Җв”Җв”Җв”Җв”Җв”Җв”Җв”Җв”Җв”Җв”ҙв”Җв”Җв”Җв”Җв”Җв”Җв”Җв”Җв”ҙв”Җв”Җв”Җв”Җв”Җв”Җв”Җв”ҙв”Җв”Җв”Җв”Җв”Җв”Җв”Җв”ҳ
Trainable params: 3.0 M                                                         
Non-trainable params: 0                                                         
Total params: 3.0 M                                                             
Total estimated model params size (MB): 11.831                                  
Modules in train mode: 45                                                       
Modules in eval mode: 0                                                         
Total FLOPs: 0                                                                  
`Trainer.fit` stopped: `max_steps=15000` reached.
  seed  4: plateau=-9.432 regret=-0.702  (201s)
Seed set to 5
GPU available: True (cuda), used: True
TPU available: False, using: 0 TPU cores
рҹ’Ў Tip: For seamless cloud logging and experiment tracking, try installing [litlogger](https://pypi.org/project/litlogger/) to enable LitLogger, which logs metrics and artifacts automatically to the Lightning Experiments platform.
LOCAL_RANK: 0 - CUDA_VISIBLE_DEVICES: [0]
в”Ҹв”Ғв”Ғв”Ғв”ів”Ғв”Ғв”Ғв”Ғв”Ғв”Ғв”Ғв”Ғв”Ғв”Ғв”Ғв”Ғв”Ғв”Ғв”ів”Ғв”Ғв”Ғв”Ғв”Ғв”Ғв”Ғв”Ғв”Ғв”Ғв”Ғв”Ғв”Ғв”Ғв”ів”Ғв”Ғв”Ғв”Ғв”Ғв”Ғв”Ғв”Ғв”ів”Ғв”Ғв”Ғв”Ғв”Ғв”Ғв”Ғв”ів”Ғв”Ғв”Ғв”Ғв”Ғв”Ғв”Ғв”“
в”ғ   в”ғ Name         в”ғ Type         в”ғ Params в”ғ Mode  в”ғ FLOPs в”ғ
в”Ўв”Ғв”Ғв”Ғв•Үв”Ғв”Ғв”Ғв”Ғв”Ғв”Ғв”Ғв”Ғв”Ғв”Ғв”Ғв”Ғв”Ғв”Ғв•Үв”Ғв”Ғв”Ғв”Ғв”Ғв”Ғв”Ғв”Ғв”Ғв”Ғв”Ғв”Ғв”Ғв”Ғв•Үв”Ғв”Ғв”Ғв”Ғв”Ғв”Ғв”Ғв”Ғв•Үв”Ғв”Ғв”Ғв”Ғв”Ғв”Ғв”Ғв•Үв”Ғв”Ғв”Ғв”Ғв”Ғв”Ғв”Ғв”©
в”Ӯ 0 в”Ӯ value_module в”Ӯ ValueNetwork в”Ӯ  3.0 M в”Ӯ train в”Ӯ     0 в”Ӯ
в””в”Җв”Җв”Җв”ҙв”Җв”Җв”Җв”Җв”Җв”Җв”Җв”Җв”Җв”Җв”Җв”Җв”Җв”Җв”ҙв”Җв”Җв”Җв”Җв”Җв”Җв”Җв”Җв”Җв”Җв”Җв”Җв”Җв”Җв”ҙв”Җв”Җв”Җв”Җв”Җв”Җв”Җв”Җв”ҙв”Җв”Җв”Җв”Җв”Җв”Җв”Җв”ҙв”Җв”Җв”Җв”Җв”Җв”Җв”Җв”ҳ
Trainable params: 3.0 M                                                         
Non-trainable params: 0                                                         
Total params: 3.0 M                                                             
Total estimated model params size (MB): 11.831                                  
Modules in train mode: 45                                                       
Modules in eval mode: 0                                                         
Total FLOPs: 0                                                                  
`Trainer.fit` stopped: `max_steps=15000` reached.
  seed  5: plateau=-9.861 regret=-0.496  (201s)
Seed set to 6
GPU available: True (cuda), used: True
TPU available: False, using: 0 TPU cores
рҹ’Ў Tip: For seamless cloud logging and experiment tracking, try installing [litlogger](https://pypi.org/project/litlogger/) to enable LitLogger, which logs metrics and artifacts automatically to the Lightning Experiments platform.
LOCAL_RANK: 0 - CUDA_VISIBLE_DEVICES: [0]
в”Ҹв”Ғв”Ғв”Ғв”ів”Ғв”Ғв”Ғв”Ғв”Ғв”Ғв”Ғв”Ғв”Ғв”Ғв”Ғв”Ғв”Ғв”Ғв”ів”Ғв”Ғв”Ғв”Ғв”Ғв”Ғв”Ғв”Ғв”Ғв”Ғв”Ғв”Ғв”Ғв”Ғв”ів”Ғв”Ғв”Ғв”Ғв”Ғв”Ғв”Ғв”Ғв”ів”Ғв”Ғв”Ғв”Ғв”Ғв”Ғв”Ғв”ів”Ғв”Ғв”Ғв”Ғв”Ғв”Ғв”Ғв”“
в”ғ   в”ғ Name         в”ғ Type         в”ғ Params в”ғ Mode  в”ғ FLOPs в”ғ
в”Ўв”Ғв”Ғв”Ғв•Үв”Ғв”Ғв”Ғв”Ғв”Ғв”Ғв”Ғв”Ғв”Ғв”Ғв”Ғв”Ғв”Ғв”Ғв•Үв”Ғв”Ғв”Ғв”Ғв”Ғв”Ғв”Ғв”Ғв”Ғв”Ғв”Ғв”Ғв”Ғв”Ғв•Үв”Ғв”Ғв”Ғв”Ғв”Ғв”Ғв”Ғв”Ғв•Үв”Ғв”Ғв”Ғв”Ғв”Ғв”Ғв”Ғв•Үв”Ғв”Ғв”Ғв”Ғв”Ғв”Ғв”Ғв”©
в”Ӯ 0 в”Ӯ value_module в”Ӯ ValueNetwork в”Ӯ  3.0 M в”Ӯ train в”Ӯ     0 в”Ӯ
в””в”Җв”Җв”Җв”ҙв”Җв”Җв”Җв”Җв”Җв”Җв”Җв”Җв”Җв”Җв”Җв”Җв”Җв”Җв”ҙв”Җв”Җв”Җв”Җв”Җв”Җв”Җв”Җв”Җв”Җв”Җв”Җв”Җв”Җв”ҙв”Җв”Җв”Җв”Җв”Җв”Җв”Җв”Җв”ҙв”Җв”Җв”Җв”Җв”Җв”Җв”Җв”ҙв”Җв”Җв”Җв”Җв”Җв”Җв”Җв”ҳ
Trainable params: 3.0 M                                                         
Non-trainable params: 0                                                         
Total params: 3.0 M                                                             
Total estimated model params size (MB): 11.831                                  
Modules in train mode: 45                                                       
Modules in eval mode: 0                                                         
Total FLOPs: 0                                                                  
`Trainer.fit` stopped: `max_steps=15000` reached.
  seed  6: plateau=-9.829 regret=-0.434  (201s)
Seed set to 7
GPU available: True (cuda), used: True
TPU available: False, using: 0 TPU cores
рҹ’Ў Tip: For seamless cloud logging and experiment tracking, try installing [litlogger](https://pypi.org/project/litlogger/) to enable LitLogger, which logs metrics and artifacts automatically to the Lightning Experiments platform.
LOCAL_RANK: 0 - CUDA_VISIBLE_DEVICES: [0]
в”Ҹв”Ғв”Ғв”Ғв”ів”Ғв”Ғв”Ғв”Ғв”Ғв”Ғв”Ғв”Ғв”Ғв”Ғв”Ғв”Ғв”Ғв”Ғв”ів”Ғв”Ғв”Ғв”Ғв”Ғв”Ғв”Ғв”Ғв”Ғв”Ғв”Ғв”Ғв”Ғв”Ғв”ів”Ғв”Ғв”Ғв”Ғв”Ғв”Ғв”Ғв”Ғв”ів”Ғв”Ғв”Ғв”Ғв”Ғв”Ғв”Ғв”ів”Ғв”Ғв”Ғв”Ғв”Ғв”Ғв”Ғв”“
в”ғ   в”ғ Name         в”ғ Type         в”ғ Params в”ғ Mode  в”ғ FLOPs в”ғ
в”Ўв”Ғв”Ғв”Ғв•Үв”Ғв”Ғв”Ғв”Ғв”Ғв”Ғв”Ғв”Ғв”Ғв”Ғв”Ғв”Ғв”Ғв”Ғв•Үв”Ғв”Ғв”Ғв”Ғв”Ғв”Ғв”Ғв”Ғв”Ғв”Ғв”Ғв”Ғв”Ғв”Ғв•Үв”Ғв”Ғв”Ғв”Ғв”Ғв”Ғв”Ғв”Ғв•Үв”Ғв”Ғв”Ғв”Ғв”Ғв”Ғв”Ғв•Үв”Ғв”Ғв”Ғв”Ғв”Ғв”Ғв”Ғв”©
в”Ӯ 0 в”Ӯ value_module в”Ӯ ValueNetwork в”Ӯ  3.0 M в”Ӯ train в”Ӯ     0 в”Ӯ
в””в”Җв”Җв”Җв”ҙв”Җв”Җв”Җв”Җв”Җв”Җв”Җв”Җв”Җв”Җв”Җв”Җв”Җв”Җв”ҙв”Җв”Җв”Җв”Җв”Җв”Җв”Җв”Җв”Җв”Җв”Җв”Җв”Җв”Җв”ҙв”Җв”Җв”Җв”Җв”Җв”Җв”Җв”Җв”ҙв”Җв”Җв”Җв”Җв”Җв”Җв”Җв”ҙв”Җв”Җв”Җв”Җв”Җв”Җв”Җв”ҳ
Trainable params: 3.0 M                                                         
Non-trainable params: 0                                                         
Total params: 3.0 M                                                             
Total estimated model params size (MB): 11.831                                  
Modules in train mode: 45                                                       
Modules in eval mode: 0                                                         
Total FLOPs: 0                                                                  
`Trainer.fit` stopped: `max_steps=15000` reached.
  seed  7: plateau=-9.073 regret=-0.303  (200s)
Seed set to 8
GPU available: True (cuda), used: True
TPU available: False, using: 0 TPU cores
рҹ’Ў Tip: For seamless cloud logging and experiment tracking, try installing [litlogger](https://pypi.org/project/litlogger/) to enable LitLogger, which logs metrics and artifacts automatically to the Lightning Experiments platform.
LOCAL_RANK: 0 - CUDA_VISIBLE_DEVICES: [0]
в”Ҹв”Ғв”Ғв”Ғв”ів”Ғв”Ғв”Ғв”Ғв”Ғв”Ғв”Ғв”Ғв”Ғв”Ғв”Ғв”Ғв”Ғв”Ғв”ів”Ғв”Ғв”Ғв”Ғв”Ғв”Ғв”Ғв”Ғв”Ғв”Ғв”Ғв”Ғв”Ғв”Ғв”ів”Ғв”Ғв”Ғв”Ғв”Ғв”Ғв”Ғв”Ғв”ів”Ғв”Ғв”Ғв”Ғв”Ғв”Ғв”Ғв”ів”Ғв”Ғв”Ғв”Ғв”Ғв”Ғв”Ғв”“
в”ғ   в”ғ Name         в”ғ Type         в”ғ Params в”ғ Mode  в”ғ FLOPs в”ғ
в”Ўв”Ғв”Ғв”Ғв•Үв”Ғв”Ғв”Ғв”Ғв”Ғв”Ғв”Ғв”Ғв”Ғв”Ғв”Ғв”Ғв”Ғв”Ғв•Үв”Ғв”Ғв”Ғв”Ғв”Ғв”Ғв”Ғв”Ғв”Ғв”Ғв”Ғв”Ғв”Ғв”Ғв•Үв”Ғв”Ғв”Ғв”Ғв”Ғв”Ғв”Ғв”Ғв•Үв”Ғв”Ғв”Ғв”Ғв”Ғв”Ғв”Ғв•Үв”Ғв”Ғв”Ғв”Ғв”Ғв”Ғв”Ғв”©
в”Ӯ 0 в”Ӯ value_module в”Ӯ ValueNetwork в”Ӯ  3.0 M в”Ӯ train в”Ӯ     0 в”Ӯ
в””в”Җв”Җв”Җв”ҙв”Җв”Җв”Җв”Җв”Җв”Җв”Җв”Җв”Җв”Җв”Җв”Җв”Җв”Җв”ҙв”Җв”Җв”Җв”Җв”Җв”Җв”Җв”Җв”Җв”Җв”Җв”Җв”Җв”Җв”ҙв”Җв”Җв”Җв”Җв”Җв”Җв”Җв”Җв”ҙв”Җв”Җв”Җв”Җв”Җв”Җв”Җв”ҙв”Җв”Җв”Җв”Җв”Җв”Җв”Җв”ҳ
Trainable params: 3.0 M                                                         
Non-trainable params: 0                                                         
Total params: 3.0 M                                                             
Total estimated model params size (MB): 11.831                                  
Modules in train mode: 45                                                       
Modules in eval mode: 0                                                         
Total FLOPs: 0                                                                  
`Trainer.fit` stopped: `max_steps=15000` reached.
  seed  8: plateau=-9.835 regret=-0.490  (201s)
Seed set to 9
GPU available: True (cuda), used: True
TPU available: False, using: 0 TPU cores
рҹ’Ў Tip: For seamless cloud logging and experiment tracking, try installing [litlogger](https://pypi.org/project/litlogger/) to enable LitLogger, which logs metrics and artifacts automatically to the Lightning Experiments platform.
LOCAL_RANK: 0 - CUDA_VISIBLE_DEVICES: [0]
в”Ҹв”Ғв”Ғв”Ғв”ів”Ғв”Ғв”Ғв”Ғв”Ғв”Ғв”Ғв”Ғв”Ғв”Ғв”Ғв”Ғв”Ғв”Ғв”ів”Ғв”Ғв”Ғв”Ғв”Ғв”Ғв”Ғв”Ғв”Ғв”Ғв”Ғв”Ғв”Ғв”Ғв”ів”Ғв”Ғв”Ғв”Ғв”Ғв”Ғв”Ғв”Ғв”ів”Ғв”Ғв”Ғв”Ғв”Ғв”Ғв”Ғв”ів”Ғв”Ғв”Ғв”Ғв”Ғв”Ғв”Ғв”“
в”ғ   в”ғ Name         в”ғ Type         в”ғ Params в”ғ Mode  в”ғ FLOPs в”ғ
в”Ўв”Ғв”Ғв”Ғв•Үв”Ғв”Ғв”Ғв”Ғв”Ғв”Ғв”Ғв”Ғв”Ғв”Ғв”Ғв”Ғв”Ғв”Ғв•Үв”Ғв”Ғв”Ғв”Ғв”Ғв”Ғв”Ғв”Ғв”Ғв”Ғв”Ғв”Ғв”Ғв”Ғв•Үв”Ғв”Ғв”Ғв”Ғв”Ғв”Ғв”Ғв”Ғв•Үв”Ғв”Ғв”Ғв”Ғв”Ғв”Ғв”Ғв•Үв”Ғв”Ғв”Ғв”Ғв”Ғв”Ғв”Ғв”©
в”Ӯ 0 в”Ӯ value_module в”Ӯ ValueNetwork в”Ӯ  3.0 M в”Ӯ train в”Ӯ     0 в”Ӯ
в””в”Җв”Җв”Җв”ҙв”Җв”Җв”Җв”Җв”Җв”Җв”Җв”Җв”Җв”Җв”Җв”Җв”Җв”Җв”ҙв”Җв”Җв”Җв”Җв”Җв”Җв”Җв”Җв”Җв”Җв”Җв”Җв”Җв”Җв”ҙв”Җв”Җв”Җв”Җв”Җв”Җв”Җв”Җв”ҙв”Җв”Җв”Җв”Җв”Җв”Җв”Җв”ҙв”Җв”Җв”Җв”Җв”Җв”Җв”Җв”ҳ
Trainable params: 3.0 M                                                         
Non-trainable params: 0                                                         
Total params: 3.0 M                                                             
Total estimated model params size (MB): 11.831                                  
Modules in train mode: 45                                                       
Modules in eval mode: 0                                                         
Total FLOPs: 0                                                                  
`Trainer.fit` stopped: `max_steps=15000` reached.
  seed  9: plateau=-9.673 regret=-0.476  (201s)
DONE single_seed_mc_d256: {'n': 10, 'regret_mean': -0.5247272116749704, 'regret_median': -0.4929616887476653, 'regret_std': 0.17196772526083182, 'regret_sem': 0.05438096958623019, 'plateau_mean': -9.687323884665966, 'opt_mean': -9.162596672990997}
